328,548
301,476
302,473
301,471
301,468
302,464
301,461
301,463
301,462
302,463
301,462
301,463
301,463
301,463
301,463
302,463
302,464
302,465
302,464
302,467
302,467
303,468
302,467
302,470
303,470
303,472
303,469
302,471
303,472
303,474
303,476
303,475
303,476
303,477
303,477
303,476
304,475
304,477
303,477
304,477
303,478
303,479
303,479
304,477
304,478
304,480
304,480
304,480
304,480
304,481
304,481
304,481
304,480
304,482
304,481
304,481
304,480
304,481
305,482
304,480
305,480
304,481
304,482
304,481
304,482
304,482
304,482
304,480
304,481
304,481
304,482
305,480
305,481
305,481
305,482
304,482
305,480
304,481
305,481
305,481
305,480
305,480
304,480
305,480
305,479
305,479
305,480
305,479
305,480
305,480
305,479
305,480
305,479
305,478
305,479
305,479
305,479
305,478
305,478
305,479
306,478
305,477
306,476
305,476
305,475
306,475
305,476
305,474
305,474
305,474
306,473
305,473
306,473
305,473
305,472
305,472
305,473
305,472
305,471
305,472
305,472
305,471
305,471
306,470
305,470
305,469
305,469
305,469
305,468
306,470
306,470
305,470
305,470
305,471
305,471
306,469
305,470
305,470
306,470
305,468
306,470
306,470
306,469
305,469
305,469
305,469
306,469
305,469
305,466
305,470
305,470
305,469
305,469
305,469
306,470
305,468
305,469
305,467
305,468
305,468
304,467
305,468
305,469
305,468
305,468
305,468
305,468
305,468
305,468
305,467
305,468
305,467
305,467
305,467
305,467
304,467
305,467
304,465
305,466
305,466
305,466
304,464
305,464
304,466
305,465
304,465
304,466
305,466
304,465
305,464
305,464
305,465
305,464
304,463
305,463
305,462
305,462
305,462
305,462
305,463
308,492
305,458
305,458
305,460
305,461
305,460
304,460
305,459
305,460
305,460
305,460
305,460
304,460
305,460
305,460
305,459
305,461
305,460
305,458
305,459
305,460
305,460
305,458
305,459
305,459
304,457
305,458
304,457
305,459
304,456
305,458
305,457
305,457
305,458
304,457
305,457
305,457
305,459
305,457
305,458
305,458
305,459
305,458
305,457
305,456
305,458
305,456
305,455
306,454
305,455
305,456
305,454
305,454
305,456
305,455
305,455
305,454
305,455
306,455
305,455
305,453
305,453
305,455
305,455
305,453
305,454
305,454
305,454
306,454
305,455
305,456
305,456
305,454
305,454
305,455
305,453
305,454
304,454
305,453
305,453
305,451
306,452
305,453
305,453
305,453
305,452
305,452
305,453
305,452
305,452
305,453
305,454
305,454
305,452
305,451
304,453
305,450
305,452
305,452
305,454
305,453
305,452
305,455
305,455
305,455
305,456
304,456
305,457
305,457
304,456
305,457
305,459
305,462
305,461
305,461
305,461
305,462
305,464
305,462
305,465
305,464
305,465
305,466
305,466
306,467
305,467
305,468
305,468
305,470
305,470
305,471
305,471
304,473
304,474
305,472
305,473
306,472
305,472
305,472
305,471
305,472
305,472
305,471
305,470
305,471
305,472
305,472
306,473
305,473
305,474
305,472
305,472
305,472
305,473
305,473
305,472
305,470
305,472
305,472
306,471
305,471
305,470
305,472
305,471
306,470
305,470
305,470
305,469
305,468
305,468
305,467
305,467
305,466
305,467
305,467
305,466
305,465
305,466
305,465
305,463
306,460
306,460
305,459
305,459
305,457
305,456
305,456
305,455
306,452
305,451
305,448
305,448
305,447
305,444
305,443
305,443
304,440
305,439
305,437
305,438
305,435
305,436
308,456
305,428
305,428
305,426
305,426
305,426
305,426
305,424
304,422
305,425
305,425
305,425
305,425
305,426
305,426
305,426
305,425
305,425
305,428
306,429
306,427
305,428
305,429
305,431
304,430
306,430
305,430
306,432
305,431
305,434
305,435
305,434
305,433
305,434
305,435
305,436
305,434
305,435
305,435
304,437
305,436
305,435
304,437
304,437
304,436
305,436
304,436
306,438
305,437
305,438
305,437
305,439
305,438
304,437
304,438
305,439
305,441
305,438
305,439
305,440
305,439
305,439
305,439
305,440
305,439
305,440
304,439
305,439
304,438
305,436
304,438
306,437
304,437
305,437
305,436
305,436
305,436
305,435
304,432
305,431
305,431
305,430
304,430
305,428
305,428
305,427
305,425
305,424
304,425
305,422
305,424
305,422
305,422
306,422
305,421
305,420
305,421
304,422
305,421
304,422
305,422
305,423
305,424
305,423
305,423
305,425
305,423
305,422
305,423
305,422
305,424
305,422
305,421
304,421
305,422
305,420
305,419
305,418
304,419
305,419
305,418
305,419
304,421
305,421
305,420
305,422
305,422
304,423
305,423
305,423
305,425
304,425
305,426
304,425
305,427
305,426
305,427
305,425
305,427
305,428
305,427
304,427
305,427
305,429
305,427
305,427
305,428
305,429
305,429
304,429
305,428
304,433
305,433
306,433
305,433
305,434
304,434
305,434
305,435
305,436
305,438
305,438
305,438
305,440
304,442
304,443
305,442
305,444
305,446
305,446
304,447
305,448
304,451
304,452
304,451
305,453
305,455
304,455
305,456
305,456
305,459
305,460
305,460
305,460
305,463
305,465
305,464
304,465
305,467
304,468
305,466
304,467
305,468
305,469
305,468
305,468
305,469
305,470
305,469
305,468
305,466
305,467
305,469
306,491
305,463
305,464
305,464
305,464
305,463
305,465
305,463
305,464
305,463
305,465
305,465
306,465
305,465
305,467
305,467
305,467
305,465
305,468
305,470
305,470
305,471
305,473
305,474
304,476
305,476
305,477
305,480
305,482
305,482
305,484
305,486
305,488
305,487
304,491
305,492
305,495
305,494
306,495
305,496
305,497
304,499
305,498
306,498
305,499
305,499
305,499
305,498
305,500
306,501
305,499
306,499
306,500
305,500
305,498
305,499
305,499
305,499
305,498
305,498
305,498
305,497
305,497
305,497
305,497
305,497
305,495
305,493
305,491
304,492
305,490
305,489
305,488
305,487
305,486
305,482
305,480
305,482
305,479
305,477
305,477
305,476
305,475
305,473
305,474
305,472
305,472
305,472
305,470
305,471
305,471
305,472
305,471
305,471
305,472
305,472
305,472
305,472
305,474
305,475
305,473
305,476
305,476
305,477
305,477
305,477
305,479
306,480
305,479
306,481
305,484
305,485
305,486
305,486
305,486
305,488
306,488
305,486
305,488
306,491
305,490
305,490
305,492
305,492
305,492
305,490
305,489
305,490
305,490
305,489
305,488
305,489
305,487
305,486
305,486
305,487
306,486
305,485
305,484
305,483
305,483
305,483
306,482
306,483
305,484
305,482
305,480
305,480
305,480
305,476
305,478
305,478
305,479
306,478
305,477
305,477
305,478
305,479
306,478
305,479
305,479
305,479
305,479
305,477
305,480
305,480
305,479
306,479
305,480
305,479
305,480
306,481
305,481
306,482
305,483
305,483
306,484
305,483
305,484
305,483
305,484
306,483
305,485
305,484
305,485
305,486
305,487
305,488
305,488
304,487
305,490
305,490
305,488
305,489
305,491
305,491
305,489
305,490
305,492
305,492
306,491
305,491
305,491
306,491
305,491
305,515
306,488
305,488
305,488
305,487
305,490
305,490
305,489
306,489
306,490
306,490
305,489
305,487
305,488
305,490
305,489
305,488
305,488
305,489
305,488
305,488
305,486
306,487
306,487
305,485
305,486
306,487
305,487
305,487
306,486
306,486
305,485
305,485
305,483
305,485
305,485
305,483
305,484
305,483
306,483
306,483
306,481
305,480
305,481
305,481
306,479
306,479
305,480
305,479
305,478
305,479
305,479
305,479
305,478
305,478
305,478
305,477
305,476
305,474
305,474
305,475
305,474
305,473
305,474
305,475
305,473
305,473
305,473
305,472
305,471
305,470
305,470
305,470
305,470
305,469
305,468
305,470
305,469
305,468
305,467
305,467
306,467
305,468
306,467
305,469
305,468
306,468
306,468
305,467
306,469
305,468
305,467
306,466
305,469
306,467
305,467
306,466
305,468
305,468
305,466
305,467
305,466
305,466
305,465
305,466
305,466
305,468
305,467
305,468
305,469
305,468
305,469
305,468
305,471
305,472
305,471
305,471
305,473
305,473
305,472
306,473
305,475
305,477
305,478
305,478
305,477
305,480
305,480
305,480
305,480
305,482
305,482
305,483
305,484
305,486
305,486
305,487
305,487
305,488
306,489
305,487
306,489
305,491
305,489
305,491
305,490
305,492
306,494
305,494
305,493
305,494
305,496
305,496
305,496
305,494
305,496
305,496
305,497
305,496
305,496
305,497
305,498
305,498
305,498
305,499
305,497
305,498
305,499
305,500
305,499
306,498
305,498
305,499
306,500
305,499
305,499
304,500
305,499
305,499
305,499
305,500
305,501
306,500
305,500
305,500
305,500
305,499
305,500
305,501
305,500
305,501
305,498
305,501
305,500
306,499
305,499
305,498
306,498
305,497
306,498
305,497
305,496
305,496
305,495
305,496
303,521
305,491
305,490
305,489
305,491
305,490
305,490
305,491
305,491
305,492
305,492
305,489
304,490
305,490
305,489
305,489
305,488
305,488
305,487
305,486
305,486
305,486
304,486
304,483
305,486
305,486
305,487
305,486
305,485
305,485
305,485
305,484
305,485
305,484
305,484
305,483
305,483
305,484
305,484
305,483
305,480
305,483
305,482
305,481
305,482
305,481
304,483
305,481
305,481
304,482
305,481
305,482
305,479
305,480
305,481
304,481
305,480
305,479
305,480
305,480
305,479
305,479
305,480
306,478
305,479
305,477
305,478
305,478
305,478
305,477
305,476
305,477
306,476
305,475
305,475
305,475
305,475
305,472
305,472
305,472
305,471
305,470
306,469
304,469
305,470
305,468
305,467
305,467
305,467
306,466
305,466
305,464
305,465
304,464
305,462
305,463
305,464
305,462
305,463
305,462
305,462
305,462
305,461
305,459
305,461
305,460
305,460
305,459
306,460
305,459
305,458
305,458
306,458
305,457
306,457
305,458
305,457
304,457
305,457
305,456
305,456
305,457
306,457
305,455
305,456
305,456
305,456
306,455
305,452
305,455
306,455
305,453
306,454
304,454
305,453
304,452
305,451
304,452
305,453
305,451
305,451
305,451
304,452
305,451
305,449
304,450
305,450
304,451
305,450
305,449
304,450
306,450
304,449
305,450
305,448
305,449
305,448
305,448
305,449
304,450
305,448
304,447
305,449
304,449
305,446
304,448
305,448
305,450
304,449
305,448
305,449
304,449
304,450
305,450
305,450
305,451
305,451
305,450
304,449
305,451
305,451
305,450
304,451
305,451
304,450
305,451
304,450
305,451
305,451
305,451
305,451
304,451
304,452
304,452
304,451
305,451
305,451
305,451
305,450
304,450
305,451
306,450
304,451
304,450
305,450
305,477
304,445
304,445
304,447
304,448
304,447
305,447
304,448
304,449
304,449
305,446
305,448
305,450
304,448
304,447
304,448
304,447
305,447
304,448
305,448
304,447
305,449
305,449
305,448
304,450
305,450
305,449
305,450
305,450
305,451
304,450
306,451
305,451
304,452
305,451
305,451
305,452
306,453
305,453
305,452
305,450
305,454
306,455
305,456
305,457
305,458
305,457
306,458
305,460
305,460
305,461
305,460
304,461
305,461
305,464
306,463
304,463
305,465
304,466
305,465
305,464
305,467
304,468
305,468
306,468
306,469
305,471
306,471
305,472
305,471
305,472
305,472
305,473
305,471
306,474
305,474
305,473
305,473
306,476
305,476
305,475
305,476
305,475
305,477
306,477
305,476
305,477
305,479
305,477
305,478
305,479
305,479
304,478
305,479
305,480
305,480
305,480
305,479
305,479
305,480
305,481
304,478
305,481
304,483
305,483
305,482
305,480
305,482
305,483
305,481
305,482
305,481
305,482
305,482
306,482
305,481
305,482
305,481
305,481
304,481
305,483
305,482
305,482
305,483
305,483
305,484
305,483
305,483
305,483
305,484
305,483
305,484
305,484
305,485
305,485
305,486
305,487
305,488
305,487
305,488
305,489
305,490
305,491
305,491
305,492
305,494
305,494
305,496
305,496
305,498
305,497
305,498
305,498
305,500
305,500
305,501
306,500
305,500
305,501
305,502
305,501
305,500
305,502
305,501
305,500
305,500
305,501
305,501
305,499
305,499
305,499
305,499
306,497
305,497
305,498
305,497
305,497
305,496
305,496
305,495
305,494
305,493
304,492
305,494
305,493
305,493
306,492
305,493
305,492
305,491
305,490
305,491
305,490
305,490
305,489
305,490
305,490
305,486
305,487
305,486
305,487
305,486
305,485
305,486
308,514
305,481
305,479
305,481
305,482
305,482
305,482
305,482
305,483
305,482
305,480
305,480
305,480
305,480
304,480
305,480
305,480
305,479
305,477
305,479
305,480
305,479
305,478
306,477
305,478
305,476
305,477
305,476
305,476
305,476
305,475
305,475
305,476
305,475
305,475
305,474
305,473
305,474
305,473
305,472
305,473
305,474
305,473
305,473
305,473
305,472
305,473
305,472
305,471
305,472
305,471
305,471
305,471
305,471
305,470
305,471
305,470
306,471
305,471
305,471
305,470
305,470
305,468
305,468
305,467
305,467
305,468
305,467
305,467
305,465
305,465
305,466
305,463
305,464
305,464
305,464
305,463
305,461
305,462
305,461
305,463
305,462
305,462
305,463
305,461
305,461
305,461
304,461
305,461
305,461
304,459
305,459
305,460
305,459
304,460
305,459
304,460
304,460
304,459
304,459
304,461
304,459
304,458
304,458
304,459
303,458
304,457
303,457
304,458
304,458
304,457
303,457
303,456
303,456
303,456
303,457
303,458
303,458
303,457
303,456
302,456
304,458
303,455
303,456
302,457
302,456
302,457
302,455
302,455
302,456
302,455
303,454
302,454
303,455
302,456
302,455
302,454
302,455
302,455
302,455
302,453
302,455
302,454
302,453
302,454
302,454
302,454
302,454
302,454
302,454
302,454
301,454
301,453
301,454
302,455
302,453
303,453
302,454
302,453
302,454
302,451
302,454
302,454
302,453
303,453
302,453
303,454
303,454
303,454
303,453
302,454
303,456
303,454
303,455
303,456
303,458
303,455
303,456
302,458
303,459
303,458
303,460
303,459
302,461
303,461
303,461
303,463
303,465
303,463
303,463
304,464
303,467
304,464
303,466
303,465
303,467
303,467
303,468
303,467
304,467
304,469
306,493
304,466
303,466
303,469
304,469
304,469
303,471
303,472
303,472
304,472
303,472
304,472
303,472
304,472
303,472
304,474
304,473
304,474
304,474
304,475
304,473
304,473
304,472
303,475
304,476
304,475
304,474
303,475
303,475
304,474
304,475
303,475
304,477
303,475
304,475
303,475
304,476
304,474
304,475
303,474
304,475
304,476
303,474
303,474
303,475
303,475
304,475
304,475
304,475
305,475
304,473
304,473
303,473
304,474
303,473
304,472
303,474
303,474
303,473
303,473
303,474
304,473
304,474
303,472
303,473
303,474
303,473
303,472
304,472
303,471
303,471
304,471
304,471
304,470
304,471
303,470
304,470
305,470
304,471
305,469
304,469
303,470
304,470
303,470
303,469
304,469
303,470
304,469
303,467
304,466
303,468
303,468
303,468
303,467
304,468
303,468
304,467
303,467
303,468
304,468
303,466
303,465
303,466
304,468
303,467
303,467
304,467
303,467
304,467
303,466
304,466
303,466
304,467
304,466
304,466
304,467
304,467
303,466
304,466
304,466
304,466
304,467
303,466
303,466
303,466
303,467
304,466
304,466
304,465
303,465
303,465
303,465
304,465
304,463
304,465
303,465
304,464
303,464
303,464
304,463
304,464
304,464
303,463
304,461
303,464
304,464
304,464
303,465
303,465
303,466
303,464
304,464
304,465
303,464
303,464
303,465
304,465
303,465
303,464
304,463
304,464
304,464
303,463
303,464
303,464
303,465
304,465
304,463
304,462
304,465
303,464
304,463
304,463
303,463
304,464
304,462
303,461
303,461
304,461
303,460
304,460
303,460
304,461
304,461
304,459
304,460
304,461
303,460
304,459
304,461
303,460
303,460
304,459
304,459
303,460
304,460
304,458
303,459
303,459
303,459
306,463
303,451
304,452
304,453
304,454
304,455
304,456
303,457
303,456
304,456
303,457
303,458
303,458
304,457
304,459
303,457
304,458
304,457
304,457
304,459
303,459
304,456
304,456
303,457
303,457
304,455
303,457
304,457
303,456
304,457
304,455
304,455
304,457
303,457
303,457
304,457
303,457
304,457
304,457
303,457
304,456
304,457
304,455
303,455
303,456
303,453
304,455
303,456
304,456
304,456
304,455
303,455
304,456
303,456
304,454
304,455
304,456
304,457
303,454
304,455
303,455
303,456
304,456
303,455
304,457
304,456
304,456
304,454
304,454
304,456
304,455
303,454
304,453
304,454
304,455
303,452
304,453
304,454
304,454
303,454
304,452
303,455
304,454
304,455
304,453
304,455
304,455
304,454
304,453
304,453
304,453
304,453
303,452
304,452
304,451
304,451
304,451
304,451
304,453
304,453
304,452
304,452
304,452
303,452
304,451
303,449
304,451
303,453
304,452
303,451
303,451
304,452
304,450
304,451
304,451
303,451
304,452
304,451
303,452
304,451
304,452
304,452
304,453
304,453
303,455
304,454
305,455
304,456
304,457
303,456
304,455
304,457
304,461
304,459
304,460
304,461
304,462
304,462
304,461
304,463
303,463
303,464
304,464
304,465
303,467
304,468
304,468
304,469
304,470
304,470
304,470
303,470
304,472
303,473
303,472
304,473
304,473
304,475
304,474
304,475
304,475
304,476
304,476
304,475
304,476
304,473
304,477
304,476
304,476
304,476
304,477
304,477
303,478
305,479
304,478
304,477
304,477
304,478
303,479
304,478
304,478
304,478
304,479
305,478
304,478
304,476
304,478
304,478
304,478
304,477
304,478
304,477
304,477
304,478
304,477
304,477
304,477
304,476
304,476
305,477
304,481
307,482
305,472
304,472
304,472
304,471
304,474
304,474
304,472
304,472
304,474
304,474
304,474
304,473
305,474
304,474
304,473
304,473
304,473
303,473
304,472
304,471
304,473
304,472
304,473
304,471
304,472
304,472
304,472
304,471
304,470
304,471
304,471
304,471
304,470
304,469
304,469
304,469
304,469
304,468
304,469
304,469
304,467
304,469
304,469
303,468
304,468
304,467
304,467
304,467
304,465
304,466
305,466
304,465
304,464
304,463
304,464
304,464
304,464
304,465
304,464
303,465
304,464
304,464
304,464
304,464
304,463
304,465
304,465
304,464
303,465
304,465
304,464
305,465
304,464
304,463
303,463
304,463
304,464
303,463
304,462
303,462
304,464
304,463
304,463
304,463
304,461
304,464
304,464
304,463
304,463
304,462
304,461
304,463
304,465
304,465
304,463
304,463
304,462
303,463
304,462
304,462
304,464
304,463
304,461
304,462
304,462
304,464
304,462
304,461
305,462
304,464
304,461
304,462
304,462
304,463
304,461
304,460
304,460
304,461
304,460
304,458
304,459
304,460
304,460
304,459
304,458
304,459
304,457
304,458
304,458
304,459
303,459
304,458
304,459
304,458
304,458
304,457
305,456
304,456
304,457
304,456
304,455
304,454
304,455
304,454
304,454
304,452
304,455
304,456
304,453
304,453
304,455
304,453
304,454
304,454
304,453
304,455
304,453
304,453
304,454
304,453
304,453
304,453
304,453
304,453
304,452
304,450
304,452
304,453
304,452
304,451
304,451
304,452
304,451
304,452
304,452
304,453
304,452
304,451
304,451
304,451
304,453
304,452
304,451
304,451
304,451
304,451
304,451
304,450
304,453
304,450
304,450
304,448
304,450
304,450
304,448
305,449
304,449
304,449
304,447
304,448
304,449
304,448
304,447
304,455
307,460
303,445
304,443
304,445
304,446
304,446
304,446
304,444
304,446
304,447
304,445
304,446
304,446
304,446
304,446
304,445
304,445
304,446
304,445
305,444
304,445
305,445
304,445
304,443
304,446
304,446
305,446
304,445
304,446
304,445
304,445
304,445
304,445
304,446
304,447
304,446
304,446
304,445
304,445
304,446
305,445
304,446
305,446
304,446
304,444
305,443
304,444
304,444
304,444
304,444
304,445
304,445
304,445
304,442
304,445
304,444
304,444
304,444
304,443
304,444
304,443
304,443
304,443
304,444
304,444
305,443
304,444
305,444
304,442
305,443
304,443
304,443
304,443
304,443
304,443
304,444
304,444
304,443
304,443
304,445
304,446
304,445
304,447
304,446
304,448
304,448
304,449
304,448
304,449
304,451
304,451
304,452
305,453
304,453
305,452
304,453
304,454
304,455
304,454
304,456
304,455
304,456
304,456
304,459
304,458
305,458
304,459
304,459
304,461
304,460
305,462
304,461
305,462
305,462
305,462
304,461
305,463
305,464
304,463
304,463
304,463
304,463
304,462
304,462
305,463
304,463
304,466
304,463
305,461
305,465
304,464
305,463
304,462
305,462
305,462
305,460
304,461
304,461
305,461
304,461
305,459
305,460
305,458
304,456
304,457
304,457
304,456
305,456
304,455
305,453
304,453
305,453
305,452
304,451
304,451
304,450
304,449
304,448
304,448
304,448
303,447
303,446
304,446
304,443
303,444
303,443
304,442
304,441
304,441
303,439
303,439
303,438
303,437
303,434
303,433
303,432
303,432
302,430
303,428
303,426
303,425
303,423
303,421
302,420
302,419
302,418
302,415
303,413
303,413
302,411
303,408
304,407
302,405
302,404
302,400
303,400
302,399
302,396
302,394
302,392
302,391
302,415
302,382
302,379
302,380
302,377
302,375
301,373
301,372
303,369
301,367
303,365
301,363
301,361
301,358
302,356
302,354
302,352
301,350
302,349
301,348
301,346
301,345
301,342
302,341
301,338
302,339
301,336
301,334
301,335
301,334
301,333
301,332
302,332
301,332
302,330
301,329
302,330
301,329
302,328
301,327
302,326
301,328
301,327
301,326
301,326
301,327
302,326
302,325
301,326
301,327
301,327
301,326
301,326
301,327
301,327
302,326
300,327
301,328
301,328
301,327
301,327
301,328
301,329
302,328
301,328
302,328
301,329
301,328
301,330
302,329
302,329
301,330
302,330
302,331
302,331
302,333
302,330
301,332
302,334
302,334
302,334
301,335
301,336
302,337
301,338
301,338
301,339
301,341
302,342
302,342
301,343
301,343
302,346
301,345
302,347
301,348
302,349
301,349
302,350
301,351
301,352
301,352
302,353
302,355
302,356
301,355
302,358
301,358
301,361
301,362
302,363
301,364
301,365
301,366
301,366
301,368
301,369
301,371
301,371
301,373
301,374
302,377
301,375
302,377
302,378
302,381
301,381
301,381
301,385
301,385
301,387
301,389
302,390
301,391
301,392
301,392
301,396
302,396
302,398
302,399
301,399
301,402
301,403
302,404
302,406
301,407
302,408
302,408
302,411
301,413
302,413
302,414
301,416
302,416
301,418
301,418
301,419
301,421
301,422
302,423
302,423
301,425
301,426
301,426
302,426
302,428
302,427
302,430
302,431
301,432
302,433
302,433
302,433
302,435
302,435
302,437
301,437
302,439
301,441
302,440
302,440
302,441
302,442
301,443
302,444
301,443
302,445
302,447
302,447
301,448
302,448
302,450
302,450
302,450
302,451
302,453
301,453
302,453
302,455
302,457
302,457
304,483
302,454
302,456
301,457
302,457
302,458
302,462
302,462
302,462
302,463
302,465
302,465
302,465
301,467
301,467
302,469
302,469
302,469
301,470
302,470
302,471
302,471
301,473
302,474
302,474
302,475
302,475
302,476
302,477
302,478
302,477
302,478
302,480
302,477
302,479
302,479
302,481
302,482
302,482
302,484
301,485
302,486
302,486
302,488
303,489
302,489
302,491
302,492
302,493
303,495
302,497
302,499
302,499
303,501
302,500
302,501
302,503
302,504
303,505
302,506
302,507
303,509
302,509
303,509
303,511
302,512
302,514
302,515
302,515
302,518
302,518
303,518
302,519
302,521
302,522
303,523
302,524
302,526
303,526
303,527
303,527
303,528
303,529
303,529
303,528
303,530
303,532
303,532
302,532
303,532
302,534
303,534
303,534
303,534
302,535
302,535
303,535
302,536
303,536
303,536
303,537
303,536
303,537
303,539
303,537
303,537
303,538
303,537
303,537
303,537
303,537
303,537
303,537
303,537
303,537
303,538
303,537
303,537
303,538
303,538
303,537
304,538
303,538
303,539
304,539
303,538
303,537
303,540
303,541
303,540
303,541
303,540
303,541
304,541
303,541
303,543
303,543
303,543
303,542
304,542
303,544
303,544
303,543
304,545
303,544
303,546
304,544
303,545
303,546
303,546
303,545
303,546
303,547
303,546
303,545
303,545
303,546
303,546
303,546
303,547
304,546
304,547
303,546
304,546
303,547
304,548
304,548
304,547
304,547
303,547
304,548
303,547
304,547
304,548
304,548
303,547
303,548
304,548
304,548
303,547
303,547
304,548
304,549
304,548
304,547
304,549
304,548
304,548
304,548
303,549
304,549
304,548
304,549
304,549
304,549
304,549
304,548
304,548
304,549
304,549
304,547
304,547
304,547
304,548
307,576
305,546
304,546
304,548
304,546
304,546
304,548
304,549
304,548
304,546
304,548
304,547
304,547
304,547
304,546
304,547
304,547
304,546
304,546
304,546
304,545
304,545
304,544
304,547
304,546
304,545
304,546
305,547
304,547
304,546
303,545
304,547
304,544
303,545
304,544
304,545
304,547
303,544
303,545
303,544
303,544
304,544
303,543
303,543
302,542
303,543
303,543
302,543
303,544
303,544
303,541
303,540
303,542
303,542
303,541
303,541
303,541
302,541
303,539
304,540
303,541
303,541
303,540
303,540
303,538
303,539
303,537
303,539
303,538
302,538
303,538
302,535
303,536
302,536
302,535
303,534
302,534
303,535
303,535
302,534
302,534
303,535
303,533
302,531
303,531
302,533
303,532
302,531
302,530
302,531
302,531
302,530
302,528
302,528
302,528
303,528
303,527
302,527
303,526
302,526
302,525
303,524
303,524
303,525
302,522
303,522
302,522
303,521
302,521
302,520
303,520
302,519
303,519
303,519
302,518
302,518
303,516
303,515
302,514
302,515
302,514
302,512
302,512
302,512
302,511
302,509
303,508
302,509
303,509
302,506
303,507
302,505
302,505
302,504
302,503
302,503
303,504
302,501
302,499
303,500
303,498
302,498
303,497
303,496
302,494
302,495
302,495
302,495
302,495
302,496
302,493
302,491
302,493
302,493
302,493
302,491
302,493
302,492
302,493
302,493
301,492
302,492
302,492
303,491
301,490
302,493
302,492
301,492
302,492
302,492
303,492
301,491
302,490
301,492
301,491
302,490
302,490
302,490
301,490
301,488
301,490
301,490
302,490
301,489
301,488
301,489
301,488
301,488
302,487
301,488
302,487
302,486
301,486
302,486
301,487
302,486
301,486
302,485
302,486
301,487
302,485
301,485
306,499
302,482
302,482
302,482
302,483
302,484
301,485
302,485
301,487
302,487
302,486
302,486
302,487
302,487
301,487
302,486
302,488
302,489
302,490
301,490
302,489
301,489
302,490
302,490
301,491
302,492
301,491
302,491
301,490
301,493
302,493
302,492
301,492
302,494
301,493
302,493
302,492
301,494
302,494
302,494
301,493
301,494
302,495
302,495
302,492
302,494
302,494
301,493
302,493
301,493
302,494
301,495
301,494
301,494
302,494
301,495
301,494
302,493
301,492
302,494
302,493
302,493
302,492
302,493
302,492
302,491
302,492
302,492
302,491
302,491
301,490
302,489
301,489
302,488
301,488
302,489
302,489
302,488
302,488
301,489
303,488
302,488
302,488
302,487
302,487
302,487
301,487
302,489
301,488
302,489
302,488
302,488
301,489
302,489
301,488
302,489
302,490
302,489
302,489
302,488
302,490
302,490
301,489
302,489
302,491
301,491
301,489
302,489
302,490
301,492
301,491
302,492
302,493
302,493
301,493
301,494
301,493
301,495
302,496
303,494
302,495
301,496
301,496
302,496
301,495
302,493
301,496
302,495
302,495
301,495
302,495
301,494
301,493
301,495
302,494
301,494
302,492
301,494
302,493
301,491
301,492
301,491
302,492
302,491
301,490
302,490
302,489
302,491
302,489
302,488
301,487
301,487
301,485
302,486
301,485
301,485
301,483
302,483
302,483
301,482
302,482
302,480
302,479
301,479
301,478
302,476
302,477
301,477
302,476
302,474
301,474
301,474
301,473
302,472
301,471
301,470
301,471
301,469
301,468
301,468
301,468
301,467
301,465
301,465
301,465
301,463
301,462
302,463
301,463
301,462
301,462
302,462
301,462
301,461
301,460
302,459
302,459
301,459
301,457
302,457
302,457
302,457
302,457
302,455
304,472
301,452
301,450
301,449
301,450
302,451
301,450
301,450
301,450
301,452
302,451
301,449
301,450
301,450
301,451
301,450
301,449
301,450
302,450
301,450
301,449
301,451
302,450
301,448
301,450
301,451
301,451
301,451
301,450
301,451
301,452
301,453
302,452
301,453
301,452
302,454
301,453
301,454
301,454
302,454
301,454
301,453
302,455
302,453
301,454
302,455
301,454
302,455
301,455
302,455
301,455
302,455
301,455
301,456
302,457
301,456
301,456
301,455
301,455
301,456
302,457
301,456
301,457
302,456
302,457
301,456
302,457
301,457
302,456
302,456
301,457
301,457
301,457
301,457
301,456
301,457
301,457
301,457
301,456
302,456
301,457
302,455
302,454
302,456
302,455
301,455
301,454
301,455
302,456
301,455
301,456
302,455
302,457
301,456
302,455
301,455
302,456
302,457
301,457
302,457
301,456
302,458
301,456
301,457
301,456
301,458
301,458
301,457
301,458
302,458
301,458
301,458
302,459
301,459
302,459
302,459
302,458
301,459
301,459
301,459
302,460
301,461
301,461
302,461
301,460
301,463
302,465
301,462
302,464
301,463
302,464
301,463
302,464
301,463
301,464
301,465
302,464
301,465
301,464
301,466
301,466
302,467
301,468
302,469
301,469
301,469
302,470
301,471
302,470
301,472
301,473
302,474
301,474
302,475
301,477
301,478
302,479
302,480
301,481
302,482
302,482
301,483
302,485
302,485
301,485
301,485
302,488
301,489
301,490
301,490
302,492
301,493
301,493
301,494
301,494
301,496
301,498
302,497
301,497
301,500
301,501
301,501
302,501
301,502
301,503
301,504
302,505
302,505
301,507
302,507
301,506
302,505
302,507
302,507
302,508
302,508
302,510
302,509
302,509
302,509
302,511
302,510
302,513
302,506
302,508
302,508
302,509
301,509
302,510
302,509
302,509
302,509
302,509
302,508
302,509
302,508
302,507
302,507
302,506
302,505
302,507
302,506
302,504
302,501
302,503
301,501
301,502
302,500
302,500
302,498
302,498
302,498
301,497
301,497
302,496
302,493
302,492
302,493
302,491
302,489
302,489
302,489
302,487
302,487
302,486
302,482
302,485
302,485
302,483
302,483
302,482
302,482
302,481
302,479
302,480
302,480
302,479
302,478
302,478
302,479
302,477
302,477
302,476
302,477
302,478
302,476
302,476
302,476
302,475
301,476
302,475
302,476
302,477
302,476
302,476
301,476
302,475
302,475
301,475
301,476
302,476
302,476
302,476
302,477
301,478
302,476
301,475
301,477
301,478
302,479
301,478
301,479
301,480
302,479
301,480
302,479
302,480
302,481
301,480
302,482
301,481
301,481
301,481
301,482
302,483
302,482
302,480
301,482
302,482
301,482
302,482
302,482
301,482
302,481
301,481
302,481
301,481
301,480
301,481
301,480
302,480
301,481
302,481
301,480
301,480
301,481
301,482
302,479
302,481
302,481
301,481
301,480
302,479
301,479
301,478
301,478
302,477
301,478
301,478
301,477
301,476
301,477
301,479
302,477
301,476
301,476
301,476
301,477
302,475
301,475
301,475
301,474
300,474
301,474
301,474
302,473
301,473
300,473
301,472
300,472
301,473
302,472
301,472
301,473
301,472
301,471
301,472
301,472
301,473
301,472
301,472
301,473
301,473
302,472
301,473
301,472
301,473
302,472
302,471
302,473
302,472
301,471
301,472
301,472
301,474
301,473
301,473
301,474
301,475
301,474
301,472
301,472
301,474
300,472
301,472
301,471
301,472
301,471
301,470
301,471
301,471
301,470
301,470
301,470
301,471
301,475
305,488
301,466
301,470
301,467
301,468
301,467
302,468
301,468
301,468
302,467
302,469
301,469
301,467
301,467
301,466
301,468
301,467
301,466
301,465
301,466
301,466
301,465
301,465
301,466
301,466
301,464
301,465
301,464
301,464
301,464
302,463
301,464
302,463
301,463
301,462
302,461
301,462
301,462
301,462
301,460
301,462
301,462
301,460
301,460
301,462
301,463
301,461
301,461
301,460
301,462
301,460
300,460
301,460
301,460
301,459
300,460
301,460
301,460
301,459
301,460
301,459
300,459
301,459
301,458
302,460
302,462
301,462
301,460
301,462
301,463
301,463
301,461
301,462
301,464
301,465
301,465
301,466
301,468
302,467
301,469
301,471
301,472
301,472
301,473
301,473
301,474
301,475
302,477
301,476
301,477
302,477
301,479
301,481
301,483
301,483
301,485
302,484
302,485
302,488
301,489
301,487
301,490
301,492
302,492
302,492
301,494
301,495
302,497
301,496
301,497
302,497
301,498
301,499
302,497
302,500
302,501
301,500
301,500
302,502
302,502
302,503
301,503
301,503
301,502
302,503
302,504
301,504
302,505
302,504
301,502
302,503
302,505
302,506
301,505
301,505
301,504
301,504
301,504
302,505
301,505
302,506
301,506
302,506
301,504
301,506
302,507
302,505
302,506
301,506
301,505
302,504
302,504
301,503
301,504
302,505
302,504
301,502
301,503
302,502
302,502
301,501
302,500
302,499
301,499
301,499
302,500
302,500
301,499
301,498
301,497
302,497
301,496
302,495
301,496
302,494
302,492
301,493
301,493
301,493
302,493
301,491
301,492
301,491
301,490
301,490
301,489
301,491
301,489
302,489
302,490
302,490
301,491
301,490
302,490
302,491
302,489
302,489
302,488
302,488
301,488
302,488
301,489
301,489
302,491
304,511
302,484
302,486
301,484
302,487
302,486
301,486
302,487
302,486
302,486
301,487
302,487
302,487
301,487
302,487
301,487
302,487
301,488
302,486
301,487
302,489
302,488
302,488
302,487
301,487
302,486
302,487
301,486
303,486
302,486
301,484
301,485
301,486
301,484
302,484
302,484
302,484
301,484
302,482
301,483
302,483
303,482
302,481
302,480
302,481
302,482
301,480
302,480
302,480
302,480
302,479
302,477
302,478
302,478
302,478
302,476
302,476
303,476
302,475
302,473
302,476
302,475
302,474
303,473
302,472
302,475
303,473
302,473
302,473
302,473
302,473
303,471
302,470
302,470
302,470
303,469
302,468
302,468
302,467
302,468
302,467
302,467
302,467
302,468
303,466
302,468
302,468
303,467
302,467
303,465
302,465
302,465
302,465
302,465
302,465
302,464
303,461
301,462
301,461
302,462
302,461
303,460
302,461
302,460
301,461
302,459
302,461
302,461
303,461
302,458
303,458
302,459
302,458
302,458
302,458
302,458
302,457
303,457
302,457
302,456
302,456
302,456
302,456
301,457
301,457
302,453
302,454
301,456
302,456
302,456
301,455
302,456
302,456
302,456
302,454
302,456
301,456
301,457
301,456
301,457
302,457
301,458
301,456
303,457
302,457
302,458
302,458
302,457
301,457
301,458
302,458
302,459
302,459
302,459
301,458
301,458
302,458
302,458
302,459
301,458
302,459
302,461
301,460
301,460
302,460
301,461
301,463
302,462
302,462
301,462
301,462
301,461
302,462
302,464
302,463
302,462
301,463
301,464
301,464
302,464
301,463
301,464
302,464
302,464
302,464
301,466
302,464
301,466
302,465
302,466
301,469
302,470
302,467
302,470
301,470
302,471
302,472
302,472
302,474
302,476
302,477
302,478
302,480
305,507
302,478
302,478
301,480
302,484
302,485
302,487
302,488
302,492
302,493
302,494
302,496
302,498
302,499
302,500
302,503
302,504
302,507
302,507
302,509
302,511
302,512
302,511
302,514
302,516
302,516
302,518
302,519
302,520
302,522
303,523
302,523
303,525
302,525
302,527
302,527
302,528
302,529
302,531
302,532
302,532
302,534
302,536
302,536
302,537
302,538
302,537
302,536
302,538
302,540
302,541
302,541
302,542
302,542
302,544
303,544
302,543
302,545
303,546
302,546
302,546
303,547
302,547
302,549
302,548
302,551
302,552
302,552
302,552
302,554
302,555
303,556
302,556
302,557
302,557
302,558
302,557
302,560
303,560
302,562
303,560
303,561
303,561
302,562
302,560
302,561
303,561
302,560
302,560
302,558
303,558
303,557
303,556
302,554
302,553
302,554
302,553
302,551
302,550
303,549
302,549
302,547
302,546
303,547
303,544
302,542
303,541
303,541
303,539
303,539
302,538
302,537
303,536
303,534
303,532
302,530
303,528
302,527
302,524
302,523
303,519
303,517
302,514
302,512
303,509
302,507
302,505
302,502
302,501
302,499
302,496
302,495
302,492
302,491
303,488
302,486
302,484
302,482
303,479
303,477
302,476
302,474
302,472
303,469
302,468
302,464
302,465
302,462
302,460
302,458
302,456
302,455
302,453
303,452
302,451
302,448
302,447
302,446
301,445
302,443
303,442
302,440
302,440
301,438
302,436
302,436
302,435
302,436
302,433
302,432
302,432
301,429
301,428
302,428
303,428
302,427
302,426
302,425
302,425
302,424
301,421
301,420
302,419
302,420
302,418
302,415
301,416
302,414
301,413
302,412
302,410
301,410
302,409
302,404
301,404
302,404
302,403
302,401
301,399
301,398
301,396
301,393
302,391
300,417
303,400
301,383
301,383
302,380
301,380
301,379
301,376
301,375
301,375
302,372
302,370
302,369
301,368
301,367
301,365
302,363
301,364
302,362
301,361
302,360
301,360
301,359
301,357
301,355
302,357
301,356
301,356
301,354
301,355
301,355
301,354
301,354
301,354
301,354
301,353
301,353
301,352
301,353
302,353
302,354
301,352
302,353
301,352
301,352
302,354
302,354
302,354
302,354
302,353
302,354
302,355
302,355
302,354
302,354
302,356
303,356
302,354
302,356
302,356
302,355
302,355
302,355
302,355
302,354
302,353
302,354
302,354
302,353
302,353
302,353
302,353
303,352
302,352
302,351
302,349
302,352
302,350
302,350
302,349
302,349
301,349
302,348
302,348
302,348
302,345
302,346
302,346
302,344
301,345
302,344
302,342
302,342
302,342
302,341
302,342
302,341
302,340
302,339
302,339
302,340
302,340
302,339
302,339
302,339
302,339
301,340
302,340
302,342
302,341
302,342
301,342
301,343
302,344
302,345
302,344
301,346
302,346
302,346
301,347
301,349
301,350
302,352
301,353
301,354
301,358
301,358
302,361
302,361
301,364
302,365
301,366
301,368
302,373
302,374
301,378
301,379
303,383
302,386
301,389
301,393
301,396
301,399
301,403
301,405
301,409
301,412
302,418
301,421
301,424
301,429
301,434
301,438
301,443
301,446
302,451
301,456
302,459
302,463
301,466
301,469
301,473
301,475
301,478
301,481
301,483
302,484
302,488
301,490
301,490
301,491
302,493
302,496
301,495
301,496
301,498
302,498
301,499
301,499
301,501
301,500
301,501
301,500
302,501
301,501
301,501
301,501
302,500
301,501
301,501
302,501
302,501
302,500
302,499
302,501
302,500
301,500
301,500
302,498
301,498
302,497
303,497
301,493
301,494
301,493
301,492
302,491
301,490
302,491
302,491
301,491
301,491
301,489
301,490
301,490
301,489
301,489
301,491
302,491
301,489
301,491
301,492
301,493
301,491
301,492
302,492
302,490
301,490
300,492
301,490
301,491
301,491
301,490
301,489
301,490
301,490
301,488
301,489
300,489
301,487
302,487
301,486
301,487
301,486
301,487
301,485
300,486
301,485
301,484
300,483
301,483
301,484
301,484
301,483
301,485
301,485
301,488
301,487
301,485
301,488
301,491
302,496
303,499
303,503
303,507
306,508
311,512
313,512
314,512
314,511
315,513
315,518
316,518
319,519
319,520
322,523
324,524
325,524
324,526
323,528
324,530
325,531
326,531
327,534
329,535
331,536
333,534
335,535
336,539
336,539
336,538
337,539
337,540
337,541
337,539
337,539
338,540
338,539
338,536
339,537
340,539
341,537
340,536
341,536
341,538
340,536
341,534
338,531
338,533
336,534
337,531
336,529
334,530
334,532
333,530
332,529
331,529
329,529
329,529
328,527
328,527
327,527
326,526
325,525
325,526
324,529
324,527
323,524
322,524
321,526
320,525
320,524
320,524
319,524
318,524
318,522
318,521
317,520
316,520
316,520
316,517
315,517
314,518
314,516
314,514
313,513
313,513
312,511
312,510
312,509
312,508
311,508
310,506
311,505
310,507
311,506
311,506
314,504
314,505
315,505
316,503
316,503
317,503
317,501
318,501
318,500
318,500
319,499
319,500
319,499
319,498
321,500
322,499
323,498
323,497
323,499
323,499
324,498
324,497
324,499
324,499
324,498
325,498
324,499
324,500
325,500
325,498
326,499
325,500
325,499
325,498
325,500
326,502
326,499
326,497
326,499
326,501
327,499
327,498
326,498
326,500
327,527
328,497
327,496
328,500
328,500
328,499
330,499
330,502
331,504
332,503
332,502
332,504
332,505
333,505
334,504
333,504
334,505
334,506
334,505
335,506
335,509
335,509
335,507
335,509
335,509
335,509
336,509
336,509
336,510
336,510
336,509
336,508
337,510
336,510
337,508
337,509
338,510
338,512
338,511
339,510
339,511
339,513
340,511
341,511
342,513
342,514
344,513
344,512
345,513
346,516
348,516
349,516
350,516
350,516
350,519
349,517
349,517
348,519
349,521
349,520
348,521
347,523
346,524
345,524
344,523
343,524
342,528
342,526
341,529
341,530
340,532
340,535
340,535
340,536
341,540
342,543
342,541
343,544
343,547
343,548
344,549
345,552
346,554
346,558
347,558
348,558
350,562
350,561
351,565
352,566
353,568
354,570
354,571
354,570
355,573
355,575
355,576
355,577
355,578
354,579
354,578
353,579
353,581
352,581
352,581
352,581
351,581
351,580
350,583
350,583
350,582
349,583
349,583
348,583
348,582
346,583
346,584
346,583
345,582
344,583
344,583
344,583
343,581
343,581
342,580
342,579
342,578
342,578
342,577
342,577
342,575
342,572
342,574
340,572
339,570
338,568
339,567
340,566
340,566
339,562
339,562
339,561
338,559
337,558
337,558
337,558
337,555
336,553
336,554
336,553
335,550
334,548
333,546
333,545
334,544
335,541
334,542
334,540
335,537
335,535
336,532
336,531
336,530
335,528
334,525
333,524
331,524
331,519
331,519
331,516
333,515
333,514
332,511
334,508
336,506
337,504
337,500
337,499
337,498
338,497
339,494
339,492
342,490
343,488
344,486
345,485
345,486
346,484
346,484
347,481
347,481
346,482
345,481
347,478
349,478
350,478
350,477
350,476
348,476
349,476
352,503
349,472
349,472
349,472
347,474
347,473
346,472
347,472
348,472
351,472
352,472
350,472
351,473
350,473
351,473
351,473
352,474
354,473
351,473
351,474
350,475
350,476
352,474
351,476
350,477
351,478
350,477
351,477
352,482
352,483
354,482
356,483
355,483
355,483
354,482
356,483
355,483
354,484
352,483
351,483
350,483
350,482
351,480
349,480
349,478
349,480
350,478
348,475
347,474
346,476
346,476
347,475
347,474
346,474
346,474
346,474
345,472
345,473
344,472
343,471
344,472
344,472
344,472
345,472
344,471
344,473
344,475
344,475
345,472
344,475
344,478
344,477
344,477
344,478
345,479
344,480
343,480
343,481
343,483
342,483
341,485
342,486
341,487
340,488
340,488
339,488
339,490
340,492
339,492
341,492
340,493
340,494
340,494
341,495
341,496
340,497
339,498
341,497
341,498
341,498
342,499
342,500
342,501
341,502
340,502
339,502
339,502
339,502
338,501
339,503
337,502
337,502
337,502
339,502
337,500
337,502
336,502
337,502
337,501
338,502
339,503
339,504
339,503
338,504
339,505
339,504
338,503
339,504
339,505
338,502
337,503
337,503
335,504
335,505
334,505
333,505
332,506
331,507
329,507
330,508
328,508
327,508
326,508
325,508
326,510
323,509
323,511
323,510
322,510
323,511
324,512
325,510
326,512
326,513
326,513
326,515
326,513
326,515
326,516
325,514
326,513
326,513
327,510
327,507
329,501
330,497
331,493
333,489
334,486
333,483
334,479
335,478
336,476
336,475
336,473
337,472
339,471
340,473
342,473
343,473
345,472
345,472
345,472
345,472
344,471
344,471
343,469
345,471
344,470
344,469
344,467
344,468
345,467
343,465
343,463
343,464
344,460
344,458
344,457
344,456
345,455
345,454
346,451
347,450
347,449
346,474
347,443
347,444
348,443
348,443
350,442
350,442
350,446
349,447
348,448
348,448
348,451
348,452
346,455
347,458
346,462
345,467
345,470
344,473
344,478
343,482
342,484
341,488
340,493
339,497
339,502
338,505
337,509
338,514
336,517
336,522
335,525
335,526
335,531
335,533
334,536
333,538
333,539
333,540
333,544
332,546
331,547
331,547
331,547
330,549
330,550
330,549
329,548
330,550
329,549
329,548
329,548
328,548
328,548
328,546
327,546
328,546
327,543
326,543
327,541
326,540
326,538
326,537
327,535
327,533
328,531
329,529
329,526
330,525
331,524
331,521
331,518
331,517
331,515
331,513
330,512
330,510
330,509
329,506
329,504
329,503
329,502
328,500
328,499
327,498
327,495
327,496
326,492
325,494
326,492
325,493
325,492
324,491
324,490
323,491
323,489
323,488
323,488
323,488
322,488
322,488
322,488
322,487
322,488
321,486
322,488
321,486
321,484
321,484
321,481
320,481
320,480
320,480
320,478
319,477
319,476
319,474
319,471
319,471
319,470
319,469
318,467
318,466
318,466
318,465
318,463
319,462
318,461
318,460
318,458
318,459
318,458
318,457
318,456
317,455
318,454
318,452
317,454
317,452
317,454
317,454
316,454
316,454
317,454
316,453
316,455
316,455
316,455
316,455
316,456
316,457
316,457
315,457
315,458
315,458
315,458
315,460
315,461
315,461
315,461
315,463
314,464
315,464
315,465
314,465
314,467
314,467
314,469
314,471
314,472
314,474
314,474
314,475
314,475
314,478
313,480
314,481
314,483
314,485
314,486
313,488
313,493
313,495
313,498
314,500
313,503
313,507
313,510
313,514
313,517
312,521
314,525
313,526
313,531
312,534
312,537
313,540
313,543
313,546
313,549
313,552
313,555
313,559
314,560
312,591
313,564
313,567
313,569
313,572
313,576
314,577
313,581
314,581
313,584
313,586
314,588
313,590
313,589
314,591
313,593
313,594
314,593
314,595
314,596
314,598
313,599
314,599
314,600
314,601
313,601
313,601
314,604
314,604
314,605
314,604
314,604
313,605
314,605
313,605
313,606
313,606
313,606
314,605
313,605
313,605
315,605
316,605
318,604
320,604
321,602
322,603
322,602
322,600
323,599
323,598
324,595
324,595
324,591
325,590
325,587
325,585
326,582
328,577
327,575
329,571
329,567
331,563
331,559
332,554
333,551
333,546
334,542
333,536
334,533
334,527
335,524
336,517
336,514
337,510
337,505
337,502
337,498
337,495
337,492
338,487
338,484
338,482
338,478
338,477
338,476
338,473
337,473
338,471
337,471
338,471
338,470
338,469
339,469
338,470
338,469
339,469
339,469
339,469
339,469
340,469
340,470
340,469
339,470
340,470
341,469
340,468
340,470
341,468
341,468
341,470
342,470
342,470
342,469
342,469
341,470
342,469
342,468
342,470
343,470
343,468
343,467
343,466
344,466
343,464
343,462
343,464
342,463
343,461
343,460
341,459
341,456
341,455
340,453
341,451
340,449
340,447
340,445
340,444
340,443
340,442
340,440
340,437
340,436
340,435
341,433
341,432
341,431
342,430
342,430
343,429
343,428
343,429
345,428
345,427
345,427
345,427
346,427
346,428
345,430
346,430
347,431
347,432
347,433
348,435
349,436
350,437
351,438
351,442
352,443
352,444
352,444
353,445
353,446
353,446
354,447
354,450
355,450
355,450
355,450
355,451
355,450
355,449
355,450
355,449
356,451
357,450
357,449
357,448
357,449
357,447
357,446
357,446
357,445
357,444
358,443
357,441
358,440
357,441
358,442
358,443
358,443
358,441
359,446
358,436
358,435
357,432
357,429
356,428
355,427
356,428
355,427
354,424
353,426
354,425
352,424
352,423
352,422
351,422
351,421
349,420
349,420
348,420
348,420
347,419
346,420
345,419
345,420
344,420
343,422
342,424
342,423
341,423
340,424
339,422
338,422
337,421
337,420
337,418
336,418
335,416
335,415
334,413
333,413
333,414
332,411
331,411
331,407
330,410
330,409
329,409
329,409
329,408
328,407
328,406
327,406
327,405
326,405
326,404
326,403
326,404
326,404
326,405
327,404
328,405
329,406
330,405
330,403
330,406
331,406
331,406
332,406
333,406
333,407
334,406
334,406
335,407
335,409
336,409
336,410
337,411
338,412
338,412
338,414
338,413
339,415
338,415
339,415
339,416
339,417
339,419
338,422
338,424
338,425
337,426
337,426
337,426
337,427
336,426
337,426
336,424
336,425
336,426
336,426
335,429
335,431
334,433
334,435
334,439
333,440
333,444
333,445
332,447
332,447
332,448
333,451
332,450
332,452
331,453
331,454
331,449
331,452
331,454
331,455
330,456
331,456
331,455
330,451
330,449
330,445
330,441
330,438
329,430
329,423
329,417
328,411
329,405
328,397
328,389
328,381
328,374
328,366
328,357
328,350
327,343
328,335
327,326
327,317
327,311
327,302
327,291
328,284
328,275
328,266
328,256
328,249
328,240
328,233
328,225
327,218
327,211
326,203
327,198
326,191
326,183
326,177
326,170
325,162
325,155
325,148
324,141
324,133
323,125
324,121
323,115
323,109
322,106
322,100
321,97
321,92
321,88
321,85
320,82
320,78
320,75
320,71
319,70
319,67
319,66
319,65
319,64
318,62
318,61
318,60
318,59
318,56
318,57
317,56
317,55
317,55
317,55
316,55
316,57
316,58
316,59
316,84
315,62
315,64
315,65
314,67
314,70
314,71
314,73
314,76
314,77
314,78
313,80
313,81
313,82
313,85
313,85
313,85
312,87
313,89
312,91
312,92
312,94
313,96
312,97
312,99
311,101
311,103
312,105
312,107
311,108
310,110
311,113
310,114
310,117
310,119
311,121
310,123
310,128
310,130
310,132
310,134
310,136
310,137
310,138
309,141
310,143
309,145
310,145
310,147
310,149
309,150
310,151
309,151
309,153
309,152
309,153
310,155
309,155
309,156
309,159
310,157
309,158
310,157
309,157
309,157
309,159
310,160
309,161
309,161
310,162
308,163
309,165
308,166
309,167
309,167
308,172
310,174
308,176
309,178
309,181
309,185
309,187
309,190
308,193
309,195
310,201
309,205
310,209
310,213
310,217
311,221
311,226
311,229
312,234
312,237
312,241
314,244
314,249
315,251
315,255
315,257
316,261
316,263
317,266
318,269
318,272
318,276
317,279
318,282
318,285
318,288
318,292
319,294
318,298
319,303
319,306
320,310
320,313
320,317
321,319
321,323
321,325
322,330
322,331
323,335
323,336
324,338
324,342
324,343
325,346
324,348
325,349
326,351
326,354
325,356
325,357
325,359
326,363
326,365
326,367
326,370
326,370
327,372
327,374
328,377
327,376
328,380
328,381
329,383
328,384
328,386
329,388
329,390
330,391
329,394
330,396
329,398
330,399
330,403
329,404
329,406
330,408
329,412
329,413
329,415
329,418
330,422
330,425
329,428
329,432
330,435
330,440
330,443
330,448
331,452
330,456
331,461
331,466
332,471
332,476
331,481
332,487
332,490
332,494
332,499
332,503
332,508
333,515
333,519
333,525
333,530
333,535
333,540
334,545
334,549
334,555
334,560
334,566
334,573
335,578
335,584
335,588
337,614
334,604
334,607
333,612
333,614
334,622
334,625
334,631
333,635
334,639
334,644
333,648
333,653
333,657
333,661
334,667
334,671
334,676
334,679
333,683
334,686
335,690
336,695
336,697
336,704
336,707
336,712
336,715
337,720
336,723
337,728
338,731
338,735
337,738
337,741
337,745
337,748
337,751
338,755
338,760
337,761
338,764
337,766
337,769
337,772
336,776
336,778
337,780
337,784
336,787
336,789
336,792
336,794
336,796
336,797
336,800
337,801
336,803
337,805
336,808
336,807
336,812
336,812
337,815
336,817
336,818
336,819
336,820
336,822
336,824
336,826
336,826
336,827
335,830
336,832
336,833
336,834
335,835
336,837
335,838
335,839
335,841
335,843
335,844
335,843
335,847
336,849
336,849
335,851
336,851
336,851
336,854
336,855
336,858
336,859
336,859
337,860
336,862
337,864
337,865
337,867
337,867
338,867
337,869
338,868
338,871
338,871
338,872
338,873
338,872
338,873
338,874
337,874
338,875
337,874
337,875
337,875
337,877
337,877
336,878
336,878
336,879
336,878
336,881
336,878
336,878
336,879
336,880
335,879
336,879
336,880
335,879
335,878
335,879
335,879
335,879
335,879
335,879
335,880
335,880
335,880
334,878
335,880
334,878
335,878
335,877
335,879
335,880
335,880
335,880
335,880
335,880
335,878
335,878
335,878
336,878
336,878
335,878
335,877
335,877
335,877
335,879
335,878
335,878
335,876
335,874
335,876
335,877
335,876
335,875
336,876
335,875
336,873
335,874
335,873
336,873
335,872
336,871
336,871
336,871
336,870
335,870
336,870
335,867
336,868
336,866
336,867
336,867
335,866
336,865
335,863
335,865
335,864
335,863
334,864
334,863
334,862
334,862
333,862
333,862
334,863
333,863
333,864
332,898
332,869
332,868
332,870
331,871
332,872
331,874
332,877
331,879
330,882
331,885
330,888
330,891
329,894
329,898
329,900
329,905
328,910
329,913
328,917
328,921
328,925
328,927
327,932
328,936
327,940
327,944
326,948
327,952
326,955
327,959
326,963
326,965
326,969
325,971
325,974
325,976
326,980
325,982
325,984
325,985
324,986
324,987
324,990
324,991
323,992
323,993
323,994
323,993
323,994
322,994
322,993
321,994
321,993
321,992
320,992
320,991
319,990
319,989
319,987
319,985
318,985
318,982
317,980
317,979
317,976
316,975
316,973
316,971
315,969
314,967
314,965
314,964
313,960
313,960
312,957
312,955
312,952
313,948
311,945
311,942
311,939
311,937
311,931
310,931
310,927
310,925
309,922
309,918
309,917
309,913
309,911
309,908
308,904
307,901
307,898
307,897
307,892
307,889
306,887
307,884
306,880
306,878
306,873
305,871
305,867
305,863
305,859
305,857
305,852
304,848
304,846
304,843
304,839
304,836
304,832
304,828
304,826
303,822
303,820
303,818
303,814
302,811
302,808
302,805
303,801
302,800
303,798
302,795
301,791
302,788
301,786
301,784
301,781
301,778
301,776
302,774
301,772
301,769
301,768
301,766
300,766
300,764
300,762
300,760
301,760
299,757
300,757
300,755
299,754
300,752
299,752
300,751
300,750
301,750
300,749
299,749
299,748
299,747
299,747
299,744
300,746
299,745
299,747
299,743
299,744
298,742
299,744
299,743
298,742
299,742
299,743
299,742
299,741
298,740
298,740
298,738
298,738
298,737
298,735
298,734
298,733
298,731
298,731
298,728
298,726
298,725
299,724
298,721
298,720
298,718
298,717
297,716
298,714
298,712
298,711
298,707
297,706
298,705
298,703
298,701
298,705
302,716
298,696
298,692
298,689
298,688
298,687
298,684
297,682
298,678
298,678
298,676
298,673
298,671
298,669
298,667
298,664
298,661
298,660
298,659
298,657
299,653
299,653
299,651
299,647
299,647
299,645
299,643
299,641
299,639
299,636
299,634
299,631
300,630
299,628
299,625
300,626
299,622
299,620
300,619
301,617
301,614
301,612
301,612
301,610
302,608
302,606
303,604
304,603
304,601
305,600
305,598
307,596
307,595
308,593
309,591
309,590
309,588
310,585
311,584
311,583
313,581
313,578
313,576
314,575
315,574
316,574
316,573
316,570
316,570
318,568
318,568
319,567
320,567
320,565
321,566
321,564
321,564
322,563
322,561
322,561
322,561
324,560
323,559
324,558
323,557
323,560
324,559
325,558
325,558
325,559
326,558
326,557
326,558
326,557
327,558
327,558
327,558
327,557
328,558
327,558
328,559
328,560
328,561
328,561
328,561
329,563
329,565
329,566
329,567
329,569
329,571
329,573
328,576
329,579
329,582
329,585
329,589
329,593
329,597
329,602
329,606
329,610
328,615
329,621
328,626
328,631
328,638
327,645
327,652
327,658
327,664
328,671
328,679
328,685
328,691
328,698
328,705
329,712
329,718
331,725
330,731
330,737
330,743
330,750
330,755
330,758
330,766
330,772
330,777
330,780
331,787
330,790
331,795
330,798
330,801
330,804
330,808
330,809
330,812
330,816
330,818
330,819
330,821
330,822
330,824
330,823
329,826
330,826
329,827
329,827
330,828
328,828
328,828
327,828
327,828
327,828
327,827
326,825
326,823
325,823
325,822
324,820
323,819
323,817
323,815
322,811
322,811
322,808
322,807
320,805
320,803
320,800
320,798
319,796
318,792
319,790
317,788
318,786
317,783
316,781
317,807
317,783
316,774
315,770
314,766
314,762
315,762
314,758
314,754
314,751
313,748
313,745
312,741
312,737
312,734
311,730
311,727
311,722
310,718
311,715
311,710
310,708
310,704
309,701
310,697
309,695
309,691
309,689
309,684
309,681
308,678
308,675
308,671
307,668
307,666
307,663
307,661
308,657
307,654
307,650
307,647
306,645
306,643
307,640
306,638
306,635
305,634
306,631
305,630
305,629
305,626
306,624
305,623
305,619
305,618
304,616
304,616
304,614
304,613
304,611
304,609
304,608
303,609
303,606
302,606
303,606
303,604
303,604
303,603
302,602
302,601
302,600
302,600
302,598
303,597
302,597
301,595
301,594
301,593
301,592
300,592
301,591
300,589
300,588
300,587
300,587
300,584
300,584
300,585
299,583
300,582
300,582
299,580
299,580
299,579
299,578
299,576
299,575
300,575
299,573
299,573
299,571
298,570
299,569
299,568
298,568
298,565
298,565
298,564
298,564
298,562
298,561
298,558
298,559
299,556
298,555
298,554
297,553
297,552
298,550
297,547
298,548
298,546
297,545
297,542
298,544
298,542
297,541
297,540
297,540
297,538
298,538
297,533
297,532
298,532
297,529
297,526
297,524
297,524
297,521
296,519
297,517
296,515
296,515
297,512
297,510
296,509
296,505
296,504
296,503
296,501
296,500
296,497
296,496
296,495
296,494
296,492
296,491
296,489
296,488
296,487
295,485
296,484
296,482
296,481
296,480
296,478
295,476
296,477
296,474
295,474
295,471
295,470
296,468
296,466
295,467
295,466
295,465
295,463
296,462
295,463
295,461
295,460
296,460
295,459
295,458
295,456
295,455
295,454
296,454
295,453
295,450
295,451
296,450
296,449
295,448
295,448
296,446
295,447
295,445
295,446
295,445
295,445
295,444
296,452
295,445
296,446
295,443
295,443
295,444
296,444
295,442
295,443
295,442
295,441
295,442
295,441
295,442
295,442
295,442
295,441
295,443
295,443
294,444
295,445
295,446
295,447
295,448
295,450
295,452
295,455
295,457
295,459
295,462
295,465
295,469
295,473
295,476
295,481
295,486
295,490
294,496
295,500
296,506
295,513
295,517
295,524
295,531
295,537
295,544
296,554
295,560
296,567
295,574
295,582
296,589
294,597
295,601
295,610
296,616
296,625
295,630
295,637
295,643
296,649
295,655
296,661
295,666
296,670
296,676
295,680
295,684
296,688
296,693
295,695
296,697
296,701
296,704
295,707
296,708
295,710
296,711
296,712
296,713
296,714
296,716
296,715
296,717
296,716
296,717
296,717
297,716
296,717
296,716
297,716
296,714
296,714
297,712
296,711
297,709
296,708
297,707
297,705
296,703
296,701
297,700
297,697
297,696
297,694
296,692
297,691
297,689
297,685
297,685
297,682
297,680
297,677
297,675
297,673
297,670
297,666
297,665
297,662
297,661
297,656
297,655
297,652
297,649
297,646
297,641
298,642
297,638
297,634
297,632
297,629
297,626
297,624
297,621
297,618
297,615
297,612
297,609
297,606
297,603
297,600
297,597
297,595
297,592
297,589
297,586
297,583
297,581
297,577
297,574
298,571
297,568
297,566
297,563
297,561
297,559
297,558
297,555
297,553
297,550
298,549
297,547
297,544
297,543
298,541
297,540
297,537
297,537
297,536
297,535
297,533
298,532
297,531
297,531
298,530
297,529
298,529
298,528
297,527
297,527
297,526
297,526
297,526
297,525
297,524
297,522
297,524
297,523
297,524
298,525
298,523
297,524
297,524
298,524
298,523
297,523
297,524
298,524
297,523
298,522
297,522
298,522
297,523
297,522
298,527
301,531
298,521
297,520
298,518
298,520
298,519
298,518
297,518
298,518
298,517
298,518
299,514
298,515
298,514
297,514
298,512
299,513
298,512
298,511
298,509
297,508
298,507
298,508
298,505
298,506
298,505
298,503
298,503
298,502
298,501
298,500
298,498
298,498
298,497
299,496
299,496
298,494
298,493
299,494
299,492
299,491
299,490
299,490
299,488
300,487
299,487
300,487
299,486
300,484
299,484
299,483
299,481
299,482
300,481
300,480
299,479
299,478
299,476
299,476
299,477
299,475
299,476
299,476
299,476
300,475
300,474
301,474
300,475
302,475
303,473
302,474
301,475
303,475
304,475
304,475
305,476
306,476
307,477
307,477
309,479
309,478
310,478
310,479
310,480
310,479
311,481
311,483
311,485
312,486
312,487
313,487
313,490
314,492
314,494
315,495
315,496
314,499
315,501
315,502
316,506
316,509
316,511
316,513
316,514
316,518
316,521
316,524
316,528
316,531
317,535
318,540
317,543
317,550
317,557
317,562
319,569
319,575
320,581
321,588
320,593
322,601
322,609
322,614
323,623
324,629
323,636
325,646
326,656
327,665
327,675
327,683
327,694
327,704
328,715
328,724
328,734
329,741
329,752
328,760
329,766
329,769
329,772
330,774
329,774
330,776
330,778
330,781
330,783
330,785
330,787
330,788
331,788
330,790
331,792
331,795
332,797
332,798
332,800
332,801
332,804
333,807
334,809
335,810
335,815
335,816
335,819
335,822
335,823
336,828
336,831
337,835
337,838
337,841
338,844
338,849
337,853
338,857
337,859
337,862
336,867
335,869
336,874
335,876
335,880
334,883
334,887
333,889
333,893
332,897
332,899
332,901
331,904
330,906
329,908
329,908
328,910
328,912
327,912
327,912
327,914
326,915
326,915
326,914
326,913
328,921
325,911
324,909
324,906
324,908
324,908
323,905
324,903
324,900
323,900
323,896
323,895
323,892
322,891
322,887
321,885
321,883
321,880
321,876
321,874
321,871
320,868
320,863
319,858
320,856
320,855
320,852
319,847
319,844
319,839
318,837
319,833
318,829
318,825
318,821
317,819
317,814
317,810
317,807
316,802
317,799
316,795
317,791
316,785
316,782
316,779
316,774
315,770
316,767
316,762
316,759
315,756
315,750
315,746
314,742
315,740
315,734
314,730
315,726
314,723
315,719
314,714
314,711
314,706
314,702
313,698
313,694
313,689
313,685
313,681
313,677
313,674
313,669
313,666
313,662
313,658
313,655
313,651
313,647
312,644
312,640
312,637
312,632
312,630
313,627
313,623
313,621
313,617
313,615
314,610
314,607
315,605
315,602
315,597
314,594
315,592
315,590
315,586
315,583
315,580
316,577
316,574
316,569
316,567
316,563
317,562
317,558
317,555
317,553
317,550
318,546
318,541
317,540
318,537
318,533
318,531
318,529
318,525
318,522
319,519
319,516
318,512
319,510
319,506
319,503
319,501
319,500
319,497
319,492
319,491
320,488
320,484
319,483
319,481
319,479
320,476
319,475
320,472
320,470
320,468
320,464
320,464
320,463
320,461
320,458
320,457
319,455
319,453
319,450
319,449
319,448
319,445
319,442
320,441
319,440
319,437
319,435
319,433
319,432
319,430
318,428
319,426
318,425
318,422
318,421
318,417
317,418
318,416
317,413
317,412
318,411
318,410
317,409
317,406
318,404
317,402
317,401
318,399
316,398
316,396
317,394
317,392
317,390
317,389
317,386
316,383
316,383
316,382
315,379
316,378
315,376
315,375
315,374
315,371
315,370
314,368
314,367
314,364
314,362
314,360
313,358
314,357
313,354
314,352
317,378
313,347
313,344
313,340
314,342
312,339
312,338
312,335
312,337
313,335
312,332
312,330
312,328
312,328
311,326
311,324
311,324
312,322
312,322
311,320
311,319
311,317
311,316
310,315
310,318
311,320
311,320
312,319
311,319
311,319
311,320
312,320
312,320
312,322
312,322
312,322
313,323
314,325
314,326
315,326
316,326
317,327
318,328
317,329
317,329
317,331
318,332
317,332
319,330
318,332
318,333
318,333
318,332
317,332
316,333
316,332
315,333
315,332
314,332
315,332
315,332
316,331
317,332
317,332
318,332
317,331
318,330
318,332
319,332
319,331
320,331
320,331
321,332
321,330
321,333
322,336
323,336
323,336
324,338
324,340
324,342
325,344
324,347
325,349
326,348
325,350
326,352
326,353
326,354
326,353
327,354
327,356
327,356
327,357
327,356
327,358
327,361
327,360
327,362
327,364
326,366
327,368
326,368
325,369
326,372
325,376
325,376
324,379
324,382
324,385
323,387
323,390
323,392
323,395
321,398
321,400
321,403
321,406
320,409
320,412
320,415
320,419
319,421
319,424
319,426
319,429
319,430
319,431
318,434
318,437
318,439
318,439
318,440
317,442
317,443
317,444
317,444
317,447
316,447
316,447
316,447
315,449
316,448
316,447
315,446
315,446
315,448
315,448
315,447
315,446
314,447
315,446
314,444
314,444
314,446
313,445
314,443
314,444
314,444
313,442
313,440
312,440
312,440
312,439
312,438
311,435
311,438
311,437
312,437
311,437
311,435
310,435
310,434
310,433
311,433
310,434
310,432
310,430
309,431
310,431
310,431
310,428
310,428
309,427
310,428
309,425
309,426
309,426
308,426
308,425
308,424
308,424
308,424
308,422
307,419
307,419
307,418
307,419
307,417
307,417
307,417
307,415
307,415
307,414
309,443
307,410
306,409
306,407
306,410
305,410
306,408
305,408
305,408
305,409
305,407
305,406
305,407
304,406
305,405
304,403
305,404
304,406
304,404
304,402
304,404
304,403
304,404
304,403
304,403
304,403
303,402
303,403
304,403
304,403
304,402
303,401
303,402
304,403
303,403
303,403
303,402
303,404
303,404
303,404
302,404
303,405
302,405
302,404
303,404
302,405
302,407
302,406
303,406
302,405
302,407
302,406
302,406
302,405
302,408
302,408
302,407
302,405
302,406
302,406
302,405
302,404
302,405
302,402
302,404
302,404
302,404
302,404
302,403
301,403
302,402
301,404
301,402
301,401
301,401
302,401
302,400
301,399
301,398
301,400
301,399
302,398
301,397
302,397
301,397
302,398
300,396
301,396
301,396
301,395
301,395
302,394
301,395
301,394
301,392
300,392
301,393
300,391
300,389
300,390
301,390
300,391
300,388
301,388
300,390
301,389
300,389
301,388
301,388
300,387
300,386
300,386
300,387
300,386
300,386
300,384
300,385
300,384
300,385
300,383
299,383
300,383
299,382
299,382
300,380
300,382
300,381
300,380
300,381
300,380
299,381
299,379
300,379
299,380
300,380
299,379
300,377
299,379
299,379
299,378
299,377
299,378
299,379
299,378
299,375
299,377
299,377
300,376
299,377
299,377
299,378
299,377
300,376
299,376
299,377
299,376
298,376
299,376
299,377
299,377
298,376
299,377
299,377
299,377
299,377
299,376
298,377
299,376
298,377
299,376
298,376
298,377
298,376
298,375
298,376
298,378
298,376
298,376
298,376
297,377
299,376
297,375
298,375
298,376
298,376
298,376
298,376
297,376
298,377
297,377
297,376
298,376
297,377
297,376
298,376
298,378
297,376
297,377
297,374
297,375
297,375
297,376
297,375
298,376
297,377
296,404
297,375
297,375
297,375
297,375
297,376
297,375
297,378
297,377
297,376
297,375
296,377
297,378
297,377
297,378
296,379
297,379
297,379
297,379
296,379
296,380
297,380
297,379
296,380
296,381
296,381
296,382
296,383
296,384
296,385
296,386
296,386
296,389
296,391
296,391
295,392
296,394
296,396
296,398
296,398
296,401
296,405
296,406
296,405
296,411
296,414
296,416
295,417
296,421
296,423
296,426
296,428
296,431
296,433
296,436
296,437
296,439
296,443
296,444
296,446
296,448
296,449
296,451
296,452
296,454
296,457
296,458
296,459
296,459
296,461
295,462
296,464
296,464
296,466
295,466
296,467
296,467
296,468
295,468
296,469
296,468
296,469
296,469
295,470
296,469
296,468
297,470
296,469
296,469
296,468
295,469
296,470
296,468
296,468
296,467
296,467
296,466
295,464
296,465
295,464
296,464
296,463
296,462
296,461
295,459
296,460
296,459
296,461
296,460
295,459
295,457
296,457
295,457
296,454
296,454
296,455
295,453
296,453
295,452
296,453
295,452
296,451
295,450
296,450
296,449
296,450
296,447
295,446
296,446
296,446
295,445
296,444
295,445
296,445
295,443
295,442
296,442
296,443
295,442
295,440
296,441
295,441
295,441
295,439
296,439
296,439
296,438
295,438
296,437
295,437
296,436
296,435
296,435
296,437
296,436
296,435
296,435
296,436
296,435
296,435
295,433
296,435
296,434
296,434
296,433
296,431
295,434
296,433
296,432
296,432
295,434
296,431
295,432
296,433
295,433
296,434
296,433
296,433
296,434
295,434
296,433
295,434
296,435
295,435
296,434
295,431
297,435
296,436
296,435
296,436
295,437
296,437
296,436
296,437
295,437
295,437
296,440
295,439
296,440
296,439
296,440
301,457
296,437
296,438
296,439
296,437
296,439
296,441
295,442
296,441
296,440
296,442
295,441
296,441
296,441
295,443
296,443
296,442
296,441
296,442
296,443
296,442
296,443
296,441
296,443
296,441
296,442
296,443
296,444
296,444
296,443
296,443
296,444
296,444
295,443
296,443
295,443
295,443
296,442
296,440
296,442
296,442
296,441
295,440
296,441
296,440
296,441
296,440
296,440
296,440
296,440
295,439
295,438
295,439
296,437
296,437
295,437
296,438
296,437
296,435
296,434
296,435
296,436
296,435
296,435
295,436
296,435
295,435
296,433
295,434
296,434
296,432
295,430
295,431
296,433
296,433
296,431
296,432
296,432
296,433
296,431
295,432
296,433
296,432
296,431
296,431
295,429
295,432
296,431
295,430
295,433
296,432
297,430
296,431
296,431
296,432
297,433
296,431
296,432
296,432
296,430
295,431
295,431
296,432
296,432
296,431
296,430
296,433
296,433
295,431
295,432
296,432
296,432
296,432
296,431
296,432
296,432
296,431
296,430
296,431
296,431
296,432
297,431
296,432
296,432
296,433
296,432
296,432
296,432
296,431
296,432
296,431
296,432
296,432
296,432
296,433
297,432
296,432
296,432
296,430
296,433
297,433
296,431
296,431
296,433
296,431
296,432
295,430
297,431
296,431
297,431
296,430
296,432
296,432
296,432
296,431
297,432
296,434
297,432
296,432
296,433
296,434
296,434
296,432
297,433
296,433
296,435
296,432
295,435
296,437
296,439
296,438
296,437
296,438
296,440
296,440
296,440
296,441
296,442
296,444
296,444
296,446
296,450
296,450
296,450
296,453
297,455
296,457
296,459
297,460
296,463
297,464
296,465
297,466
296,468
296,471
296,473
296,473
296,477
296,478
297,478
296,479
296,480
297,482
296,484
296,484
301,503
299,490
296,484
296,485
296,486
296,487
297,490
296,490
297,490
296,491
297,492
296,491
296,493
297,493
296,493
296,492
296,492
297,493
296,493
296,493
297,492
296,492
297,492
296,491
297,489
296,490
296,490
296,490
297,489
297,489
297,488
297,490
297,487
297,487
297,487
297,488
297,486
297,485
296,486
296,485
297,483
297,483
296,482
297,482
296,479
296,480
296,480
296,480
297,479
297,478
297,478
296,478
296,477
297,476
296,475
296,474
296,474
296,472
297,471
296,472
297,471
296,469
296,469
296,470
297,469
296,469
296,468
296,467
296,467
297,466
296,465
296,465
296,463
297,463
297,461
296,460
296,462
296,459
297,458
297,458
297,458
296,458
296,455
297,456
296,457
296,456
296,455
296,454
296,455
296,456
296,454
297,454
297,453
296,454
296,451
296,450
296,451
297,451
296,451
296,449
296,449
296,451
296,449
297,448
296,449
297,447
297,448
296,445
296,446
296,447
296,449
296,446
296,447
297,447
296,448
296,448
296,448
296,447
296,448
296,446
297,447
296,447
296,449
296,448
296,448
296,447
296,450
296,449
296,448
297,449
296,450
296,450
296,448
296,449
296,450
296,451
296,449
297,449
296,449
296,450
296,450
297,450
296,450
296,450
296,449
296,449
296,452
296,452
296,451
296,450
296,450
296,451
296,450
296,449
296,449
296,451
296,450
296,449
297,449
296,449
296,449
296,449
297,449
296,449
296,449
296,447
296,448
297,448
296,449
296,448
296,447
297,447
296,448
296,448
296,447
296,447
296,448
296,448
296,445
296,447
296,446
296,447
296,447
296,446
296,447
296,445
296,447
296,445
296,447
296,446
297,446
296,445
296,445
296,444
297,444
296,444
296,445
296,445
296,445
296,443
296,443
296,445
297,468
296,437
297,438
296,439
296,439
296,440
296,439
296,441
296,442
296,440
296,440
296,441
296,442
296,439
296,440
296,440
296,440
296,440
296,439
297,439
296,440
296,439
296,439
295,439
296,438
296,439
296,439
296,438
296,439
296,439
296,437
297,438
296,440
296,439
297,438
2