388,807
356,825
356,831
356,832
356,836
357,835
356,835
356,837
357,837
357,838
360,912
357,893
357,883
357,869
357,862
357,857
357,852
357,847
357,842
357,840
357,838
357,836
358,834
357,832
357,831
358,830
357,829
358,827
358,828
358,827
358,826
358,825
358,826
358,824
358,825
358,824
358,825
358,825
358,824
358,824
358,823
358,824
358,823
358,823
358,822
358,823
358,823
358,822
358,822
358,821
358,822
359,821
358,819
359,819
358,820
358,820
358,820
358,820
358,820
359,820
358,819
359,820
358,819
359,819
358,818
358,819
359,819
358,819
359,818
359,819
359,820
358,820
358,821
358,818
358,819
358,818
358,816
359,817
358,818
359,818
359,818
359,818
358,817
358,817
358,816
358,816
358,817
358,818
358,816
359,815
358,816
358,817
358,816
358,816
358,814
359,816
358,817
358,817
358,817
358,818
358,818
358,817
358,817
359,819
359,819
359,818
359,817
359,817
359,818
358,817
359,817
358,817
359,819
359,819
359,816
360,819
359,820
358,818
359,818
359,818
359,819
359,818
359,818
359,818
358,817
359,819
359,818
359,818
359,818
359,819
359,818
359,816
359,817
359,817
360,816
359,816
360,816
359,816
359,816
360,816
359,815
359,816
359,816
359,816
359,816
359,817
358,816
359,815
359,814
359,816
359,817
359,817
359,816
359,818
359,817
359,817
359,817
359,817
359,818
359,818
359,817
359,817
359,817
360,817
359,815
359,815
359,817
360,816
359,815
359,815
359,817
359,816
359,816
359,816
359,817
359,815
359,815
359,816
359,817
359,817
359,815
359,815
359,816
359,817
359,816
359,815
359,816
359,816
359,817
359,816
359,816
359,817
359,817
359,815
359,816
359,818
358,816
359,816
359,817
359,817
359,816
359,816
359,815
359,817
359,817
359,817
359,816
359,817
359,817
359,817
359,815
359,817
359,817
359,816
362,840
359,882
359,869
358,857
359,850
359,843
359,836
359,831
359,828
359,824
359,822
359,821
359,819
359,817
359,818
359,817
359,816
359,816
359,816
359,815
359,815
359,814
359,815
359,815
359,814
359,814
359,815
358,815
359,816
359,814
359,816
359,816
359,816
359,816
359,816
359,817
359,818
359,817
359,818
359,819
359,819
359,818
359,818
359,817
359,817
359,817
359,816
359,817
360,818
359,816
359,817
359,817
359,817
359,817
359,815
359,816
359,816
359,816
359,814
359,815
359,815
359,815
359,814
359,811
359,814
358,814
359,815
359,814
359,815
359,815
359,816
359,815
359,817
359,816
359,816
359,814
359,815
359,816
359,815
359,814
359,815
359,815
359,814
359,812
359,813
359,814
359,813
358,813
359,813
358,814
359,816
359,813
359,813
359,813
359,814
359,812
359,812
359,812
358,813
359,813
359,811
359,813
359,812
359,812
359,812
359,813
358,814
359,813
358,813
359,812
358,812
358,812
359,810
358,809
359,811
359,811
359,810
359,810
359,810
359,810
358,809
359,810
359,811
359,811
359,810
358,810
358,810
359,811
358,810
359,810
359,810
359,809
358,810
359,808
358,808
359,809
358,809
359,809
358,809
359,810
359,810
359,809
358,809
358,808
358,808
358,809
359,809
359,810
358,809
358,809
358,808
358,809
358,809
359,807
359,806
358,807
358,809
358,808
358,808
358,807
359,809
359,808
358,808
359,808
358,806
358,808
359,808
358,807
359,808
358,810
359,808
358,808
358,808
358,810
359,809
358,808
358,808
358,809
358,808
358,808
359,807
359,809
358,809
358,807
358,806
358,808
358,808
359,808
359,807
358,809
358,809
359,808
359,808
359,808
358,808
358,808
359,807
359,807
359,808
359,807
362,831
358,873
359,859
359,850
358,838
358,829
359,827
359,821
359,816
358,814
359,813
358,812
359,810
359,807
359,808
358,807
359,808
359,805
358,806
359,804
358,805
359,804
359,806
359,806
359,804
359,804
358,804
359,806
359,806
359,804
359,804
359,807
358,805
359,804
358,804
359,805
359,805
358,805
359,803
358,806
358,806
359,806
359,806
359,807
359,806
359,805
359,804
359,805
358,806
359,807
358,805
358,805
359,807
359,807
359,805
358,806
358,806
358,808
358,807
359,804
358,805
358,807
359,806
358,806
358,807
358,807
358,806
358,805
358,806
358,806
358,807
358,807
358,807
359,807
358,807
358,806
358,807
359,808
358,807
358,805
358,806
358,808
358,806
358,806
359,806
359,807
358,806
358,806
358,806
358,807
358,807
358,806
358,806
358,806
358,808
359,806
358,807
358,808
358,807
358,807
358,807
358,806
358,808
358,806
358,806
359,806
358,806
358,807
358,806
358,806
359,807
358,806
358,805
359,806
358,807
358,807
358,806
358,805
359,806
358,806
358,806
358,805
358,805
358,807
358,807
358,807
358,807
358,808
358,807
358,807
358,806
358,807
358,808
358,807
358,807
358,808
358,810
358,807
358,807
358,808
358,809
358,808
358,807
358,809
358,809
358,809
358,808
358,808
358,811
358,809
358,808
358,808
358,809
358,810
358,809
358,809
358,809
358,810
358,809
358,809
358,810
358,810
358,810
358,810
358,810
357,810
358,810
358,807
358,810
358,810
358,808
358,808
358,809
358,809
358,809
358,808
358,808
358,809
358,809
358,808
358,807
358,808
358,809
358,807
358,808
358,808
358,809
358,808
358,805
358,808
358,808
358,807
358,806
358,807
358,809
358,808
358,808
358,810
358,810
358,808
358,808
358,808
359,839
363,879
358,861
358,850
358,841
358,834
357,827
358,823
358,820
358,817
358,814
358,811
358,811
358,811
358,808
358,807
358,808
358,807
358,805
358,807
358,805
358,807
358,806
358,804
358,805
358,805
358,804
358,804
358,804
358,806
358,804
358,804
358,804
358,805
358,806
358,804
358,804
358,806
358,806
358,807
358,805
358,804
358,807
358,806
357,805
358,806
358,806
358,806
358,805
358,805
358,805
358,804
358,804
358,804
358,804
358,804
358,804
358,804
358,805
358,805
358,804
358,803
358,804
358,805
358,804
358,803
358,804
358,803
358,805
358,803
358,805
358,806
358,805
358,806
358,806
358,807
358,807
358,806
358,805
358,806
358,806
358,806
358,806
359,807
358,808
358,808
357,805
358,807
358,808
358,807
358,806
358,807
358,808
358,809
358,807
358,807
358,809
358,809
358,807
358,807
358,809
358,809
358,808
358,810
358,810
358,811
358,809
358,810
358,811
358,811
358,811
358,810
358,811
358,811
358,812
358,809
358,810
358,810
358,811
358,810
358,811
358,812
358,811
358,811
358,812
358,813
358,811
358,810
358,810
358,811
358,812
358,812
358,812
358,813
358,814
358,814
358,814
358,815
358,815
358,815
358,814
358,815
358,816
358,815
358,814
358,815
358,816
357,813
358,815
358,814
358,816
358,816
358,816
358,816
358,816
358,818
358,817
358,818
358,819
358,820
358,820
358,818
358,819
358,820
358,819
358,818
358,819
358,819
358,819
358,819
358,820
358,821
358,820
358,820
358,820
358,821
358,821
358,820
358,819
358,820
358,822
358,819
358,819
358,821
358,821
358,821
358,819
358,821
358,821
358,821
358,820
358,821
358,822
358,821
358,821
358,822
358,822
358,821
358,821
358,821
358,821
358,822
358,821
362,870
358,882
358,870
358,859
358,850
358,844
358,839
358,834
358,830
358,829
358,828
358,825
358,822
358,821
358,821
358,820
358,818
358,818
358,819
358,818
358,817
358,818
358,819
358,819
358,817
358,818
358,818
358,818
358,818
358,818
358,818
358,819
358,818
358,817
358,818
358,817
358,818
358,816
358,816
358,817
358,818
358,816
358,817
358,817
358,818
358,817
358,817
358,818
358,817
358,817
358,816
358,817
358,818
357,816
358,819
358,818
358,818
358,817
358,817
358,819
358,817
358,816
358,815
358,817
358,816
358,815
358,814
358,815
358,815
358,815
358,816
358,815
357,815
358,815
358,815
358,815
358,817
358,817
358,818
358,816
358,817
358,818
358,818
358,816
358,817
358,817
358,817
358,816
358,817
358,818
358,818
358,817
358,818
358,820
358,819
358,818
358,817
358,818
358,818
358,818
357,817
358,818
358,818
358,818
358,818
358,819
358,818
358,820
358,818
358,818
358,817
358,817
358,816
358,817
358,818
358,818
358,816
358,817
358,817
358,817
358,817
358,816
358,816
357,817
358,816
358,814
358,817
357,817
358,816
358,817
358,817
358,818
357,817
358,817
358,818
358,817
357,817
358,816
358,817
358,819
358,818
358,816
358,818
358,817
358,817
358,815
358,816
357,817
358,818
358,816
358,816
358,817
358,817
358,817
358,816
358,817
358,817
357,817
358,817
358,817
358,818
357,817
358,816
358,816
358,817
358,817
357,816
358,817
357,816
358,818
358,815
358,816
358,817
357,815
357,815
358,815
357,816
358,816
358,816
358,814
358,816
358,816
358,816
358,815
358,816
358,816
357,815
358,814
358,815
358,816
357,815
358,813
358,815
358,815
357,815
358,815
358,815
357,815
357,815
358,814
357,815
358,816
357,815
361,888
358,870
357,859
357,848
358,841
357,835
358,830
357,826
358,822
358,819
358,817
358,816
357,814
357,813
358,813
358,813
358,812
358,811
357,808
358,809
357,809
357,808
357,808
358,808
357,809
358,809
358,808
358,809
357,810
357,810
357,809
357,810
357,808
358,809
358,808
357,808
357,810
358,809
357,808
358,809
358,808
357,808
358,807
358,806
358,809
357,808
358,808
357,809
358,808
357,809
358,809
358,808
357,810
358,810
357,809
357,809
358,810
357,810
358,810
358,808
358,810
358,809
358,810
357,809
358,809
358,811
358,809
358,808
357,808
357,809
357,809
357,807
358,808
358,810
358,810
358,809
358,808
358,807
358,809
358,808
358,808
358,809
357,807
358,808
357,806
358,807
357,806
358,807
357,807
357,807
358,810
357,809
358,807
357,807
357,808
357,808
358,808
358,807
358,808
358,809
358,808
358,807
357,809
357,808
357,807
358,808
358,809
358,810
358,809
357,809
358,809
357,810
357,810
358,808
357,809
357,809
357,809
358,809
358,809
358,810
358,810
357,808
358,809
357,810
358,810
357,810
357,809
358,810
357,810
357,809
357,808
357,809
358,809
357,809
357,808
358,807
358,809
357,809
357,808
358,808
357,808
358,809
357,809
358,809
357,809
358,809
358,808
358,806
357,807
357,807
358,807
358,806
358,809
358,808
358,808
357,807
357,808
357,808
357,809
357,807
358,809
357,809
358,810
358,809
358,809
358,809
358,810
357,809
357,809
358,810
358,810
358,808
358,809
357,811
358,811
357,811
358,811
358,812
358,812
358,812
358,812
358,813
358,813
358,813
357,813
357,812
358,814
357,813
358,813
357,814
358,814
357,814
358,814
358,815
357,815
358,814
357,814
357,814
358,815
358,815
358,815
358,814
363,852
361,893
357,881
358,867
357,853
358,846
358,839
357,833
358,828
358,825
357,822
357,818
357,817
357,815
358,814
357,813
357,811
358,812
357,812
357,810
358,809
357,810
357,811
357,810
357,809
357,810
358,812
357,811
357,811
357,812
357,813
358,813
358,812
357,813
358,814
357,813
358,813
357,813
358,813
357,813
357,812
358,812
357,813
357,813
357,812
357,813
357,813
357,815
357,814
358,814
357,814
358,815
358,814
357,814
357,815
357,814
358,814
357,814
357,814
358,816
357,815
357,815
357,815
357,815
357,813
357,814
358,813
357,815
358,815
358,815
357,816
357,816
357,815
357,816
358,816
358,816
357,816
359,816
357,815
358,816
357,816
357,817
358,816
358,817
357,816
357,817
357,815
357,815
358,816
357,816
357,815
357,815
357,816
357,817
358,816
357,816
357,817
357,816
357,817
357,816
357,816
357,817
357,816
358,816
357,815
358,818
357,817
357,816
357,816
357,817
358,817
357,816
358,817
357,816
358,816
357,815
357,814
357,815
357,814
357,814
358,812
357,814
358,814
358,815
357,812
357,812
357,814
358,815
358,813
358,813
357,813
358,814
358,814
358,814
358,814
357,814
358,814
358,815
357,814
357,814
358,812
358,813
357,814
357,814
357,814
357,812
357,815
358,814
357,813
357,812
357,813
358,815
357,815
357,815
358,815
357,814
358,815
358,815
357,816
357,815
358,814
357,816
358,815
357,816
358,818
358,815
358,815
358,816
357,816
357,816
358,814
357,816
357,817
358,816
358,815
358,817
357,817
357,816
358,815
357,816
358,817
357,816
358,815
358,815
358,816
357,816
358,814
358,815
358,814
358,815
358,813
358,814
358,813
358,814
358,814
358,814
358,814
358,815
358,813
358,813
358,813
360,844
363,902
358,877
358,866
357,853
357,845
357,838
357,831
357,827
358,822
358,819
358,816
358,815
358,814
358,811
358,810
357,810
358,810
358,809
358,808
358,809
357,809
358,807
358,806
358,804
357,808
358,807
358,806
358,807
358,808
358,807
358,806
358,806
358,808
358,807
358,807
358,807
358,807
358,808
358,806
358,805
358,808
358,807
358,808
358,806
358,807
358,807
358,806
358,806
358,806
358,808
357,808
358,807
358,808
358,807
357,807
357,806
358,807
357,808
358,807
357,806
358,807
358,808
358,807
357,806
357,807
357,808
358,808
357,807
358,807
358,808
357,809
357,807
358,807
358,808
357,809
358,808
357,807
358,808
358,809
357,809
357,808
357,807
357,809
357,809
357,806
357,808
357,808
357,809
358,808
357,808
357,809
357,810
357,809
357,809
357,810
357,811
357,808
357,809
358,810
357,811
357,809
357,809
357,810
357,810
357,810
357,809
358,809
357,811
357,811
357,811
357,811
357,811
357,812
357,811
357,811
357,811
357,812
357,811
358,810
357,811
357,811
357,811
357,810
357,811
357,813
357,812
357,811
357,812
357,812
357,812
357,811
357,810
357,812
357,813
357,811
357,811
357,811
357,811
357,811
358,810
357,811
357,812
357,811
357,810
357,811
357,809
357,811
357,810
357,810
357,811
357,810
357,811
358,811
357,812
358,812
357,810
357,811
357,812
357,813
357,810
357,811
357,811
357,811
357,810
358,810
357,809
357,811
357,811
357,812
357,810
357,811
357,810
357,808
357,811
357,811
357,811
356,811
357,812
357,813
357,811
357,810
357,810
357,811
357,811
357,810
357,809
356,811
357,811
357,810
357,810
357,810
357,811
357,812
357,811
357,812
357,812
356,812
357,810
358,812
357,812
358,812
359,866
357,875
357,863
357,851
356,839
357,834
357,829
357,824
356,820
357,818
357,816
356,814
357,813
357,811
357,811
357,811
357,809
357,810
357,810
357,809
358,809
357,807
357,809
357,808
357,807
357,807
357,808
357,808
357,809
357,808
357,808
357,809
357,810
357,809
357,809
357,810
357,810
357,808
357,808
357,811
357,811
357,809
357,809
357,811
357,811
357,811
358,810
357,811
358,812
357,812
357,810
357,811
357,812
357,813
357,811
357,811
357,812
357,812
357,812
357,813
357,813
357,814
357,813
357,813
357,814
357,814
357,812
357,812
357,814
357,814
357,815
357,812
357,813
357,815
357,815
357,814
357,814
357,814
357,815
357,814
357,813
357,815
357,814
357,814
357,812
357,814
357,814
357,815
357,814
357,813
357,814
357,814
357,813
357,813
357,815
357,815
357,814
357,815
357,816
357,816
357,815
357,816
357,816
357,816
357,814
357,816
357,817
358,817
357,815
357,815
357,816
358,817
357,815
357,814
357,816
357,816
357,816
357,814
357,816
357,815
357,816
358,815
357,816
357,816
357,817
357,815
358,816
357,816
357,816
357,815
357,814
357,815
357,815
357,814
357,814
358,814
358,815
358,815
357,814
357,815
357,817
357,814
357,815
357,815
357,814
357,816
358,813
357,814
357,814
357,814
357,814
357,813
357,814
357,814
357,813
357,814
357,814
357,815
357,813
358,815
357,814
357,814
357,814
357,813
357,812
357,814
357,813
357,812
357,815
357,815
357,815
357,813
357,815
357,816
358,815
357,814
357,813
357,815
357,815
357,813
357,815
357,816
357,816
357,815
357,815
357,816
357,815
357,815
357,815
357,815
357,817
357,815
357,815
357,816
357,816
357,816
357,816
357,816
357,817
357,816
358,816
357,816
357,816
357,816
361,887
357,872
357,860
357,852
357,844
358,838
357,833
357,829
357,825
357,822
357,821
357,820
357,817
357,816
357,815
357,814
357,814
358,814
357,813
357,813
357,812
357,811
357,810
357,811
358,811
357,811
357,810
357,812
357,811
358,811
357,811
357,811
357,810
357,811
357,810
357,811
357,813
357,812
357,812
357,812
357,813
357,813
357,811
357,812
357,812
357,812
357,811
357,812
357,812
357,812
357,811
357,810
357,811
357,811
357,811
357,811
357,811
357,812
358,811
357,810
357,810
357,811
357,811
357,810
357,811
357,812
357,811
357,811
357,811
357,812
357,811
357,810
357,809
357,811
357,811
357,809
357,809
357,811
357,811
357,810
357,810
357,810
357,811
357,809
357,810
357,811
357,812
357,811
357,809
357,811
357,811
357,811
357,811
357,812
357,811
357,810
357,811
357,810
357,811
357,811
357,808
357,809
357,811
357,810
357,811
357,811
357,810
357,810
357,810
357,810
357,810
357,811
357,810
357,809
358,810
357,811
357,810
357,810
357,810
357,810
358,811
357,810
357,809
357,811
358,812
358,810
357,810
358,811
357,811
357,810
357,810
357,811
357,810
358,810
358,809
357,810
357,810
357,809
357,810
357,810
358,811
357,811
357,810
357,810
357,810
357,810
358,809
357,810
357,810
357,809
357,810
357,809
357,811
357,811
358,810
357,810
357,810
358,809
357,809
357,806
357,807
357,807
357,807
357,806
357,805
357,807
357,806
357,805
357,806
357,806
358,805
357,805
357,806
357,807
358,806
357,806
357,806
358,806
357,807
358,806
358,807
357,808
358,806
357,807
357,806
357,807
357,807
357,807
357,806
357,807
358,807
357,807
357,806
357,807
357,807
357,808
357,808
357,807
358,808
357,808
361,837
361,874
357,860
357,850
357,840
357,832
357,827
357,823
357,818
357,815
357,812
357,811
357,808
357,807
357,806
357,807
357,805
357,805
357,805
357,806
357,805
357,804
358,805
357,805
357,805
357,803
357,803
357,805
357,805
357,804
357,804
357,805
357,805
357,804
357,803
357,804
357,805
357,805
357,804
357,804
357,805
357,804
357,803
357,803
357,806
357,805
357,803
357,804
357,805
357,806
357,804
357,803
357,804
357,805
358,803
357,804
357,805
357,805
357,805
357,804
357,805
357,806
357,804
357,804
357,804
357,805
357,802
357,803
357,804
357,804
357,805
357,804
357,804
357,806
357,805
357,806
358,806
358,807
357,807
357,806
357,808
357,808
357,808
357,808
357,808
357,808
357,808
357,809
358,808
357,810
357,811
357,811
357,810
357,808
357,809
357,809
357,809
358,810
357,810
357,811
357,809
357,810
357,812
357,812
357,811
357,813
357,812
357,814
357,813
357,813
357,813
357,814
357,813
357,811
357,813
357,814
357,815
357,813
357,812
357,814
357,814
357,812
357,812
357,814
357,815
358,813
357,814
357,814
357,814
357,813
357,814
357,815
357,814
357,814
357,813
357,814
357,814
357,814
357,813
357,814
357,814
357,814
357,812
357,813
357,815
357,815
357,813
357,813
357,814
357,815
357,815
357,814
357,816
357,816
357,815
357,815
357,815
357,816
358,815
357,813
357,815
357,816
357,816
357,815
357,816
357,815
357,816
357,814
357,815
357,816
357,816
357,816
357,815
357,817
357,818
357,818
357,816
358,818
357,818
357,817
358,817
357,817
358,818
358,818
357,817
357,817
358,819
358,816
357,818
357,818
357,819
357,819
357,818
357,818
357,819
357,818
357,818
357,817
357,817
358,818
357,817
358,818
357,818
357,819
357,819
361,848
359,886
357,871
358,858
357,850
357,843
357,838
357,833
357,828
357,826
358,824
357,822
357,819
357,818
357,818
357,817
357,816
357,815
357,815
357,814
357,813
357,813
358,813
357,812
358,813
358,813
357,813
357,814
357,813
358,813
357,813
357,814
357,814
357,813
357,813
357,814
357,813
357,813
357,812
357,814
357,813
357,812
357,813
357,815
357,813
357,813
357,813
357,814
357,813
357,813
358,813
357,813
358,814
358,813
357,813
358,814
357,813
358,813
357,811
357,811
357,812
357,812
357,811
357,811
357,812
357,813
357,812
357,813
357,813
357,814
358,813
357,812
357,813
357,813
357,813
357,813
357,813
358,812
357,812
357,811
358,813
358,812
358,811
357,810
357,809
358,811
357,811
357,809
358,811
358,812
357,812
358,811
357,811
357,811
357,812
357,812
358,810
357,812
357,812
357,810
357,811
358,813
357,812
357,811
358,810
358,810
357,811
358,810
357,810
358,810
358,811
357,810
358,809
357,810
358,810
358,810
358,811
357,811
358,812
357,812
358,811
357,810
358,811
357,811
357,810
357,810
358,810
358,811
358,810
358,810
357,809
358,811
357,810
357,810
357,810
358,811
357,811
358,808
357,811
358,812
358,811
357,811
357,811
358,812
357,811
358,809
357,810
357,811
358,811
357,811
357,812
358,812
357,811
358,812
357,810
357,811
358,811
357,812
357,810
358,811
357,811
357,811
357,810
357,810
357,810
358,810
358,810
358,810
357,811
358,811
357,810
358,809
357,811
357,811
357,809
357,810
357,812
357,812
357,811
358,810
357,810
358,811
357,810
358,810
357,810
358,812
357,811
358,810
357,809
357,811
358,812
357,810
358,810
358,813
357,811
358,810
357,810
357,810
358,812
357,809
357,810
357,810
358,811
357,812
357,842
360,878
358,864
357,850
358,842
357,835
357,829
357,825
358,819
357,817
357,814
358,812
357,810
357,809
358,809
358,810
357,807
358,806
358,807
357,807
357,806
358,805
357,808
358,805
358,804
358,805
357,804
358,805
357,805
357,804
357,804
359,806
357,804
358,804
358,804
357,805
358,804
357,803
357,804
357,804
357,804
357,805
357,804
358,806
357,804
358,805
357,805
358,807
358,806
357,805
357,805
358,806
357,806
357,808
357,805
358,807
358,806
358,806
357,805
358,806
357,807
358,806
357,806
357,806
357,806
358,807
358,807
357,805
357,807
357,807
357,805
358,806
357,806
358,808
358,807
358,807
358,807
357,808
357,808
358,809
357,808
358,809
357,807
357,808
358,807
358,807
358,807
357,807
358,807
357,808
357,807
357,807
357,806
357,808
358,809
358,808
358,807
358,808
358,808
357,807
358,807
357,807
357,808
358,808
358,807
357,808
357,808
357,807
357,808
358,807
357,809
357,808
357,807
357,808
358,808
357,809
357,809
357,808
358,808
357,808
358,808
357,808
358,808
357,809
357,810
357,807
358,809
358,809
358,809
357,809
358,810
357,811
358,811
357,809
357,810
357,810
358,810
357,809
357,810
357,810
357,812
357,811
358,811
357,811
357,812
358,810
358,810
358,812
358,813
357,812
358,811
357,812
357,813
357,813
357,813
358,814
358,814
358,814
357,812
358,812
358,813
357,814
357,814
357,814
358,814
357,814
358,812
357,812
358,815
358,815
357,816
357,815
358,817
357,816
357,815
357,815
357,814
358,815
358,814
357,814
357,813
358,814
357,815
357,813
357,814
357,814
357,813
357,815
357,814
357,816
358,816
357,815
358,815
358,816
357,816
358,816
357,815
358,815
357,816
358,815
358,814
357,816
357,815
358,815
358,815
361,887
358,872
357,861
357,848
357,841
358,836
358,829
357,826
358,822
358,821
357,819
358,816
358,814
358,813
357,814
357,812
357,811
358,811
358,812
358,811
358,810
358,811
358,812
358,809
358,810
357,812
358,811
358,811
358,811
358,812
358,812
358,814
358,811
358,813
358,813
358,813
358,812
358,812
358,812
358,813
358,812
358,813
358,812
357,811
358,812
358,812
358,812
358,813
358,812
358,812
358,813
357,814
358,813
358,812
358,812
358,813
358,814
357,813
358,812
358,813
358,813
358,811
358,812
358,810
358,810
358,810
358,810
358,811
357,810
358,810
358,809
358,810
358,810
358,810
358,809
358,810
358,811
358,811
358,809
358,810
357,811
358,812
357,812
358,811
357,811
358,812
358,810
358,810
358,811
358,812
358,811
358,813
358,812
358,812
358,811
358,811
358,812
358,812
358,811
358,812
358,812
358,813
358,812
358,811
357,810
358,814
358,813
357,813
358,812
358,812
358,813
358,811
358,811
358,812
358,814
358,812
358,812
358,812
358,814
358,813
358,814
357,813
358,813
358,814
358,813
358,813
358,814
358,813
358,814
358,813
358,813
358,813
358,812
358,812
358,813
358,813
358,813
358,813
358,814
358,814
358,814
358,813
358,814
358,815
358,814
358,813
358,813
358,815
358,815
358,815
358,814
358,815
358,815
358,814
358,815
358,815
358,814
358,814
358,813
358,815
358,814
358,813
358,812
358,813
358,812
358,811
358,811
358,813
358,813
358,813
358,812
358,813
358,815
358,813
358,813
358,813
358,816
358,815
358,814
358,814
358,816
358,815
358,814
358,813
358,814
358,814
358,814
358,815
358,815
358,815
358,815
358,815
358,816
358,816
358,816
358,815
358,815
358,816
358,814
358,814
358,814
358,815
358,816
358,814
361,868
358,880
358,866
358,853
358,846
358,840
358,834
358,829
358,824
358,822
358,820
358,817
358,814
358,814
358,814
358,813
358,811
358,811
358,810
358,810
359,808
358,807
358,810
358,807
358,807
358,808
358,808
358,809
358,808
358,809
358,809
358,809
358,808
358,808
358,808
358,809
358,809
358,809
358,810
358,810
358,811
358,809
358,808
358,808
358,809
358,809
358,811
358,810
358,810
358,808
358,808
358,809
358,809
358,808
358,808
358,808
358,809
358,807
358,807
358,809
358,810
358,809
358,809
358,810
358,811
358,810
358,808
358,810
358,811
358,811
358,810
358,810
358,809
358,810
358,810
358,810
358,811
358,810
358,810
358,811
358,812
358,813
358,810
358,812
357,810
358,812
358,811
358,813
358,813
358,812
358,811
358,811
358,812
358,812
358,813
358,813
358,813
358,812
358,812
358,813
358,812
358,813
358,815
358,812
358,813
358,814
358,814
358,814
358,813
358,812
358,814
358,813
358,813
358,814
358,814
358,813
358,812
358,812
358,814
358,812
358,813
358,812
358,814
358,813
358,813
358,812
358,813
358,814
358,813
358,813
358,814
359,815
358,811
358,813
358,814
358,813
358,813
358,812
358,813
358,813
358,812
358,811
358,812
358,812
358,812
358,810
358,811
358,812
358,813
358,812
359,812
358,813
358,813
358,812
359,814
358,814
359,814
358,812
359,813
358,813
358,813
358,813
358,812
358,812
359,813
358,811
358,811
358,812
358,813
358,814
358,813
358,813
358,814
358,812
358,811
358,812
358,814
358,814
358,813
358,813
358,814
358,814
358,814
358,814
358,815
358,814
358,815
358,814
358,814
358,816
359,815
358,813
358,813
358,816
358,815
358,815
358,813
358,814
358,813
358,813
358,814
358,813
357,891
358,872
358,861
358,851
358,842
358,837
358,830
358,825
358,824
358,821
358,818
358,817
358,817
358,815
358,814
358,813
358,813
358,813
358,812
358,811
358,813
358,813
358,812
358,811
358,810
358,814
358,812
358,812
358,813
358,814
358,812
358,812
358,813
358,814
358,814
358,813
359,813
358,814
358,814
358,813
358,814
359,816
358,816
358,814
359,814
358,815
358,815
359,814
358,814
358,814
358,815
358,814
358,814
359,816
358,816
358,814
358,814
358,815
358,816
358,815
359,816
358,816
359,816
358,816
358,815
359,816
358,817
359,815
359,817
358,817
358,818
358,818
358,817
358,818
358,819
358,819
358,818
359,817
358,817
359,817
358,817
358,816
358,817
358,818
358,816
358,816
358,816
358,817
358,817
358,817
359,816
359,818
359,818
359,818
358,818
358,819
359,819
358,817
359,816
358,819
358,819
358,818
358,817
358,818
358,817
359,818
358,818
359,818
358,818
359,817
359,817
358,817
359,819
359,818
358,817
358,818
358,819
358,819
358,818
358,819
358,819
359,819
358,817
359,818
359,817
359,817
359,817
358,816
358,818
358,818
359,817
358,817
359,818
358,818
358,816
358,817
359,818
358,819
358,818
358,817
358,817
358,818
358,817
358,817
359,817
358,816
358,816
358,816
358,817
358,817
358,817
358,816
359,816
358,817
359,817
358,817
359,815
359,816
358,816
358,816
358,816
359,817
358,817
359,817
359,815
358,815
359,816
359,817
358,816
358,816
358,817
359,816
359,815
359,816
358,816
359,816
358,815
358,815
359,816
358,816
358,817
359,816
358,817
358,818
358,817
358,815
358,817
359,817
359,817
358,815
359,817
359,817
359,817
358,816
358,816
358,817
358,816
359,816
359,816
359,817
359,817
358,817
358,816
359,872
358,885
358,870
358,856
359,849
358,843
358,836
358,831
358,827
359,824
358,822
359,819
359,817
358,815
358,816
358,814
359,813
358,814
359,813
358,813
358,812
358,812
358,812
358,811
359,811
358,812
358,814
358,812
358,812
358,813
359,813
358,813
358,812
359,811
358,812
358,811
358,811
358,811
358,813
358,812
359,812
359,812
359,813
359,813
359,813
358,813
358,813
358,813
359,813
359,812
358,813
358,813
359,814
358,813
358,813
358,814
359,814
358,813
359,813
359,814
359,814
358,812
359,813
359,813
358,812
358,814
358,813
359,814
358,815
359,813
358,814
358,815
358,815
358,814
358,813
359,815
359,815
359,814
358,813
358,816
359,815
359,815
359,813
359,814
358,816
358,814
358,813
358,814
359,815
359,815
358,814
359,815
359,815
358,815
358,814
358,814
358,815
358,814
359,813
359,814
358,816
359,815
359,815
358,814
358,814
359,815
358,815
359,814
358,816
359,817
358,816
359,815
358,816
358,815
358,816
359,815
358,815
358,816
359,815
358,814
359,815
358,815
359,816
359,814
359,815
358,816
358,816
358,815
358,816
358,817
359,818
359,815
359,815
359,815
359,815
359,814
359,813
359,813
358,812
359,813
359,813
359,813
358,814
359,813
359,813
359,810
359,812
359,813
358,812
359,811
359,811
359,812
358,812
358,811
358,812
359,813
358,813
359,813
359,813
358,814
359,813
358,814
358,814
359,814
358,815
359,814
359,813
359,814
359,815
358,814
359,814
358,814
358,814
359,813
358,813
359,813
359,814
359,814
359,814
359,815
359,816
359,815
359,815
358,816
359,815
359,816
359,815
359,816
359,817
358,817
359,816
358,816
359,817
359,816
359,816
359,816
358,817
359,818
359,816
359,815
359,873
358,884
359,868
358,856
358,848
359,841
359,834
359,829
359,825
358,824
359,820
359,817
359,816
359,816
359,814
359,813
359,811
359,811
359,811
358,810
359,810
359,811
359,810
359,811
358,811
358,812
358,812
358,811
359,811
359,813
359,814
359,813
359,813
359,814
359,813
359,812
359,812
359,812
359,812
359,813
359,813
359,811
359,813
359,812
359,812
359,812
359,810
359,813
359,812
359,813
359,813
359,813
359,813
359,813
359,813
359,814
359,813
359,813
359,815
358,815
359,815
359,814
359,815
359,816
359,816
359,816
359,815
359,815
359,816
359,815
359,815
359,816
359,816
359,815
359,815
359,815
359,817
359,816
358,815
359,815
359,816
359,816
359,816
359,816
359,816
359,817
359,815
359,816
359,816
359,817
359,816
359,816
359,818
359,816
359,816
359,816
359,816
359,818
360,817
359,816
359,817
359,817
359,817
359,816
359,818
359,818
359,817
359,815
359,817
359,819
359,818
359,818
359,817
359,818
359,819
359,819
359,820
359,820
359,820
359,820
359,819
359,821
359,821
359,819
359,818
359,821
359,821
359,819
359,820
359,821
359,821
359,819
359,820
359,819
359,820
359,820
359,819
359,820
359,821
359,821
359,821
359,821
359,821
359,822
359,820
359,821
359,821
359,822
359,820
359,820
359,820
359,820
358,821
359,821
359,821
359,823
360,822
359,821
359,822
359,822
359,822
359,821
359,822
359,822
359,822
359,822
359,823
359,821
359,824
359,822
359,820
359,823
359,823
359,823
359,823
359,822
359,823
359,823
359,821
359,821
359,822
359,823
359,822
359,823
359,823
359,823
359,820
359,820
359,822
359,821
359,821
359,820
359,822
359,821
359,821
359,821
359,821
359,821
359,821
359,821
359,821
363,848
359,890
359,875
359,865
359,856
359,848
359,839
359,837
359,833
359,830
359,826
359,825
359,823
359,822
359,820
359,819
359,817
359,817
359,817
359,815
359,817
360,817
359,818
359,817
359,817
359,818
359,815
360,816
359,818
360,818
359,818
359,817
359,818
360,818
359,818
359,817
359,818
359,819
359,819
359,818
359,818
359,820
359,820
359,819
359,818
359,820
359,820
360,819
359,819
359,820
359,821
360,821
359,819
360,820
359,821
359,820
359,819
359,819
359,820
359,820
359,819
359,819
359,819
359,819
359,819
359,818
359,817
359,818
360,818
360,817
360,818
360,819
359,819
359,818
359,818
360,819
360,818
360,818
360,819
359,820
359,819
359,818
359,818
359,819
360,819
359,817
359,816
360,819
359,818
359,817
359,818
359,819
360,819
360,818
360,818
359,818
359,819
360,819
359,818
359,818
359,820
359,819
359,819
359,820
359,820
359,819
360,818
359,819
359,819
359,819
359,818
359,818
359,819
359,819
359,818
359,818
360,819
360,820
360,818
359,817
359,817
360,819
359,818
359,817
359,819
359,818
359,819
359,817
359,817
360,819
359,818
359,818
360,820
359,818
359,818
360,818
359,818
359,817
359,818
359,818
360,818
359,817
360,817
360,817
359,816
359,816
360,817
359,816
359,816
359,816
360,817
359,816
359,816
359,816
359,816
359,816
359,816
359,817
360,818
360,819
359,817
360,818
359,819
360,819
359,819
360,818
359,818
359,818
359,818
359,818
359,817
359,818
360,817
359,816
360,817
360,819
359,817
360,816
360,817
359,817
359,818
359,816
359,816
360,817
360,817
359,817
359,817
359,818
359,815
359,817
359,817
359,818
360,817
360,816
360,817
359,817
360,817
359,817
360,817
360,817
359,818
359,817
360,817
359,817
359,818
363,843
360,889
360,874
359,862
360,853
360,846
360,839
360,836
360,831
360,826
360,824
359,823
360,822
360,820
359,819
360,818
361,818
360,818
359,815
360,816
359,815
359,813
359,813
359,812
360,814
360,812
359,814
360,812
360,813
360,813
360,813
360,813
359,814
360,814
359,813
360,814
360,814
360,812
360,813
359,813
360,813
359,814
359,814
360,814
360,816
360,814
360,815
359,813
360,813
359,815
359,814
360,814
360,814
360,815
359,814
359,814
359,813
360,813
360,814
360,814
359,813
360,815
360,814
360,813
360,814
360,814
359,815
360,815
360,813
360,814
359,814
360,814
360,814
360,814
360,815
360,815
360,814
359,814
360,815
360,814
360,814
359,815
360,814
360,813
360,810
359,812
360,813
359,814
359,813
360,814
360,815
360,815
360,814
360,814
360,815
360,816
360,814
360,814
360,814
359,814
360,814
360,813
360,813
359,814
360,814
359,814
359,813
359,814
359,815
360,814
360,814
360,815
360,814
360,813
360,813
360,813
360,813
359,814
360,813
359,814
360,814
360,814
360,814
360,815
360,816
359,814
360,814
359,814
360,815
360,816
359,815
359,814
359,816
359,814
360,814
359,814
360,816
359,815
360,815
360,815
360,816
360,816
360,816
360,815
360,815
360,814
360,815
360,815
360,815
360,816
360,816
360,816
359,815
360,816
360,816
360,816
360,816
360,818
361,817
360,817
360,818
360,817
360,817
360,815
360,815
359,815
360,816
359,816
360,817
359,816
359,816
360,816
359,816
360,816
360,817
360,817
360,817
359,818
360,818
360,817
360,817
360,817
359,818
360,818
359,819
360,819
360,820
360,819
360,820
360,819
360,820
360,821
360,821
360,820
360,819
360,821
360,821
360,821
359,821
360,822
360,821
359,820
360,821
360,822
360,820
363,849
359,890
360,876
359,861
360,855
360,847
360,840
360,834
360,830
360,827
360,824
360,822
360,821
360,818
360,818
360,816
360,816
359,815
360,815
360,816
360,816
360,815
360,816
360,815
360,814
360,814
360,816
360,816
360,816
360,816
360,816
360,816
360,815
360,814
360,815
360,816
360,817
360,816
359,816
360,817
360,817
360,817
359,817
360,818
360,818
360,819
360,818
360,819
360,820
360,819
360,819
360,820
360,819
360,821
360,821
360,820
360,820
360,820
360,819
360,819
360,819
360,820
360,820
360,819
360,817
360,817
360,818
360,817
360,818
360,819
360,818
360,818
360,817
360,818
360,818
360,820
360,819
360,819
360,819
360,820
360,819
360,820
360,820
360,819
360,818
360,819
360,820
360,820
360,821
360,821
360,821
360,822
360,821
360,822
360,822
360,823
360,822
360,821
360,822
360,822
360,822
360,821
360,821
360,822
360,822
360,822
360,821
360,822
360,822
360,822
360,823
360,822
360,822
360,821
359,821
360,822
360,822
360,821
360,823
360,822
360,824
360,823
360,823
360,823
360,823
359,823
360,823
360,823
360,823
360,822
360,822
360,823
360,824
360,823
360,824
360,824
360,825
360,825
360,823
360,825
360,824
360,825
360,824
360,824
360,823
360,823
360,824
360,824
360,824
360,824
360,824
360,824
360,824
360,824
360,824
360,823
360,824
360,824
360,824
360,823
360,823
360,824
360,823
360,823
360,823
360,823
360,823
360,823
360,823
360,823
360,823
360,823
361,823
360,824
360,824
360,823
360,823
360,824
360,823
360,823
360,823
360,823
360,824
360,823
360,822
359,822
361,822
360,821
360,822
361,822
360,822
361,822
360,821
360,822
360,822
360,823
361,822
360,822
361,823
361,823
361,821
360,822
360,823
360,823
360,820
364,857
360,893
360,879
360,866
360,857
360,848
360,843
360,837
360,832
361,830
360,828
360,825
360,824
360,822
360,822
360,819
360,820
360,819
360,819
360,818
360,818
361,818
360,818
360,818
360,817
360,816
360,816
360,817
360,816
360,816
360,816
360,816
360,817
360,817
360,818
360,818
360,817
361,817
360,816
361,816
360,817
361,817
360,816
360,817
360,818
360,816
360,816
360,817
360,818
360,818
360,817
360,817
360,818
360,817
360,816
360,818
360,818
360,817
360,816
361,818
360,816
360,816
361,817
360,816
361,817
360,817
360,817
360,817
360,818
360,818
360,818
360,818
360,818
361,818
360,818
361,817
360,818
361,818
360,819
360,819
360,818
360,819
361,820
360,819
360,820
360,820
360,819
361,819
360,819
360,819
360,820
360,819
361,820
361,821
361,821
360,821
360,820
360,821
361,821
360,821
360,820
360,820
360,821
360,821
360,821
361,821
360,821
360,820
360,819
360,821
360,821
360,820
361,820
360,819
361,821
360,820
360,820
360,820
360,820
360,821
360,821
360,820
360,821
360,820
361,822
360,821
360,821
360,822
361,821
361,820
360,822
360,821
361,821
360,820
360,820
360,820
360,820
360,819
360,819
360,819
360,820
360,818
360,819
361,820
360,820
360,819
360,819
360,820
360,819
361,819
360,819
360,820
360,821
360,819
361,821
360,820
360,821
361,820
360,820
360,821
360,822
361,820
360,821
360,821
361,821
360,820
361,819
360,820
360,820
360,821
360,820
361,820
360,819
360,819
360,819
360,820
360,820
360,819
360,819
360,819
361,819
360,820
360,821
360,818
360,818
360,819
360,820
361,819
361,820
360,819
360,820
360,820
360,820
360,820
361,819
361,818
361,818
361,819
361,819
361,819
361,819
361,820
360,818
361,875
360,885
360,873
360,861
360,853
361,845
361,838
361,834
361,830
360,827
360,824
360,822
361,820
360,819
361,819
360,818
361,817
360,817
360,816
360,814
361,815
360,815
360,815
361,816
360,816
361,818
360,816
361,816
360,817
360,817
361,817
360,817
360,817
360,817
361,816
360,817
361,816
360,816
361,817
360,816
360,818
361,819
360,818
361,819
361,818
361,819
361,819
361,819
360,820
361,819
361,820
361,821
360,821
361,820
361,818
361,817
360,816
360,816
360,814
361,814
361,816
360,815
360,817
361,817
360,816
361,816
361,817
360,816
360,816
361,818
361,818
360,818
360,817
360,817
360,818
360,818
360,818
360,819
360,820
360,821
361,820
360,821
361,821
361,822
360,822
360,822
361,822
361,820
360,820
361,821
361,821
360,821
360,821
361,819
360,821
361,821
360,821
360,822
360,822
360,823
360,820
361,821
361,823
361,823
361,823
360,823
361,824
361,824
361,824
361,824
361,824
360,825
361,824
361,825
361,826
361,827
361,827
361,825
361,824
361,824
360,824
361,824
361,824
361,824
361,825
361,825
361,825
360,825
361,825
361,826
360,825
361,825
360,826
361,824
360,824
361,825
361,827
361,826
361,826
361,828
361,826
361,827
361,827
361,827
361,828
362,829
361,829
361,828
361,828
361,828
361,828
361,828
361,829
360,828
361,829
361,828
361,827
361,828
361,827
361,827
361,828
361,828
361,828
361,828
361,828
361,829
361,830
361,829
361,829
361,831
362,830
361,830
361,829
361,829
361,828
361,828
361,828
361,829
361,829
361,830
361,828
360,826
361,828
361,828
361,828
361,827
361,827
361,827
361,828
360,829
361,829
361,829
361,827
361,829
361,828
361,828
361,828
361,827
360,828
361,828
361,828
361,828
361,827
360,862
361,898
361,882
361,871
361,862
360,854
361,848
361,843
361,839
361,835
361,833
361,831
361,830
361,828
361,826
361,825
361,825
361,824
361,823
360,820
361,822
361,821
361,821
361,821
361,822
361,821
361,821
361,820
361,820
361,821
361,820
361,820
360,820
361,822
361,820
362,820
361,821
362,821
361,821
361,819
361,819
361,820
361,820
361,819
361,819
361,820
361,819
361,818
361,819
361,818
361,818
361,818
361,819
361,820
361,821
360,820
361,821
361,820
361,821
361,820
361,821
361,821
361,822
361,822
361,820
361,821
361,822
361,822
361,823
361,822
361,822
361,821
361,821
361,821
361,821
361,822
361,820
361,818
361,817
361,817
361,814
361,816
361,815
361,815
361,815
361,814
361,815
361,815
360,814
361,814
361,813
361,814
361,813
361,813
361,814
361,815
361,816
361,815
361,814
361,814
361,814
361,815
361,816
361,816
361,816
361,816
361,815
361,816
361,816
361,815
361,814
361,815
361,815
361,815
361,815
361,815
361,816
361,816
361,815
361,816
361,816
361,817
361,816
361,816
361,817
361,817
361,816
361,815
361,816
360,816
361,816
361,815
361,815
361,815
361,816
361,815
361,815
361,817
361,817
361,817
361,817
361,816
361,817
361,817
361,815
361,816
361,817
361,816
361,817
361,817
361,819
361,818
361,818
361,818
361,818
361,818
361,818
361,818
361,818
361,819
361,818
360,815
361,818
361,817
361,817
361,818
361,817
361,816
361,816
361,816
361,816
361,816
361,816
360,815
361,817
361,815
361,817
361,816
361,816
361,817
361,816
360,815
361,813
361,815
361,813
361,813
361,812
361,813
361,813
361,812
360,812
361,813
361,813
361,813
361,814
361,813
361,813
361,812
361,812
361,812
361,812
362,868
361,875
361,862
361,851
361,843
361,835
361,830
361,826
361,821
361,817
361,816
361,814
361,812
361,811
361,811
361,811
361,811
361,809
361,809
361,807
361,809
361,809
361,807
361,807
361,808
361,808
361,808
361,809
361,810
361,809
361,809
361,808
361,809
361,809
361,808
361,807
361,808
361,809
361,809
361,809
361,810
361,809
361,809
361,811
361,811
361,812
361,812
361,810
361,811
361,811
361,812
361,811
361,811
361,812
361,812
361,812
361,812
361,813
361,813
361,814
361,814
361,815
361,815
361,815
361,812
361,815
361,816
361,816
361,814
361,815
361,816
361,817
361,816
361,817
361,816
361,818
361,817
361,817
361,818
361,818
361,818
361,818
361,819
361,819
361,818
361,819
361,820
361,821
361,821
361,821
361,821
361,822
361,821
361,821
361,822
361,821
361,821
361,822
361,822
361,822
361,822
361,821
361,823
361,823
361,822
361,823
361,823
362,825
361,823
361,825
361,824
361,824
361,823
361,823
361,823
361,823
361,823
361,823
361,823
361,824
361,824
361,823
361,825
361,825
361,825
361,823
361,825
361,824
361,825
361,825
361,825
361,824
361,827
361,825
361,826
361,826
361,826
361,826
361,825
361,825
361,827
361,825
361,827
362,826
361,827
361,825
361,826
361,826
361,827
361,828
361,830
361,828
361,829
361,831
361,831
361,829
361,830
361,831
362,832
361,831
361,831
361,832
361,830
361,830
361,830
361,829
362,830
361,831
362,831
361,830
361,831
361,831
361,831
361,831
362,830
362,831
361,830
361,830
361,831
361,830
362,830
362,830
362,830
362,830
361,830
361,830
361,831
362,830
361,830
361,830
362,830
362,831
362,831
361,830
362,830
362,829
361,829
362,830
362,829
361,830
361,831
362,829
361,830
362,831
361,830
364,893
362,893
361,879
362,869
361,860
361,853
361,848
361,843
362,840
361,836
362,834
361,832
361,830
361,828
362,828
361,827
361,826
362,825
362,824
362,824
362,824
362,823
361,825
361,823
362,824
361,822
362,822
361,824
361,824
362,823
361,823
362,824
361,824
361,824
362,823
362,824
362,823
361,822
362,823
361,823
361,824
361,823
361,823
361,820
362,823
361,822
362,823
361,821
361,822
361,823
361,822
361,823
362,824
361,823
361,823
361,822
361,822
361,823
362,821
362,823
362,822
362,824
362,821
361,820
361,820
361,822
362,822
362,821
361,821
362,822
361,822
361,821
361,821
361,822
361,821
361,821
361,822
362,823
361,822
361,821
362,821
361,821
361,821
361,820
361,820
362,822
361,822
362,821
362,822
361,821
361,822
361,821
361,821
361,820
362,822
361,822
361,820
362,821
362,821
361,821
362,820
361,820
362,821
361,820
361,819
361,819
362,821
362,821
362,820
362,821
361,820
361,820
362,821
361,820
361,820
361,820
361,820
361,820
361,820
362,820
362,820
362,819
361,819
361,820
361,817
361,819
362,819
362,819
361,819
362,819
362,819
361,818
361,820
361,819
361,819
362,819
361,820
362,820
361,820
361,821
361,820
361,819
362,820
361,820
361,819
361,820
361,820
362,819
362,820
361,820
361,818
362,818
362,817
362,818
362,819
362,817
361,818
362,818
361,817
361,818
361,818
361,818
362,817
362,817
362,818
362,818
362,818
361,818
361,817
362,819
362,820
361,818
361,819
362,819
362,819
361,819
362,820
361,819
362,820
362,819
362,817
362,818
362,818
361,817
362,819
362,817
361,818
361,817
361,817
361,819
361,818
362,818
361,817
361,818
361,819
362,819
361,818
362,818
362,818
361,818
361,818
361,819
362,819
365,880
361,899
362,884
362,868
361,858
361,848
361,841
361,836
362,831
362,827
361,823
361,821
362,819
362,817
361,815
361,814
361,813
361,812
362,811
362,810
362,812
362,811
361,810
361,809
362,808
361,808
362,808
361,808
361,810
362,810
362,809
362,808
362,809
361,808
362,808
362,807
361,807
362,808
362,808
361,806
362,806
362,808
362,808
362,807
361,807
361,807
361,808
361,807
362,806
361,808
361,808
361,808
361,809
361,809
361,808
362,808
362,808
362,809
361,809
361,807
362,807
362,808
361,808
361,805
362,806
361,807
361,808
362,806
361,806
362,805
362,808
361,807
361,807
361,807
361,808
361,808
362,807
362,806
361,807
361,807
361,807
362,807
362,808
362,806
362,806
361,805
361,805
361,807
362,807
362,806
362,806
362,807
361,807
361,806
361,806
361,808
361,808
362,806
361,806
361,807
362,807
361,806
361,806
362,806
361,806
362,806
362,806
362,808
362,808
362,808
361,807
362,808
362,807
362,808
362,807
361,808
362,808
362,808
362,807
361,807
362,808
362,808
362,808
362,807
362,806
362,809
362,809
361,809
361,809
362,810
362,809
362,810
361,810
361,811
362,810
362,811
361,811
363,811
362,812
363,812
361,813
361,813
361,813
362,813
362,813
361,815
362,814
361,813
362,813
361,814
362,813
362,812
361,812
361,813
362,814
361,814
362,813
362,814
361,815
362,814
362,814
362,815
362,814
362,814
361,815
362,814
361,816
362,815
362,815
361,815
362,816
362,816
362,816
362,817
362,818
362,817
362,816
362,817
362,817
362,818
362,818
362,819
362,819
362,819
362,818
362,818
362,820
362,820
362,820
362,820
361,823
362,823
363,823
362,822
362,823
362,824
362,823
362,823
362,823
362,824
362,823
362,824
362,823
365,848
362,894
362,878
362,865
362,858
362,852
362,845
362,840
362,836
362,834
362,831
362,829
362,828
363,826
362,824
362,823
362,823
362,822
362,822
362,821
362,821
362,822
362,821
362,820
362,821
362,821
362,822
362,822
362,820
362,822
362,821
362,821
362,822
362,823
362,822
362,823
362,822
362,823
362,823
362,822
362,821
362,822
362,822
362,821
362,822
362,823
362,823
362,824
362,823
362,822
362,823
362,823
362,823
362,823
362,823
362,823
362,823
362,823
362,824
362,824
362,825
362,824
362,824
362,823
362,824
362,823
362,825
362,825
362,824
362,824
362,824
362,823
362,824
362,823
362,824
362,824
362,825
362,824
362,824
362,823
362,824
362,824
362,824
362,824
362,824
362,823
362,822
362,823
362,823
362,823
362,822
362,822
362,822
362,822
362,822
362,822
362,823
362,822
362,822
362,823
362,824
362,823
362,822
362,822
362,821
362,823
362,823
362,822
362,822
362,823
362,822
362,821
362,823
362,823
362,823
362,823
362,824
362,824
362,823
362,824
362,823
362,823
362,823
362,823
362,823
362,823
362,823
362,822
362,822
362,823
362,823
362,823
362,823
362,822
362,824
362,822
362,821
362,822
362,822
362,823
362,821
362,823
362,823
362,822
362,823
362,822
362,823
362,824
362,823
362,823
362,824
362,824
362,824
362,825
362,824
362,825
362,824
362,824
362,826
362,825
362,824
362,823
362,823
362,824
362,823
362,820
362,822
362,821
362,822
362,821
362,821
362,821
362,821
362,820
362,820
363,821
363,820
362,819
363,819
362,819
363,819
362,818
362,818
363,818
362,818
362,815
362,816
362,817
362,817
362,815
362,815
362,816
362,816
362,815
362,815
362,815
362,816
362,817
362,816
362,815
362,815
362,816
362,814
366,869
362,882
362,868
362,855
362,846
362,841
362,835
362,829
362,825
362,823
362,820
362,820
362,816
362,816
362,815
362,815
362,813
362,813
362,813
362,813
362,812
363,810
363,812
363,810
362,810
362,811
362,811
362,812
363,811
362,811
363,811
362,810
362,810
362,810
362,810
362,810
362,810
362,810
362,810
362,810
362,809
363,810
362,809
362,809
362,811
362,809
362,810
362,810
362,810
362,809
362,809
362,810
363,809
363,809
363,810
363,809
362,809
362,808
362,807
362,808
362,808
362,808
362,807
363,808
362,807
363,807
362,807
363,806
362,808
363,808
362,806
362,808
362,807
362,808
363,809
362,806
362,807
363,808
362,808
362,807
362,807
362,807
362,807
362,806
362,805
362,806
362,806
362,805
363,806
362,806
362,805
362,805
362,806
363,806
362,805
362,805
363,805
362,806
362,805
363,805
362,804
362,804
362,805
362,804
363,804
362,805
363,804
363,804
362,804
362,804
362,806
362,806
363,805
362,805
363,806
362,806
362,805
362,805
362,806
362,806
362,805
362,804
362,805
362,806
362,806
362,805
362,806
362,807
362,806
362,806
362,806
362,807
362,806
363,806
362,806
362,806
362,807
362,805
363,807
362,807
362,806
362,806
362,805
362,806
362,807
362,805
362,805
362,807
362,807
362,806
363,806
362,807
363,807
363,805
362,806
362,806
362,807
362,806
363,806
363,806
362,806
362,807
362,807
362,806
363,806
362,805
362,805
363,805
362,806
362,806
362,805
362,804
363,806
362,807
362,806
362,806
362,807
362,807
362,807
363,806
362,806
362,806
362,807
363,806
363,806
362,804
363,806
362,806
362,806
363,807
363,807
362,806
363,806
363,808
364,808
363,807
363,807
362,806
362,807
362,808
363,808
366,838
363,876
363,862
362,850
362,844
363,836
362,830
363,825
363,820
363,818
363,816
363,814
362,813
362,814
363,813
363,811
363,811
363,811
363,812
362,811
363,811
363,812
363,811
362,812
363,811
363,812
362,813
363,813
363,813
363,814
363,815
363,815
363,816
363,816
362,817
362,817
362,816
362,816
362,817
362,817
363,816
363,817
362,817
362,817
363,816
362,815
363,818
363,817
363,817
363,817
362,818
362,818
362,818
363,818
362,818
363,820
362,819
363,817
363,818
363,818
363,818
362,818
362,818
363,819
362,818
362,817
363,820
363,821
362,820
363,820
363,821
363,821
363,821
363,820
362,820
363,821
363,823
362,822
363,823
363,823
363,823
363,824
363,823
363,824
363,824
363,825
363,825
363,826
363,827
363,826
363,826
363,826
364,825
363,826
363,825
363,824
363,825
362,826
363,826
363,825
363,826
363,826
363,826
363,826
363,826
363,826
363,827
363,826
363,826
363,826
363,826
363,827
363,827
363,827
363,826
362,827
363,827
363,827
363,827
363,826
363,825
363,825
363,825
363,825
363,825
363,825
363,823
363,825
363,824
363,825
363,825
363,824
363,823
363,824
363,824
363,823
363,823
363,823
363,823
363,824
363,824
363,823
363,824
363,824
363,823
363,823
363,823
363,824
363,822
363,823
363,824
363,823
363,822
363,821
363,822
363,823
363,823
363,823
363,821
363,822
363,823
363,822
363,822
363,822
363,822
363,821
363,820
363,822
363,820
363,821
363,822
363,821
363,821
363,822
363,821
363,821
363,821
363,821
363,821
363,821
363,820
363,820
363,820
363,820
363,820
363,821
362,819
363,818
363,821
363,820
363,819
363,819
363,820
363,821
362,819
363,819
363,819
363,821
363,820
363,821
363,821
363,823
363,822
363,822
363,821
367,851
365,907
363,886
363,871
363,863
363,853
363,846
363,840
363,836
363,831
362,829
363,825
363,825
363,824
363,821
363,818
363,817
363,817
363,815
363,816
363,815
363,816
363,815
363,815
363,813
363,815
363,814
363,813
363,813
363,814
363,813
363,814
363,813
363,813
363,812
363,811
363,812
363,812
363,813
363,812
363,812
363,812
363,812
363,812
363,811
363,813
363,813
363,812
363,811
363,812
363,812
363,811
363,811
362,810
363,812
363,812
363,811
363,812
363,812
363,811
363,812
363,812
363,812
363,810
363,811
363,811
363,811
363,811
364,811
363,811
363,811
363,811
363,811
363,811
363,811
362,811
363,812
363,810
363,809
363,810
363,810
363,809
363,808
363,806
363,808
363,807
363,806
363,807
363,807
363,806
364,805
363,805
363,806
363,806
363,806
363,806
363,806
363,807
363,805
363,806
363,806
363,806
363,805
364,805
363,806
363,806
363,805
363,806
363,805
363,805
363,805
363,804
363,805
363,806
363,804
363,804
363,803
363,804
363,805
363,803
363,805
363,805
363,804
363,802
363,804
363,803
363,803
363,802
363,804
363,804
363,803
363,803
363,803
363,804
363,803
363,802
363,802
363,802
363,803
363,801
363,802
363,802
363,802
363,800
364,801
363,801
363,801
363,801
363,800
363,800
363,801
363,801
363,802
363,802
363,802
363,801
363,800
363,800
363,801
363,801
363,800
363,800
363,801
363,799
363,800
363,800
363,800
363,801
363,800
363,801
363,800
363,800
363,800
363,799
362,800
363,801
363,801
362,800
363,801
363,802
363,801
363,801
363,801
363,800
363,800
363,799
363,800
363,799
363,800
363,799
363,799
363,800
364,800
363,799
363,800
363,800
363,799
363,800
363,798
363,799
363,799
367,834
363,863
363,849
362,837
363,830
363,822
363,817
363,813
363,809
363,805
363,805
363,802
363,801
363,798
363,799
362,797
363,797
363,796
363,795
363,795
363,795
363,796
363,795
363,793
363,795
363,795
363,795
363,795
363,796
363,796
363,796
363,797
363,798
363,798
363,799
363,798
363,800
363,799
363,800
363,800
363,800
363,801
363,800
363,798
363,802
363,802
363,801
363,801
363,802
363,802
363,802
363,801
363,800
363,802
363,802
363,802
363,802
363,802
363,803
363,802
363,803
363,804
363,803
363,802
363,801
363,803
362,803
363,803
363,804
363,803
363,803
363,804
363,804
363,804
363,805
363,804
363,803
363,805
363,806
363,806
363,805
363,805
363,806
363,806
363,805
363,806
363,806
363,807
363,807
363,806
363,807
363,807
363,807
363,807
363,809
363,807
364,808
363,807
363,808
364,808
363,807
363,806
363,807
363,807
363,806
363,807
363,807
363,809
363,809
363,808
363,809
363,808
363,810
363,809
363,809
363,809
363,810
363,809
363,810
363,811
363,811
363,811
363,810
363,812
363,811
363,811
363,811
363,812
363,811
363,812
363,812
363,811
363,813
363,813
363,812
364,813
363,813
363,814
363,813
363,813
363,814
363,816
363,815
363,814
363,815
363,816
363,815
363,815
363,815
363,815
363,815
363,815
363,816
363,817
363,816
363,816
363,816
363,817
363,817
363,815
363,816
363,816
363,816
363,814
363,814
363,813
363,815
363,814
363,814
363,815
363,814
363,813
363,814
363,815
363,814
364,815
363,815
363,815
363,816
363,816
363,815
363,815
363,815
364,815
363,814
363,813
363,814
363,814
363,813
363,813
363,813
363,813
363,812
363,813
363,812
363,812
363,813
364,812
363,812
363,812
363,813
363,812
364,813
363,812
363,814
366,857
363,871
363,859
363,846
363,840
363,834
363,828
363,825
363,821
363,818
363,816
363,814
363,812
363,810
363,809
363,808
363,807
363,807
363,806
363,806
363,806
363,806
363,805
363,805
363,806
363,806
363,805
363,805
363,806
363,806
363,807
363,807
363,807
363,807
363,806
363,807
363,807
363,807
364,806
363,806
363,807
364,805
363,805
363,805
363,807
363,806
364,806
363,807
363,806
363,806
363,806
363,806
363,806
363,806
363,805
363,804
363,805
363,805
363,804
363,804
363,804
363,806
363,805
363,804
363,804
363,804
363,805
363,804
363,805
363,805
363,804
363,804
363,805
363,805
363,805
364,805
363,805
363,805
363,806
363,804
363,803
363,803
363,804
363,803
363,801
363,803
363,804
363,802
363,803
363,804
363,804
363,804
363,804
363,804
363,804
363,804
363,804
363,805
363,804
363,804
363,804
363,804
363,805
363,803
363,801
363,803
363,804
363,803
363,803
363,802
363,803
363,803
363,802
363,803
363,802
363,803
363,803
363,802
363,802
363,803
363,802
363,802
363,803
363,803
363,802
363,802
363,802
363,802
363,803
363,803
364,803
363,804
363,803
364,804
363,802
363,803
363,804
363,802
363,801
363,802
363,803
363,802
363,801
363,802
363,802
363,800
363,802
363,802
363,802
363,801
363,802
363,801
363,803
363,803
363,802
363,803
363,803
364,803
363,802
363,800
363,801
364,802
363,802
363,800
363,802
363,800
363,800
363,801
363,800
363,800
363,800
363,800
363,799
363,801
363,801
363,801
363,800
363,801
363,801
363,801
363,801
363,801
363,803
363,801
363,802
363,800
363,801
363,801
363,801
363,800
363,801
363,801
363,800
363,800
363,802
363,800
363,801
363,800
363,801
363,800
363,800
364,800
363,832
365,866
363,852
363,840
363,831
363,827
363,819
363,813
363,811
363,807
363,804
363,801
363,799
363,799
363,798
363,796
363,797
363,797
363,797
363,797
364,796
363,797
363,797
363,796
363,796
363,797
363,797
363,797
363,796
363,797
363,797
363,798
363,798
363,798
363,799
363,799
363,799
364,799
363,799
363,799
363,799
363,799
363,800
363,800
363,798
363,799
363,801
363,801
363,801
363,802
363,801
363,801
363,801
363,801
363,803
363,803
363,802
363,801
363,803
364,803
363,803
363,803
363,804
363,805
364,802
363,803
363,804
363,804
363,805
363,804
363,805
363,806
363,806
363,806
363,807
363,807
363,807
363,807
363,807
363,808
363,809
363,807
363,807
363,809
363,807
363,808
363,808
363,806
363,808
363,807
363,806
363,806
363,807
363,808
363,808
363,807
363,808
363,809
363,808
363,809
363,810
363,810
363,809
363,810
362,811
363,811
363,810
363,811
363,812
363,812
363,812
363,812
363,813
363,812
362,813
363,812
363,812
363,813
363,812
363,812
363,813
363,813
363,813
363,812
362,811
363,814
363,814
363,813
363,812
363,813
363,813
362,813
363,813
363,814
363,815
363,814
363,814
363,815
363,815
363,814
363,814
363,814
363,813
363,813
363,813
363,813
363,814
363,814
363,813
363,814
363,815
363,814
363,813
363,814
363,814
363,814
363,813
363,814
363,813
363,813
363,814
363,814
363,815
363,815
363,815
362,814
363,814
363,816
363,815
363,815
363,815
363,815
363,815
363,815
363,816
363,816
363,814
363,815
363,814
363,815
363,815
363,815
362,815
363,815
363,815
362,812
363,814
362,815
363,816
363,815
363,814
362,814
363,815
362,815
363,815
363,814
363,815
363,814
363,814
363,815
363,815
366,845
363,877
363,863
363,853
363,843
363,837
363,832
363,828
363,824
363,821
363,819
363,817
363,816
363,815
363,813
363,812
363,812
363,811
364,811
363,809
363,809
363,808
363,807
362,807
363,805
363,807
363,806
363,806
363,806
363,806
363,806
363,806
363,807
363,807
363,807
363,806
363,807
363,808
363,808
363,806
363,807
363,806
363,805
363,806
363,804
363,805
363,805
363,804
363,804
363,805
363,805
363,805
363,804
363,805
363,805
363,804
363,805
363,805
363,805
363,805
363,804
363,804
363,805
363,803
363,804
363,803
363,804
363,803
363,804
363,803
363,804
363,804
363,803
363,805
363,805
363,805
363,804
363,804
363,804
363,804
363,803
363,804
363,803
363,804
363,804
363,801
363,803
363,804
363,804
363,804
363,804
363,805
363,806
363,805
363,805
363,805
363,807
363,806
363,806
363,806
363,805
363,806
363,805
363,805
363,806
362,803
363,805
363,805
363,805
363,805
363,804
363,804
363,805
363,804
363,804
363,803
363,804
363,804
363,802
363,804
363,803
363,803
362,804
363,803
363,805
364,803
363,804
364,804
363,804
363,805
363,804
363,804
363,805
363,805
363,804
363,803
363,804
363,805
363,805
363,804
363,805
363,805
363,805
363,804
363,804
363,805
363,804
363,803
363,803
363,803
363,803
363,803
363,804
363,803
363,804
363,803
363,802
363,804
363,805
364,804
363,804
363,805
363,807
363,805
363,806
363,805
363,804
363,805
363,806
363,807
363,807
363,809
363,808
363,808
363,809
363,809
363,810
363,810
363,811
363,811
363,810
363,810
363,811
364,811
363,812
364,811
363,810
363,812
363,812
363,813
363,812
363,812
363,813
363,813
363,813
363,813
363,814
363,813
363,813
363,813
363,814
363,814
363,814
363,863
363,869
363,857
363,848
363,843
363,837
363,831
363,827
363,824
363,823
363,821
363,818
363,818
363,816
363,816
363,815
363,814
363,815
363,815
363,816
363,815
363,816
363,815
363,814
363,814
363,814
363,815
363,816
363,815
363,815
363,816
363,815
363,815
363,816
363,816
363,815
363,814
363,816
363,817
363,816
363,816
363,816
363,816
363,817
363,817
363,816
363,816
363,816
363,818
363,818
363,818
363,818
363,819
363,818
363,819
363,818
363,818
363,818
363,819
363,819
363,818
363,817
363,818
363,819
363,818
363,817
363,818
363,819
363,820
363,819
363,818
363,819
363,819
363,818
363,818
363,818
363,819
363,818
363,817
363,817
364,818
363,818
363,817
364,817
363,816
363,817
363,817
363,817
363,817
363,817
363,816
363,817
363,817
363,817
363,816
363,816
363,816
363,816
363,815
363,815
363,815
363,816
363,815
363,816
363,817
363,816
363,816
363,816
363,816
363,818
363,818
363,817
363,817
363,817
363,817
363,815
363,816
363,816
363,816
363,816
363,815
363,814
363,815
363,814
363,815
363,814
363,814
3