362,797
352,787
352,797
352,802
353,805
352,806
353,807
353,808
353,809
353,809
353,809
353,809
353,810
353,811
353,810
353,809
353,809
353,809
353,809
353,808
353,808
353,809
354,809
353,809
353,809
353,809
353,808
354,806
353,806
353,806
354,806
354,805
354,805
353,806
354,805
354,805
354,804
354,805
354,804
354,803
354,802
354,803
354,804
354,802
354,802
354,802
354,803
354,802
354,801
354,801
354,801
354,802
354,801
354,801
354,801
354,801
354,800
354,800
355,800
354,800
354,799
354,798
354,798
354,795
354,798
354,797
354,799
354,799
354,799
354,798
354,798
354,798
354,798
354,797
354,797
354,797
354,796
354,796
354,796
355,796
355,796
354,795
354,794
354,796
355,794
355,795
355,795
355,797
355,796
354,794
355,794
354,795
354,797
355,797
355,794
354,795
355,796
354,795
355,794
354,794
354,795
355,794
354,795
354,794
355,795
355,794
355,793
354,793
354,794
355,794
355,793
354,794
355,793
355,794
355,794
355,794
355,794
355,794
355,794
354,792
355,794
355,793
355,793
355,792
355,790
354,793
355,792
355,793
354,793
358,842
355,843
355,834
355,822
355,817
355,811
355,806
355,802
355,800
354,798
355,796
354,794
355,793
355,793
355,792
355,790
355,790
355,790
355,790
355,789
355,789
355,789
355,788
355,790
355,791
355,790
355,789
355,788
355,788
355,789
355,790
355,788
355,789
355,789
355,789
355,786
355,788
355,788
355,788
355,788
355,788
355,788
354,789
355,789
355,788
355,789
355,790
355,790
355,789
355,789
355,789
355,789
355,789
355,789
355,789
355,789
354,790
355,789
355,790
355,790
355,789
354,789
355,791
355,792
355,792
355,791
355,791
355,792
355,791
355,791
354,791
355,792
355,791
355,791
355,790
355,792
355,791
355,792
355,792
354,793
355,793
355,791
355,793
355,793
355,793
355,793
354,793
355,794
355,794
355,793
355,794
355,794
355,795
355,796
355,795
355,796
355,795
356,796
355,795
355,796
355,797
355,796
355,795
355,796
355,797
355,796
355,795
355,796
355,797
355,797
356,795
355,796
356,796
355,797
355,797
356,797
355,796
355,797
355,796
355,795
355,797
355,796
355,796
355,796
355,796
355,797
355,796
355,797
355,797
356,797
355,798
355,797
355,797
355,798
355,796
355,797
354,794
355,797
355,797
355,798
355,797
355,798
355,799
355,799
355,798
355,798
355,798
355,798
355,798
355,798
355,797
355,798
355,798
355,798
355,799
356,798
355,796
355,797
355,798
355,799
355,798
355,797
355,798
355,799
355,799
355,797
355,798
355,799
355,798
355,798
355,798
355,799
354,799
354,797
355,799
355,800
355,799
355,798
355,797
354,798
354,798
355,797
354,798
355,798
355,800
355,799
355,799
355,799
355,799
355,799
354,798
355,798
355,798
355,799
355,797
355,798
355,799
354,798
355,797
355,798
355,798
355,799
355,798
354,798
354,848
355,850
354,837
355,830
355,823
355,817
354,813
354,809
354,808
355,804
355,802
355,799
355,798
355,798
356,797
354,795
354,794
355,794
354,794
354,792
354,794
354,793
355,794
354,794
354,793
355,793
355,793
355,793
354,792
355,792
354,793
354,793
355,791
354,792
354,793
354,794
354,793
354,794
354,794
354,794
354,794
355,795
354,795
354,795
355,794
355,794
354,795
355,795
355,795
355,796
355,796
355,796
355,795
355,793
354,796
355,796
355,795
355,795
355,796
355,796
355,796
354,796
354,796
355,798
354,796
354,795
355,795
355,797
355,797
355,796
355,796
355,796
355,796
355,796
355,796
355,797
355,797
355,796
355,797
355,797
355,797
355,797
355,797
355,797
355,798
355,798
355,798
355,797
355,798
355,797
355,796
355,796
355,797
355,796
355,796
355,796
355,798
355,797
355,797
355,797
355,797
355,798
355,798
355,797
355,798
355,798
355,797
355,798
356,798
355,798
355,797
355,797
355,799
355,796
355,799
355,799
355,799
355,799
356,799
355,799
355,797
355,798
355,798
355,798
355,798
356,798
355,798
355,796
355,798
355,800
355,799
356,800
355,798
356,799
356,799
356,799
356,799
355,797
356,798
356,798
356,798
356,799
355,799
355,799
356,798
356,799
355,799
356,799
356,798
356,799
355,798
356,798
356,798
356,798
356,799
356,798
356,796
356,798
355,798
356,798
356,799
356,798
356,799
356,798
356,798
356,798
355,798
355,798
356,799
356,799
357,798
356,800
356,799
356,796
356,797
356,799
356,799
356,798
356,798
356,797
356,797
356,797
356,797
356,798
356,798
356,797
356,797
356,798
356,798
356,799
356,797
356,799
356,798
356,798
356,798
356,798
356,798
356,797
356,797
356,797
356,797
359,830
357,855
356,843
356,834
356,825
356,819
356,814
356,810
356,807
356,805
356,803
356,801
356,797
356,798
356,797
356,796
356,796
356,796
356,794
356,795
356,794
356,794
356,794
356,794
356,795
356,794
356,794
356,794
356,794
356,796
356,795
356,794
356,795
356,795
357,795
356,794
356,794
356,794
356,793
356,793
356,793
356,794
356,793
356,794
356,794
356,794
356,794
356,794
356,795
356,795
357,796
356,796
356,795
356,796
355,795
356,796
356,797
356,796
356,797
355,795
356,794
356,796
356,796
355,796
356,795
355,795
355,795
356,796
356,795
356,795
356,796
356,796
355,795
356,795
356,795
355,796
356,795
355,795
356,796
356,796
355,795
356,795
356,797
356,796
356,797
356,796
357,796
356,796
356,796
356,794
356,795
355,796
356,793
356,795
356,793
355,795
356,795
356,795
355,794
355,795
356,795
356,795
355,794
355,795
356,794
356,794
355,793
355,794
356,795
356,796
355,795
356,796
356,795
356,795
356,794
356,795
356,796
356,797
356,797
356,796
356,796
355,796
355,796
356,795
355,797
356,796
356,795
355,795
355,796
355,795
355,796
356,796
356,796
355,796
356,797
356,797
355,797
356,798
356,797
356,796
355,798
355,799
355,800
356,799
356,799
355,801
355,800
356,801
356,800
356,801
356,801
356,801
356,800
356,799
356,801
355,801
355,801
356,801
355,802
356,802
356,803
356,803
355,804
356,803
355,803
356,803
356,804
355,805
356,803
356,804
356,804
356,803
356,803
356,803
356,804
355,804
356,803
355,804
355,805
356,805
356,806
356,805
356,806
356,806
356,807
355,806
355,806
355,806
355,807
355,808
355,808
355,807
356,808
355,808
355,808
356,808
356,808
356,809
356,809
356,809
356,809
356,827
359,880
356,856
355,846
355,838
356,832
356,826
355,822
356,817
355,815
355,812
355,811
356,809
356,806
355,806
356,805
356,805
356,804
356,804
356,803
355,804
356,802
356,803
356,803
356,803
356,803
355,803
356,803
356,803
355,802
356,802
355,802
355,802
355,801
356,802
355,802
356,803
355,801
356,801
356,801
356,801
356,802
356,801
356,801
355,802
356,802
356,801
356,801
356,800
355,801
355,801
356,800
356,801
356,800
355,800
355,800
356,801
356,801
356,801
356,800
355,800
356,800
355,801
355,800
356,800
356,800
356,801
356,800
356,801
356,801
356,800
356,800
356,801
356,802
356,800
356,801
356,801
355,801
356,802
356,800
356,801
356,801
355,802
355,802
355,801
356,802
355,801
356,802
356,801
356,801
356,801
356,802
356,802
356,801
356,801
356,802
356,802
356,801
356,802
356,801
356,801
356,801
356,801
356,802
356,801
356,802
356,802
356,802
356,802
356,802
356,802
356,801
355,801
356,801
356,800
356,802
356,802
356,801
356,801
356,802
356,802
356,801
356,802
356,802
356,803
356,802
356,803
356,802
356,802
355,801
356,802
356,802
356,802
356,802
356,801
356,802
356,803
356,802
356,802
356,801
356,802
356,803
356,802
356,801
356,801
356,802
356,802
355,801
356,802
356,802
356,801
356,801
356,801
356,802
356,801
356,802
356,801
356,802
356,802
356,802
356,802
356,802
356,800
356,801
356,801
356,800
356,801
356,801
356,801
356,801
356,801
356,801
356,801
356,802
356,803
355,801
356,801
356,800
356,801
356,801
356,801
356,801
357,801
356,802
356,801
356,801
356,800
356,801
356,800
356,800
356,799
356,800
356,800
356,801
356,801
356,799
356,799
356,800
356,800
356,799
356,799
356,799
356,800
359,852
356,853
356,843
356,834
356,827
356,822
356,816
356,814
356,809
356,807
356,804
356,804
356,803
355,800
356,801
356,800
356,799
356,798
356,798
356,798
356,796
356,797
356,797
356,797
355,797
356,797
356,797
356,796
356,797
356,798
356,797
356,796
356,797
356,795
356,796
356,797
356,797
356,797
356,798
356,797
356,797
356,797
356,797
356,797
356,797
356,798
356,798
356,797
356,797
356,799
356,797
356,797
356,796
356,796
355,795
356,796
356,796
356,796
356,796
356,797
356,796
356,797
356,797
356,797
356,797
356,797
356,796
356,796
356,795
356,796
356,796
356,797
356,797
356,797
355,797
356,797
356,797
356,796
356,798
356,797
356,797
356,797
356,798
356,797
356,798
356,797
356,797
356,798
356,798
356,797
356,797
356,798
356,798
356,798
356,796
356,798
356,798
356,798
356,798
355,798
356,798
356,798
356,799
356,800
356,800
356,800
356,799
356,801
356,800
357,800
356,800
356,799
356,800
356,800
356,799
356,799
356,800
356,800
356,800
356,800
355,800
356,799
356,799
356,799
356,799
356,799
356,800
356,799
356,799
356,800
356,798
356,798
356,798
356,799
356,799
356,799
356,800
356,799
356,799
356,799
356,798
355,799
356,799
356,798
355,798
356,799
356,798
356,798
356,798
356,798
356,798
356,797
356,797
356,798
356,798
355,796
356,796
356,795
356,795
356,794
356,794
356,793
355,793
356,793
356,792
356,791
356,793
356,793
356,793
356,793
356,794
356,793
355,794
356,792
356,793
356,791
355,792
356,793
356,794
356,794
356,794
356,794
356,794
356,794
355,794
356,794
356,796
356,795
356,796
356,795
356,795
356,797
356,797
355,797
356,797
356,796
356,798
355,797
356,798
356,799
360,822
359,886
356,859
356,847
356,837
356,828
356,822
356,816
356,813
356,809
356,806
356,805
356,803
356,802
356,801
356,799
355,799
356,799
356,797
356,797
356,797
356,798
356,797
356,797
356,797
356,796
356,796
356,796
355,796
356,796
356,796
356,796
356,797
356,797
356,795
356,795
356,794
355,796
356,796
356,796
356,796
356,796
356,796
356,797
356,797
355,797
356,797
356,796
356,796
355,798
356,797
356,799
356,799
356,800
355,800
356,800
356,800
356,800
356,801
356,800
356,801
355,800
356,800
356,801
356,800
356,800
356,800
356,801
356,800
356,801
356,802
356,802
356,801
356,801
356,802
356,803
356,802
356,803
355,803
356,805
356,803
356,803
356,803
356,803
356,804
356,802
356,804
356,804
356,803
356,804
355,804
356,805
356,804
356,805
355,804
356,805
355,803
356,805
356,805
356,805
356,805
355,805
356,805
356,806
356,806
355,806
356,807
356,808
356,807
356,807
356,806
356,807
356,806
356,806
356,806
356,807
356,805
356,806
356,805
356,807
356,808
356,808
356,807
355,808
356,807
356,807
356,807
355,808
356,807
356,809
355,809
356,808
356,809
356,808
355,808
356,807
356,809
356,809
356,809
356,810
356,810
356,809
356,808
356,808
356,808
356,809
356,810
356,809
356,809
356,809
355,809
356,809
356,808
356,809
356,809
356,810
356,810
356,811
356,811
356,811
356,811
356,812
356,814
356,813
357,811
356,810
356,810
356,811
356,810
356,810
356,812
356,811
356,810
356,811
356,810
356,810
356,809
356,809
356,810
356,810
356,809
356,809
356,809
356,810
356,808
356,809
356,808
356,808
356,809
356,808
356,810
356,810
356,809
356,808
356,809
356,808
356,810
356,809
356,809
356,809
356,808
356,808
361,863
356,867
356,854
356,845
356,837
356,832
356,825
356,822
356,818
356,816
356,814
357,813
356,811
356,810
356,808
356,807
356,808
356,807
356,806
356,805
356,805
357,806
356,805
356,805
356,805
356,805
356,805
356,805
356,804
356,804
356,804
356,805
356,805
356,805
356,805
356,805
356,805
356,804
356,806
357,804
356,804
356,804
356,804
356,803
356,804
356,804
356,803
356,805
356,805
356,805
356,805
356,805
356,805
356,805
356,804
356,804
356,804
356,805
356,805
356,806
356,806
356,808
356,807
356,807
356,807
357,807
356,806
357,806
356,806
356,807
356,807
357,807
356,808
356,808
356,807
356,808
356,805
356,807
356,807
356,807
356,808
356,808
356,808
356,807
356,807
356,808
357,808
356,808
356,808
356,808
356,809
356,808
357,809
356,809
356,810
356,809
357,808
356,809
356,809
356,809
356,809
356,809
356,809
356,809
356,808
356,808
356,809
356,808
356,809
356,809
356,809
356,810
356,809
356,809
356,810
356,810
356,811
356,810
356,811
356,810
357,810
356,810
357,811
356,812
356,811
356,810
356,811
356,810
356,810
356,810
356,810
356,811
356,810
356,811
356,811
356,812
356,813
356,809
356,811
356,811
356,811
356,810
356,812
356,812
356,811
356,812
356,811
356,812
356,813
356,812
356,812
356,813
356,812
356,813
356,812
357,812
356,813
356,812
356,812
356,812
356,812
356,811
356,811
356,811
356,812
356,811
356,811
356,811
356,811
356,811
356,811
356,811
356,813
356,813
356,812
356,812
356,812
356,811
356,812
356,812
356,813
356,812
356,813
356,813
356,812
356,812
356,813
356,812
356,812
356,812
356,812
356,810
356,812
356,811
356,811
356,812
356,813
356,813
355,813
356,812
356,813
356,813
356,813
356,818
360,885
356,866
356,855
356,845
356,838
356,832
356,827
357,824
356,819
356,817
356,816
356,813
356,811
356,811
356,808
356,808
356,808
356,808
356,809
356,808
356,807
356,807
356,807
356,808
356,808
356,809
356,808
356,808
356,808
356,808
356,810
356,810
356,811
356,809
356,809
356,809
356,808
356,810
356,811
356,811
356,810
356,810
356,810
356,809
356,809
356,809
356,810
356,810
356,811
356,810
356,810
356,811
356,811
356,811
357,811
356,811
356,812
356,813
356,811
356,812
356,812
356,812
356,812
356,813
356,811
356,812
356,812
356,813
356,812
356,813
356,812
356,813
356,814
356,814
356,814
356,814
356,814
356,815
356,815
356,815
356,814
356,815
356,816
356,816
356,815
356,816
356,816
357,816
356,816
356,816
356,816
356,816
356,816
356,817
356,816
356,815
356,816
356,816
357,816
356,816
356,818
356,818
356,818
356,817
356,818
356,817
356,817
357,817
356,816
357,816
356,816
356,816
356,817
356,816
356,816
356,814
356,816
356,816
356,816
356,816
356,816
356,816
356,817
356,816
356,817
356,818
356,818
356,817
356,817
356,817
356,817
356,817
356,818
356,817
356,816
356,817
356,816
356,816
357,818
356,817
356,817
357,817
357,818
356,816
356,817
357,816
356,817
357,818
356,818
356,818
357,818
356,819
356,818
356,817
356,817
356,817
356,818
356,819
356,817
356,818
356,818
357,818
357,818
357,819
356,819
356,818
357,818
357,818
357,819
357,818
356,817
356,817
356,818
356,818
357,818
356,816
356,817
357,818
356,817
356,818
356,818
357,819
356,817
356,816
356,817
356,817
356,817
356,817
356,817
356,818
357,817
356,817
356,817
356,817
357,816
356,815
356,816
357,817
356,817
357,818
357,818
357,818
357,818
360,846
360,905
357,884
357,869
357,857
356,848
356,842
356,835
356,830
357,827
356,824
357,822
357,819
357,818
356,817
357,815
356,813
357,813
356,813
357,812
356,812
356,812
356,811
356,812
356,811
356,811
356,811
357,811
356,810
357,811
356,810
356,812
357,811
357,811
357,810
356,810
357,809
356,810
356,811
356,811
356,811
356,811
356,811
356,810
356,812
356,812
357,812
357,811
356,810
356,810
356,809
356,810
357,811
356,809
356,810
356,809
356,810
356,811
356,810
356,810
357,811
357,811
356,811
356,811
357,812
356,811
356,811
356,811
356,811
356,811
356,812
356,811
357,811
356,810
357,810
356,811
357,811
356,811
356,811
357,811
356,811
356,811
356,811
357,811
357,811
356,811
357,811
356,811
356,810
356,810
357,810
356,811
357,811
356,811
357,811
356,811
356,812
356,810
356,812
357,811
356,810
356,810
356,810
357,811
357,811
357,810
357,810
356,811
357,809
356,809
356,810
356,810
356,810
356,810
356,808
356,810
356,810
357,810
356,810
356,810
357,810
356,810
357,809
356,810
357,810
356,809
357,811
356,810
357,811
356,811
357,811
356,811
357,812
357,810
356,809
356,811
356,811
357,811
356,810
356,810
356,809
356,810
356,810
356,809
356,810
357,809
357,809
356,809
356,809
356,810
356,809
356,809
356,810
356,810
357,808
356,810
356,810
356,810
356,808
356,809
356,809
356,809
357,810
356,810
356,810
356,810
356,810
356,810
356,809
356,811
356,810
356,809
356,809
356,811
357,810
357,810
356,810
356,810
356,811
356,811
356,811
357,811
357,812
356,811
356,811
356,812
357,813
356,812
357,810
357,811
356,810
356,810
356,809
356,810
356,810
356,807
357,810
356,810
357,810
357,810
356,810
356,819
360,876
356,866
357,859
357,846
356,840
356,833
356,828
356,822
356,820
357,817
357,815
356,812
357,811
356,808
356,809
356,809
357,808
356,808
356,808
356,807
356,807
356,807
356,807
356,807
356,808
357,806
357,807
357,808
357,809
356,807
356,807
356,806
357,805
356,805
357,806
356,807
357,807
357,807
357,808
356,806
357,807
357,807
356,807
356,806
356,806
356,807
356,807
356,807
356,807
357,807
356,808
356,807
356,807
356,807
356,807
356,807
356,808
356,808
356,808
357,808
356,807
356,807
356,807
356,807
356,807
356,808
357,809
356,810
357,808
356,809
357,809
356,810
357,810
356,810
356,808
356,810
357,811
357,810
357,811
357,810
357,811
357,811
357,811
356,811
356,811
356,811
357,811
356,811
357,811
356,811
356,811
356,810
356,812
357,811
356,812
356,811
356,812
356,813
356,812
356,812
357,813
356,812
356,812
356,812
356,813
356,812
356,812
356,812
356,812
357,813
356,814
356,815
356,815
356,815
357,815
356,814
356,815
357,815
356,815
357,815
356,815
358,815
357,815
357,816
356,817
356,816
357,817
357,817
356,816
357,817
356,817
357,816
356,816
356,816
357,817
356,815
357,816
357,817
356,818
357,818
357,818
356,818
357,819
356,819
357,819
357,819
356,819
357,819
356,820
357,820
356,821
357,821
356,821
357,820
357,820
356,820
357,820
357,820
357,820
356,821
357,821
356,821
357,820
357,820
357,820
357,820
357,821
357,820
357,820
357,820
357,819
357,821
356,820
357,821
357,821
357,821
357,821
357,821
357,821
357,822
357,822
357,822
356,822
357,823
357,822
357,823
357,822
357,821
357,821
357,822
356,820
356,821
357,821
357,821
357,821
356,819
357,820
357,821
357,821
357,821
357,823
357,822
357,822
357,821
357,828
360,896
357,878
357,866
357,858
357,848
356,843
357,836
357,831
357,829
357,827
356,822
357,823
356,821
357,821
357,819
357,819
357,819
357,819
357,817
357,818
357,817
356,818
357,817
357,817
358,817
357,817
357,816
356,817
357,816
357,816
357,815
357,815
357,815
357,816
357,816
357,816
357,816
357,816
357,817
357,816
357,817
357,817
357,817
357,816
357,816
357,817
357,816
357,817
356,816
357,817
357,817
356,817
356,816
357,817
356,816
356,816
357,816
357,815
357,816
357,815
356,815
357,815
357,816
357,816
357,816
357,816
357,817
357,817
356,816
357,816
357,817
357,816
357,815
357,816
357,817
357,817
356,817
357,817
357,816
357,818
357,818
357,817
357,817
357,817
356,816
357,816
356,817
357,817
357,816
357,816
357,816
357,814
357,816
357,815
356,815
357,816
357,816
357,817
357,816
357,816
357,817
357,818
357,816
357,816
357,815
357,817
357,816
357,816
356,816
357,815
357,814
357,814
357,816
357,815
357,815
357,815
357,815
357,814
357,815
357,814
357,814
357,814
357,813
357,814
357,813
357,813
357,815
356,813
357,814
357,812
357,814
357,813
357,813
357,814
357,814
357,813
357,813
357,814
357,813
357,813
357,813
357,813
357,812
357,812
357,812
357,813
357,811
357,812
357,813
357,812
357,812
357,811
357,811
357,812
357,812
357,813
357,811
357,813
357,813
357,812
357,812
356,813
357,812
357,812
357,811
357,813
357,813
357,813
357,812
357,812
357,813
357,813
357,812
357,813
357,813
357,811
357,812
357,811
357,811
357,810
357,812
357,810
357,812
357,811
357,811
357,810
357,810
357,811
357,810
357,812
357,812
357,812
357,810
357,812
357,811
357,810
357,811
357,811
357,810
357,811
357,811
357,810
356,864
357,872
357,858
357,849
357,840
357,834
357,829
357,824
357,820
357,817
357,813
357,813
357,811
357,809
357,808
357,807
357,806
357,807
357,806
357,806
357,805
357,804
357,805
357,804
357,805
357,806
357,806
357,806
357,806
357,805
357,803
357,805
357,804
357,804
357,804
357,805
357,804
357,804
357,804
357,804
357,804
357,803
357,805
357,805
357,803
357,804
357,805
357,806
357,804
357,806
357,805
357,806
357,805
357,805
357,805
357,805
357,805
357,805
357,805
357,804
357,805
357,804
357,805
357,805
357,804
357,804
357,805
357,804
357,804
357,804
357,801
357,803
357,803
357,803
357,804
357,804
357,804
357,803
357,805
357,804
357,804
357,805
357,805
357,805
357,805
357,805
357,805
357,804
357,805
357,805
357,804
357,804
357,807
357,805
357,805
357,803
357,805
357,804
357,804
357,802
357,802
357,803
357,803
357,804
357,803
357,802
357,802
357,802
357,802
357,802
357,800
357,802
357,802
357,802
357,802
357,802
357,802
357,802
357,802
357,802
357,802
357,802
357,803
357,803
357,803
357,802
357,803
357,803
357,804
357,804
357,805
357,804
357,805
357,805
357,805
357,806
357,805
357,806
357,805
357,807
357,806
357,807
357,808
357,809
357,808
357,808
357,809
357,808
357,809
357,809
357,808
357,809
357,810
357,811
357,810
357,811
357,811
357,811
358,813
357,812
357,814
357,815
357,814
357,814
357,814
357,814
357,814
357,815
357,815
357,815
357,813
357,816
357,815
357,816
357,815
357,816
357,815
357,817
357,817
357,816
357,817
357,818
358,819
357,818
357,818
357,818
357,818
357,818
357,818
357,819
358,819
357,819
357,819
357,819
357,819
357,819
357,820
357,821
357,820
357,820
357,819
357,820
357,820
358,853
357,889
357,875
357,864
358,855
357,847
357,843
357,837
357,834
357,830
358,827
357,827
357,825
357,823
357,824
357,822
357,822
357,820
357,820
357,821
357,820
357,820
357,819
357,820
357,821
357,820
357,820
357,818
357,819
357,819
357,819
357,819
357,819
357,819
357,820
357,819
357,820
357,821
357,819
357,820
357,820
357,820
357,820
357,820
357,821
357,820
357,822
357,820
357,820
357,820
357,820
357,820
357,821
357,821
357,819
357,820
357,820
357,822
357,821
357,821
357,821
357,821
358,821
357,820
357,820
357,820
357,820
357,818
357,820
357,821
357,821
357,821
357,820
357,820
357,820
357,821
357,821
357,819
357,819
357,820
357,820
357,820
357,820
357,821
357,821
357,821
357,821
357,821
357,819
357,820
357,820
357,820
357,820
357,819
357,820
357,820
357,820
357,819
357,820
357,819
357,820
357,818
357,818
357,818
357,819
357,819
357,818
357,818
357,819
357,817
357,817
357,818
357,818
357,818
358,819
357,818
358,819
357,820
357,819
357,821
357,820
358,820
357,818
357,819
357,818
357,818
357,818
357,819
357,817
357,817
358,817
357,817
357,818
357,818
358,818
357,819
357,819
357,818
357,818
357,817
357,818
357,817
357,818
357,816
357,817
358,818
357,817
357,817
357,816
357,817
357,817
357,817
357,816
357,817
358,816
357,816
357,816
357,815
357,816
357,815
357,815
357,815
357,816
357,816
357,815
357,816
357,815
357,814
357,814
358,814
357,816
357,814
357,814
357,813
357,813
357,813
357,812
357,812
357,812
357,811
357,811
357,812
357,812
357,811
357,811
357,811
357,811
357,811
357,810
357,810
357,810
357,810
357,809
357,810
357,810
357,810
357,810
357,810
357,811
357,810
357,810
357,810
361,834
358,873
357,859
357,849
357,840
357,833
357,827
357,822
357,820
357,818
357,815
357,813
357,811
357,810
357,809
357,808
357,807
357,807
357,806
357,805
357,805
357,805
357,805
357,805
357,804
357,805
357,805
357,801
357,804
357,804
357,804
357,803
357,804
357,804
357,804
357,804
357,803
357,803
357,803
357,803
357,803
357,803
357,803
357,803
357,803
357,802
357,803
357,801
357,804
357,803
358,803
357,802
357,803
357,803
357,803
357,803
357,803
357,804
357,803
357,804
357,803
357,803
357,802
357,805
357,803
357,803
357,802
357,802
357,801
357,801
357,802
357,802
357,802
357,802
357,801
357,802
357,802
357,800
357,801
357,801
357,802
357,802
357,801
357,802
357,802
357,801
358,802
358,802
357,802
357,803
357,802
357,802
357,803
358,803
357,802
358,801
357,801
357,801
357,801
357,801
357,801
357,801
357,801
357,800
357,800
357,801
357,800
357,800
357,799
357,801
357,801
357,801
357,800
357,801
357,800
357,800
357,801
357,801
357,802
357,802
357,801
358,801
357,801
357,802
357,801
357,802
357,801
357,801
357,799
357,800
357,801
357,801
357,801
357,801
357,802
358,802
357,801
357,801
358,802
357,800
357,801
358,801
357,800
357,801
357,801
357,801
357,801
357,802
357,800
357,801
357,802
357,801
357,802
357,802
358,802
357,802
357,801
357,800
357,801
357,801
358,800
357,800
357,800
357,801
357,801
357,800
357,801
357,800
357,800
357,798
357,800
357,800
357,801
357,801
357,800
357,800
357,801
357,801
357,800
357,800
357,803
357,801
358,801
357,800
357,800
357,800
357,800
357,800
357,801
357,799
358,800
358,800
357,801
357,801
357,801
357,801
358,801
357,801
357,802
357,801
358,803
357,802
357,802
357,852
357,858
358,847
357,838
358,830
357,825
357,817
357,815
357,812
357,809
357,807
357,806
357,805
358,803
358,803
358,802
357,802
357,802
357,802
358,801
358,801
357,801
358,801
358,802
357,801
357,801
357,798
357,801
357,801
357,801
357,802
357,803
357,802
357,802
357,803
357,804
357,805
357,804
357,805
358,806
357,806
357,806
357,807
357,806
357,807
357,807
357,807
357,808
357,808
357,808
357,808
357,810
357,810
357,811
357,810
357,811
357,811
358,811
357,811
357,811
357,812
357,812
357,811
358,812
358,813
357,813
358,813
357,812
357,813
357,814
357,813
357,814
357,814
357,815
357,814
358,814
357,814
357,815
357,815
357,814
357,814
357,816
357,816
357,816
357,816
357,816
357,817
357,814
357,815
357,815
357,816
357,816
357,816
358,815
357,816
358,817
357,817
357,815
357,816
357,816
358,817
357,817
357,817
357,817
357,817
357,818
358,818
357,817
357,817
357,819
358,819
357,818
358,819
357,819
358,819
357,819
357,818
357,819
357,819
358,817
357,818
358,819
357,819
357,819
358,820
357,819
358,819
357,821
357,819
357,820
357,819
357,819
357,819
358,819
358,818
357,819
358,820
357,819
357,817
358,818
358,818
357,818
357,819
357,819
357,819
357,818
358,818
357,818
357,815
357,817
357,818
357,817
357,817
358,817
358,817
358,817
358,818
358,818
358,817
357,817
357,817
358,818
357,816
358,816
357,817
357,817
357,816
358,817
358,816
357,816
357,816
357,817
357,817
357,817
358,817
357,817
357,816
358,817
358,817
357,816
358,816
357,818
357,816
357,816
358,816
358,815
357,816
357,816
358,814
357,815
357,814
357,814
357,815
357,816
357,815
358,815
357,814
358,814
357,815
358,814
357,814
358,815
357,814
357,814
357,813
360,864
358,870
357,856
357,847
357,838
357,834
357,830
357,824
357,821
358,819
357,817
358,816
357,814
357,814
358,811
357,811
357,811
357,810
357,811
358,809
358,809
357,810
358,810
358,809
357,809
357,809
357,810
357,809
358,808
358,808
358,809
358,808
357,807
357,807
357,807
358,807
357,807
358,807
358,807
357,808
358,808
358,808
357,808
357,807
357,805
358,807
358,807
357,807
357,807
357,806
358,807
358,806
357,806
357,806
358,806
357,806
357,807
358,805
358,807
357,806
357,806
358,806
357,806
357,805
357,804
358,805
357,805
357,805
357,806
358,807
358,806
358,806
357,806
358,807
358,806
358,806
357,805
358,806
358,805
358,807
358,806
358,805
358,806
357,804
358,806
357,805
358,804
357,806
357,805
357,806
358,805
357,805
357,805
358,805
358,804
358,804
357,804
357,805
358,806
358,805
358,804
358,805
357,805
357,803
358,803
357,804
358,803
357,804
357,804
358,804
358,805
357,804
357,804
358,804
357,804
358,804
357,804
358,805
358,805
357,803
357,803
357,804
358,804
357,804
358,803
357,801
357,803
358,802
357,802
357,802
357,801
358,803
357,801
357,802
357,802
357,803
358,801
358,802
358,802
358,802
358,803
358,802
358,802
357,802
357,801
358,801
358,801
358,803
358,802
358,801
357,801
357,802
358,801
357,800
358,800
357,799
358,800
358,800
357,800
357,801
357,800
357,801
357,800
357,800
358,799
358,800
357,800
357,800
357,800
358,802
357,800
358,800
358,800
358,800
357,799
358,800
358,801
358,801
357,800
357,800
357,800
357,800
357,800
357,800
358,800
357,797
357,799
358,799
357,800
357,799
358,799
358,799
358,799
357,798
357,798
358,798
357,798
357,799
357,798
358,798
357,798
357,799
361,847
358,855
358,844
357,832
357,825
357,820
358,815
357,812
357,808
357,803
358,803
357,801
357,799
358,799
357,797
358,797
357,797
357,796
357,796
357,796
358,795
357,796
357,796
357,793
358,795
358,795
357,794
358,794
357,794
357,795
357,794
357,795
358,796
357,795
357,796
357,795
358,795
357,794
357,795
357,795
357,794
357,796
358,795
357,795
357,795
357,796
357,796
358,796
358,797
357,796
357,797
357,796
357,797
357,798
357,797
358,798
357,799
358,800
357,799
357,799
357,800
357,799
357,800
357,800
357,800
357,800
358,800
357,802
357,802
357,803
357,804
357,805
357,805
357,805
357,804
357,805
358,806
358,806
358,806
357,806
357,806
357,806
357,807
357,806
358,807
358,808
357,808
357,807
357,808
357,809
357,809
357,810
357,810
357,810
357,810
357,811
357,812
358,811
358,812
357,811
358,811
358,810
357,811
358,810
358,812
357,811
358,811
357,812
357,812
358,811
357,811
357,811
357,812
357,812
357,813
357,813
357,814
357,814
358,814
358,815
358,815
358,816
357,815
357,814
357,814
357,814
357,815
358,813
357,816
357,815
358,815
357,814
358,814
357,814
358,814
358,815
357,816
358,815
357,816
358,816
358,815
357,816
357,816
358,815
357,815
357,814
358,815
357,816
357,817
358,816
358,816
358,817
358,816
357,817
358,817
357,815
357,816
358,817
358,817
358,817
358,816
358,816
358,816
358,815
357,814
358,816
358,815
358,815
358,814
358,816
357,815
357,815
358,815
358,815
358,815
358,815
358,815
358,815
358,815
358,816
357,815
358,816
357,816
358,816
357,813
358,814
358,815
358,815
357,815
358,814
358,815
358,815
358,815
358,815
358,815
358,814
357,814
358,813
358,814
357,814
357,814
357,814
359,846
358,877
357,863
358,850
358,843
357,836
358,830
358,826
357,822
358,820
358,818
358,816
358,814
358,812
357,812
358,811
358,810
357,810
358,810
357,809
357,809
358,808
357,808
358,807
357,808
357,807
357,809
358,808
357,808
358,807
358,807
358,806
358,806
358,806
358,806
358,805
358,806
358,805
357,806
357,806
358,805
357,804
358,805
358,805
357,806
358,805
357,806
358,807
357,806
358,805
358,806
357,806
357,806
358,806
358,806
358,806
358,806
357,806
358,807
358,808
358,807
358,806
358,805
358,806
358,805
358,805
358,805
358,806
357,805
357,806
358,806
357,804
358,805
358,804
358,804
358,804
358,804
357,803
357,803
358,803
358,804
358,803
358,802
358,804
357,803
358,804
358,804
358,803
358,803
358,804
358,802
358,802
358,802
358,803
358,804
357,802
358,803
358,803
357,802
358,803
358,803
357,803
358,803
357,803
357,801
358,802
357,803
358,802
357,803
357,802
357,802
358,802
357,802
358,801
357,801
358,801
358,802
358,803
357,802
358,802
358,802
357,802
357,801
357,801
358,801
358,802
358,801
357,802
358,801
357,800
357,801
358,801
358,799
357,800
358,799
357,800
358,800
357,799
358,800
358,800
357,800
358,800
357,800
358,800
358,801
357,799
358,800
358,799
358,799
357,799
357,799
358,799
357,798
357,797
357,799
357,798
358,799
358,798
357,799
358,800
358,799
357,798
357,798
358,798
357,798
357,795
358,797
358,798
357,797
358,799
357,797
358,799
358,799
357,798
357,797
358,798
358,797
358,797
357,799
357,799
358,799
358,798
357,797
358,797
357,797
357,795
358,796
358,797
357,796
358,797
358,797
358,797
357,797
357,797
358,797
357,796
358,796
357,796
357,797
357,796
357,797
358,796
361,848
357,852
357,841
357,831
358,824
358,817
358,813
357,809
358,805
358,803
357,800
357,798
357,797
357,796
358,793
358,795
357,793
358,794
357,793
358,794
358,794
358,793
357,791
358,791
358,793
358,792
359,792
358,794
357,792
358,792
358,791
357,791
358,793
357,793
358,793
357,793
358,795
358,793
358,794
357,794
358,794
358,794
357,795
358,794
357,792
358,795
358,795
358,795
357,796
358,796
358,797
357,797
358,797
357,798
357,798
357,799
357,799
358,800
358,800
357,801
358,801
357,799
357,801
358,800
357,800
357,801
358,803
358,802
358,801
358,803
358,804
358,803
358,804
358,804
357,804
357,804
357,804
358,804
358,805
358,804
357,804
357,805
358,805
358,806
357,805
357,805
358,806
358,806
358,808
357,806
358,808
358,807
357,809
357,808
357,808
358,809
358,810
358,811
358,811
358,810
358,810
357,810
358,811
358,812
357,811
357,808
358,810
358,811
358,811
357,810
358,811
358,811
358,812
357,812
358,812
358,813
358,812
358,813
358,812
358,813
358,813
358,813
358,813
357,812
358,813
358,811
358,812
358,812
358,813
358,813
357,812
358,812
358,812
358,812
358,812
358,813
358,813
358,813
358,812
358,814
358,813
358,814
358,813
358,813
358,813
358,813
358,812
358,813
358,813
358,813
358,814
358,813
358,813
358,813
358,812
358,812
357,812
358,813
358,812
358,812
358,813
358,812
358,813
358,811
358,812
358,813
358,812
358,812
358,812
358,811
358,811
358,810
358,810
358,811
358,812
357,811
358,811
357,811
358,811
358,811
358,810
358,809
358,812
358,811
358,811
358,811
358,810
358,810
357,810
358,809
358,811
358,810
358,810
358,810
358,811
358,811
358,810
358,810
358,810
358,810
358,810
362,858
358,864
358,853
358,844
358,836
358,830
358,825
358,823
358,819
358,816
357,813
358,811
358,810
358,809
358,807
358,807
358,808
358,807
358,807
358,806
358,806
358,805
358,806
358,806
358,806
358,803
358,805
358,805
358,804
358,803
358,803
358,804
357,804
358,804
358,805
357,804
358,804
358,804
358,804
358,804
358,805
358,805
358,805
358,805
358,806
358,803
358,804
358,805
358,804
358,804
358,803
358,803
358,803
358,804
358,803
358,804
358,803
357,803
358,804
358,803
358,802
358,803
358,802
358,803
358,803
358,801
358,803
358,804
358,803
358,803
358,803
358,802
358,802
358,802
358,802
358,802
358,801
358,803
358,801
358,801
358,802
358,802
358,801
358,802
358,802
358,804
358,802
358,802
358,801
358,801
357,799
358,801
358,801
358,801
358,801
358,799
358,800
358,800
357,799
358,799
358,800
358,800
358,800
358,799
357,799
358,799
357,797
358,799
358,799
358,800
358,799
358,799
358,798
358,797
358,799
358,797
358,799
358,798
358,798
358,799
358,796
357,797
358,797
358,797
358,797
358,796
358,794
358,796
358,796
358,795
358,796
358,796
358,796
357,795
358,795
358,796
358,796
358,795
358,794
358,795
358,796
358,796
358,796
358,796
358,797
358,795
358,795
358,797
358,796
357,796
359,795
358,795
358,795
358,794
358,794
358,795
357,795
358,795
358,795
358,796
358,796
358,795
358,795
358,796
358,796
358,795
358,795
358,794
358,794
358,794
358,795
358,794
358,795
358,794
358,794
358,793
358,794
358,795
358,795
358,794
358,794
357,794
358,794
358,794
358,793
358,794
358,793
358,791
358,794
358,794
358,794
358,794
358,794
358,794
358,794
358,793
358,794
358,793
358,793
358,793
358,793
358,793
358,794
358,793
362,843
358,847
358,835
358,824
358,819
358,812
358,808
358,803
358,802
358,799
358,797
358,796
358,793
358,792
358,791
358,791
358,789
358,789
358,789
357,789
358,789
358,788
358,787
358,786
358,786
358,786
358,786
358,788
358,787
358,787
358,787
358,787
358,788
358,787
358,787
358,788
358,788
358,789
358,787
358,789
358,789
358,788
358,788
358,787
358,788
358,788
358,788
358,788
358,789
358,788
358,789
358,788
358,789
358,790
358,788
358,789
357,789
358,790
358,791
358,790
358,792
358,792
358,791
358,792
358,792
358,793
358,793
358,792
358,793
358,795
358,795
357,796
358,796
358,796
358,796
358,796
358,797
358,798
358,799
358,799
358,800
358,799
358,799
358,800
358,799
358,800
358,800
358,801
358,801
358,803
358,802
358,803
358,804
358,805
357,804
358,805
358,805
358,806
358,807
358,807
358,807
358,808
358,808
358,808
358,808
358,808
358,809
358,809
358,809
358,809
358,810
358,811
358,810
358,811
358,811
358,811
358,811
358,812
358,812
358,812
358,812
358,811
358,812
358,812
358,810
358,812
358,814
358,814
358,814
358,814
358,814
358,813
358,814
358,813
358,814
358,814
358,814
358,814
358,814
358,816
358,816
358,815
358,815
358,816
358,816
358,815
358,816
358,816
358,816
358,816
358,816
358,817
358,817
358,818
358,817
358,818
358,819
358,819
358,818
358,818
358,820
358,819
358,819
358,820
358,820
358,820
358,819
358,818
358,819
357,820
358,820
358,819
358,821
358,821
358,820
358,820
358,819
358,820
358,820
358,820
358,819
358,820
358,821
358,820
358,819
358,817
358,819
358,819
358,819
358,820
358,820
358,820
359,818
358,817
358,818
358,818
358,818
358,818
358,819
358,821
358,818
358,818
358,863
358,867
358,856
358,846
358,841
358,836
358,831
358,828
358,825
358,823
358,821
358,819
358,818
358,817
358,817
358,816
358,816
358,816
358,814
358,813
358,814
358,814
358,813
357,811
358,813
358,812
359,812
358,812
358,811
358,812
358,811
358,811
358,811
358,812
358,812
358,812
358,812
358,812
358,812
358,811
358,811
358,812
358,812
358,809
358,811
359,811
358,811
358,811
358,811
358,811
358,811
358,811
358,810
358,811
358,811
358,811
358,810
358,810
358,809
358,808
358,808
358,808
358,810
358,807
358,807
358,808
358,809
358,808
358,809
358,808
358,808
358,807
358,808
358,808
358,807
358,808
358,808
358,808
358,807
358,808
359,808
358,807
358,807
358,806
358,806
358,808
358,805
359,805
358,808
358,804
359,806
358,806
358,805
358,804
358,804
358,803
358,804
358,803
358,804
358,803
358,804
358,803
358,803
358,801
358,802
358,801
358,801
358,801
358,800
358,801
358,801
358,800
358,801
358,800
358,799
358,800
358,801
358,800
359,801
358,799
358,799
358,800
358,800
358,798
359,798
358,799
358,799
358,798
358,798
358,798
358,798
358,797
358,798
358,797
358,797
358,797
358,797
358,796
358,797
358,796
358,795
358,795
358,796
358,796
358,795
358,796
358,796
358,795
358,795
358,797
358,796
358,797
358,795
358,795
358,795
358,795
358,794
358,794
358,794
358,793
358,793
358,792
358,793
358,793
358,791
358,791
358,792
358,793
358,794
358,792
358,792
358,792
358,792
358,791
358,792
358,791
358,791
358,792
358,791
358,789
358,791
358,791
358,790
358,791
358,790
358,790
358,790
358,790
358,790
358,790
358,789
358,791
358,790
358,790
358,790
358,790
358,791
358,792
358,791
358,790
358,790
358,791
358,789
358,797
361,844
358,832
358,822
358,816
358,810
358,805
358,802
358,797
358,795
358,792
358,790
358,790
358,789
358,789
358,787
358,786
358,786
358,786
358,786
358,786
358,786
358,786
358,786
358,785
358,786
358,785
358,785
358,784
358,784
358,785
358,783
358,783
358,783
358,782
358,783
358,782
358,781
358,782
358,783
358,782
358,781
358,781
358,781
358,782
358,781
358,782
358,781
358,782
358,781
358,783
358,782
358,781
358,781
358,782
358,781
358,781
358,782
358,781
358,782
358,782
358,783
358,782
358,783
358,780
359,783
358,782
358,782
358,783
358,782
358,783
358,783
358,783
358,783
358,783
358,783
358,783
358,783
358,783
358,784
358,783
358,783
358,783
358,782
358,781
358,783
358,782
358,782
358,783
358,783
358,781
358,781
358,781
358,783
358,782
358,782
358,781
358,783
358,783
358,783
358,782
358,781
358,782
358,781
358,781
358,782
358,783
358,783
358,783
358,783
358,781
358,780
358,781
359,782
358,782
358,781
358,782
358,781
358,782
358,782
358,781
358,782
358,783
358,783
358,784
358,784
358,785
358,786
358,784
358,784
358,786
358,786
358,787
358,786
358,788
358,788
358,788
358,787
358,788
358,789
358,790
359,790
358,791
358,791
358,790
357,789
358,790
358,792
358,793
358,792
358,793
358,794
358,795
358,794
358,794
358,794
358,795
358,795
358,795
358,796
358,797
358,797
358,798
358,797
358,798
359,797
358,800
358,798
358,798
358,799
358,798
358,799
358,799
358,799
358,800
358,799
358,799
358,800
358,799
358,799
358,800
359,800
359,800
359,799
358,801
359,801
358,801
358,801
358,802
358,801
358,802
358,801
358,801
359,802
359,802
358,801
358,802
358,803
358,803
358,804
358,803
358,804
359,847
358,851
358,841
358,834
358,827
358,823
358,818
358,816
358,812
359,811
359,809
359,807
358,806
358,805
358,804
359,805
358,804
358,804
359,803
359,804
359,803
358,804
359,803
359,803
358,802
359,803
359,803
359,804
358,804
358,803
358,802
358,804
358,803
358,804
358,803
358,804
358,804
358,804
358,804
358,804
358,804
358,804
358,805
359,803
358,801
358,804
358,803
358,804
358,804
358,804
358,804
358,804
358,803
358,804
358,804
359,804
358,804
359,804
358,803
359,804
358,803
358,803
358,803
358,805
358,803
358,804
359,804
359,803
359,805
358,802
359,803
359,803
358,803
359,803
359,802
358,802
358,802
359,803
358,803
358,802
359,803
359,803
358,803
359,803
358,803
359,800
359,802
358,802
358,802
358,800
359,802
359,803
358,802
358,801
358,801
359,802
359,800
359,800
359,801
358,801
358,801
358,799
359,800
358,800
358,800
358,798
359,799
359,800
358,800
358,800
358,800
358,800
358,800
358,800
359,799
358,799
358,799
358,799
358,799
358,799
358,799
358,800
358,799
359,798
358,799
358,800
359,799
359,798
358,800
358,798
358,799
358,798
358,799
359,799
358,798
358,798
359,798
359,798
358,797
359,797
359,797
359,797
358,797
358,797
358,797
358,797
358,795
359,797
358,797
359,797
359,797
358,796
358,796
359,796
358,797
358,797
358,797
359,797
358,797
358,796
358,795
358,796
358,796
358,796
359,796
359,796
358,794
358,795
359,794
358,795
359,794
358,793
358,793
358,793
358,793
358,794
359,794
358,793
358,793
358,792
358,792
358,791
358,792
359,790
358,789
359,790
359,791
358,790
359,791
359,790
358,790
358,790
358,790
358,789
358,790
359,790
358,789
358,789
359,788
358,788
358,788
358,787
358,787
358,793
362,852
358,829
358,818
358,810
358,806
358,801
358,797
358,795
359,791
358,789
358,787
358,785
358,785
358,783
358,783
358,782
358,782
358,780
358,781
358,781
358,780
358,780
358,779
358,779
358,780
358,780
358,779
358,780
358,779
358,779
358,779
358,779
358,780
358,780
358,780
358,780
358,780
358,780
358,780
358,779
358,780
358,778
358,778
358,776
358,779
358,779
358,779
358,778
358,779
358,779
358,780
358,780
358,779
358,780
358,779
358,778
358,779
358,779
358,779
358,779
358,778
358,778
358,778
358,776
358,778
358,778
358,778
358,778
358,778
358,778
358,779
358,779
358,777
358,778
358,779
358,778
358,778
358,779
358,778
358,778
359,777
358,777
359,778
358,778
358,778
358,777
358,778
358,779
358,780
358,779
358,779
358,780
358,779
358,779
358,779
358,779
358,778
358,777
358,778
358,777
358,777
358,777
358,778
358,778
358,777
358,777
358,776
358,776
358,776
358,777
358,775
358,775
358,777
358,776
358,776
358,776
358,776
358,775
358,776
358,777
358,777
358,777
358,776
358,776
358,775
358,776
358,777
358,776
358,778
358,777
358,777
358,777
358,777
358,777
358,778
359,777
358,778
358,778
358,777
358,776
358,778
358,778
358,777
358,777
358,775
358,777
358,777
358,776
358,778
358,778
358,777
358,776
358,777
359,778
358,778
358,777
358,778
358,778
358,777
358,777
358,777
358,779
358,778
358,778
358,778
358,779
359,779
358,778
358,778
358,778
358,779
359,778
358,776
359,777
358,778
358,778
358,777
358,778
358,778
358,779
358,779
358,778
358,779
358,779
358,779
358,778
358,779
358,779
359,779
359,780
358,780
358,781
359,780
359,781
359,782
358,782
360,783
359,784
359,784
359,785
359,784
362,816
362,839
358,828
358,819
359,808
359,806
359,803
359,800
359,796
359,795
359,794
359,793
359,791
360,790
359,789
359,790
360,789
359,789
359,789
359,789
359,790
359,790
359,790
359,792
358,789
359,792
359,790
359,792
359,792
359,791
359,791
359,793
359,793
359,794
359,794
359,797
359,795
360,795
359,795
359,797
359,798
359,797
359,796
359,797
359,798
359,798
359,797
360,797
359,798
359,798
359,799
359,799
359,799
359,799
359,799
359,799
359,800
359,799
359,800
359,799
359,800
359,800
359,800
359,800
359,800
359,802
359,802
359,802
359,802
359,802
359,804
359,803
359,803
359,802
359,803
359,802
358,802
358,803
359,804
358,804
359,803
359,803
359,804
359,803
359,804
359,805
359,805
359,805
359,805
359,805
359,805
359,804
359,805
359,805
359,805
358,805
359,805
359,805
359,806
358,805
358,806
359,806
359,806
359,806
359,806
358,804
358,806
359,805
358,806
359,805
359,807
359,807
359,805
359,805
359,806
358,806
359,806
358,805
359,806
359,805
358,805
359,805
359,804
358,805
359,805
358,805
359,807
359,806
359,806
359,805
359,805
359,805
359,806
359,806
359,805
359,806
358,807
359,804
359,805
359,805
359,806
359,805
358,805
359,805
359,806
359,805
359,805
359,805
359,804
359,804
359,803
359,803
359,803
359,804
359,804
359,804
359,805
359,803
359,804
359,804
359,804
359,803
359,803
359,802
359,803
359,803
358,801
359,802
359,803
359,803
359,802
359,802
359,802
359,805
359,803
359,803
360,803
359,803
359,804
359,803
359,803
359,802
359,802
359,803
360,802
359,800
359,802
359,802
359,802
359,802
359,802
359,801
359,800
359,800
359,800
359,799
359,800
359,799
359,800
359,799
359,798
359,799
363,864
359,842
359,832
359,824
359,817
359,814
359,810
359,805
359,804
359,803
359,800
359,798
359,797
359,796
359,796
359,795
359,795
359,795
359,794
359,793
359,792
359,792
359,793
359,792
359,792
359,794
359,792
359,793
359,792
359,791
359,791
359,791
359,791
359,791
359,791
358,790
359,790
359,791
359,791
359,790
359,790
359,789
359,791
359,790
359,791
359,790
359,791
359,791
359,790
359,790
359,789
359,790
359,789
359,791
359,791
359,790
359,789
359,788
359,790
359,789
359,788
359,787
359,787
359,788
359,787
359,784
359,787
359,787
359,786
359,787
359,787
359,787
359,787
359,787
359,787
359,788
359,788
359,787
359,787
359,787
359,787
359,787
360,786
359,786
359,787
359,784
358,785
359,785
359,786
359,784
359,785
359,786
359,787
359,785
359,784
359,785
359,785
359,785
359,784
358,783
359,785
359,785
359,783
359,783
359,786
360,784
359,784
359,784
358,784
360,784
359,785
359,785
359,784
358,784
358,784
359,784
359,785
359,784
359,784
359,783
359,783
358,784
359,784
359,782
359,783
358,782
359,782
359,782
359,782
359,781
359,781
358,782
358,782
358,783
359,783
359,782
358,782
359,783
358,782
359,783
358,782
359,782
359,782
358,782
359,781
359,780
358,782
359,781
359,781
359,781
359,783
359,783
359,783
359,783
359,783
359,783
359,783
358,783
359,784
359,784
359,783
359,782
359,783
359,784
359,783
358,780
358,781
359,782
359,781
359,780
359,780
358,781
358,781
358,781
359,781
359,781
358,780
359,781
358,781
358,780
359,781
359,782
358,781
359,781
359,782
359,780
359,779
358,780
359,781
358,780
359,779
358,779
359,780
358,779
358,779
358,780
358,780
359,780
359,781
359,781
359,788
362,835
359,822
358,812
359,806
358,800
359,796
359,792
358,788
359,786
359,784
358,782
358,781
359,780
358,778
359,778
358,778
358,777
358,776
358,776
358,777
358,778
358,776
359,776
359,776
358,777
358,776
358,776
359,775
358,775
359,776
358,775
358,776
358,776
358,777
358,776
358,776
359,777
359,778
359,776
358,776
358,777
358,778
358,777
358,777
358,777
358,776
358,777
358,777
358,778
358,779
358,777
358,775
359,777
358,776
358,778
358,777
358,777
358,779
358,779
358,778
358,778
358,779
358,779
358,780
358,779
359,780
358,781
358,780
359,780
358,781
359,780
358,781
358,781
358,782
358,782
358,782
358,782
358,783
358,783
358,784
358,783
358,783
359,785
358,785
359,785
359,786
359,786
359,787
358,787
359,787
358,789
358,789
358,790
358,789
358,789
358,790
358,791
358,791
358,790
358,792
359,792
358,791
359,791
359,791
358,792
359,792
358,790
358,794
358,793
359,793
358,793
358,794
358,794
358,794
359,795
358,796
359,796
359,796
358,796
358,796
358,798
358,798
359,798
359,799
358,800
359,798
359,797
358,798
358,799
359,800
359,800
358,799
358,800
359,800
359,799
358,799
358,800
359,799
358,799
358,800
359,801
358,801
358,801
358,802
359,802
358,801
358,800
358,800
358,802
358,802
358,802
358,802
359,801
358,803
358,803
358,803
358,804
358,803
359,804
358,803
358,803
358,803
358,804
358,804
358,802
359,803
358,803
358,803
359,801
358,803
358,805
358,803
358,803
358,804
358,804
358,804
358,803
359,805
359,804
358,804
358,805
358,804
358,804
358,805
359,804
359,803
358,803
358,802
358,803
358,803
358,804
358,804
359,804
358,804
358,803
359,804
358,803
358,804
359,804
358,811
362,863
359,844
358,835
358,829
358,824
358,819
358,814
358,810
358,809
358,807
358,805
359,804
359,803
358,802
358,801
358,801
358,801
358,801
358,800
358,799
359,799
359,800
358,800
359,800
359,800
359,799
359,799
358,797
358,799
358,798
359,799
358,798
358,798
358,797
358,797
358,798
358,798
358,799
358,797
359,799
358,798
358,799
358,797
359,797
358,799
358,797
359,797
358,796
358,798
358,799
359,798
358,797
358,797
358,797
358,797
358,797
358,798
358,798
358,797
358,796
358,797
358,797
358,796
358,797
358,796
358,797
358,797
358,797
358,796
358,796
358,797
358,796
358,796
358,796
358,796
358,796
358,795
358,795
358,796
358,796
358,795
358,796
359,796
358,796
358,794
358,795
358,796
358,795
358,793
358,795
358,794
358,794
358,793
358,792
358,792
358,793
358,792
358,793
358,793
358,794
358,793
358,792
358,792
358,793
358,793
358,793
358,793
358,793
358,790
358,792
358,791
358,791
358,791
358,791
358,791
358,791
358,790
358,792
358,791
358,792
358,791
358,791
358,791
358,791
358,791
358,791
358,789
358,789
357,790
358,789
358,789
357,790
358,789
358,791
358,790
358,789
358,789
358,790
358,790
358,790
358,790
358,790
358,790
358,789
358,789
358,790
358,788
358,788
358,788
358,786
358,787
358,787
358,787
358,787
358,788
358,789
358,786
358,788
358,786
358,787
358,786
358,787
359,786
358,785
358,786
358,787
358,786
358,786
358,785
357,785
358,785
358,786
358,785
358,786
358,786
358,785
357,784
357,785
358,786
358,785
358,786
358,786
358,785
358,786
357,784
358,785
358,785
358,784
359,784
358,783
357,784
358,784
358,785
358,784
358,785
358,784
358,783
358,783
358,783
358,783
358,783
358,832
358,832
358,820
358,813
358,806
358,801
357,797
357,793
358,789
358,788
358,786
358,785
358,782
358,782
358,782
358,781
358,781
358,780
358,780
358,779
357,778
357,777
358,778
357,778
358,777
357,776
357,776
357,777
357,777
357,776
357,776
357,777
357,776
357,777
358,776
357,777
358,777
358,777
358,777
357,777
358,778
357,778
357,778
357,778
357,778
357,778
358,778
358,778
357,779
357,776
358,777
358,778
357,777
357,778
357,778
358,779
357,778
357,778
357,778
357,775
357,778
358,777
357,777
357,776
357,777
358,778
357,777
357,776
357,778
357,775
357,776
357,776
357,778
357,778
358,778
357,777
357,779
357,778
358,776
357,776
358,777
357,778
358,777
357,777
357,778
357,778
358,778
357,777
357,777
358,777
357,778
357,777
357,777
357,777
357,777
358,776
357,776
357,776
357,776
358,775
357,774
357,775
357,775
357,775
357,775
357,775
357,776
357,776
357,775
357,775
358,778
357,776
357,775
357,776
357,776
357,777
357,774
358,776
357,775
357,776
357,776
358,776
357,776
357,777
357,776
357,776
357,777
358,777
357,777
357,777
357,775
357,778
357,779
357,777
357,778
357,779
357,779
357,777
357,778
357,779
357,779
357,779
357,780
357,781
357,781
356,779
357,779
357,780
357,782
357,781
356,778
357,781
357,782
356,780
357,780
357,780
356,781
357,780
356,779
357,780
356,781
356,781
357,781
356,780
356,783
356,783
356,781
356,782
356,783
356,783
356,782
356,783
356,784
357,785
356,784
356,783
356,785
356,786
356,786
357,785
356,785
356,786
356,786
356,785
356,785
356,787
356,787
356,786
356,785
356,787
356,787
356,785
356,785
356,787
356,788
356,787
356,787
356,789
356,791
356,789
356,788
356,789
356,799
360,845
356,833
356,823
356,818
356,811
356,806
356,802
356,802
356,800
356,796
356,794
357,794
356,793
356,790
356,790
356,791
356,792
356,791
356,790
356,791
356,791
356,791
357,789
357,791
357,792
357,790
356,791
357,791
356,792
356,792
357,791
356,793
356,795
356,794
356,792
356,793
356,794
356,794
357,792
356,792
357,794
357,795
357,793
356,793
357,794
356,794
357,793
357,791
356,792
357,793
356,793
357,793
357,794
356,795
356,795
356,793
357,793
357,794
357,794
356,793
356,794
356,795
357,795
356,793
357,794
357,796
356,795
356,794
357,794
356,796
357,797
356,795
357,794
357,796
356,796
357,795
357,794
356,795
357,797
356,797
356,795
357,796
357,797
357,795
357,796
356,795
356,796
356,797
356,793
356,794
356,795
357,796
357,795
356,794
357,797
357,797
356,796
357,795
357,796
357,797
357,797
357,795
356,795
357,797
356,796
357,795
356,796
356,798
356,795
356,795
356,796
356,796
356,798
356,796
356,796
356,797
356,798
356,797
357,795
356,796
357,797
357,795
356,794
357,795
356,797
356,796
357,793
356,795
356,794
357,795
357,792
356,794
357,795
357,795
356,792
357,792
357,794
357,795
356,792
357,792
356,795
356,795
356,792
357,792
357,793
357,793
356,792
357,790
357,793
357,792
357,792
357,791
357,791
357,794
356,791
356,790
356,791
356,793
356,792
356,790
356,790
357,792
356,792
357,790
357,789
357,793
356,793
356,790
357,789
356,789
356,791
356,789
356,789
356,791
357,792
356,790
356,788
357,791
356,791
356,790
357,789
356,790
357,792
356,791
357,790
356,790
357,792
357,793
357,790
356,789
356,792
357,793
356,790
358,790
356,790
356,792
356,790
357,789
356,790
356,791
356,790
356,788
356,790
360,840
356,839
356,826
356,820
357,814
356,810
356,804
356,800
357,800
356,797
356,794
357,792
356,793
356,793
356,791
356,789
356,790
356,791
356,789
356,787
356,789
356,791
356,789
356,788
356,788
356,790
356,789
356,785
356,788
356,789
356,789
356,787
356,787
356,788
356,788
356,787
356,785
356,789
356,789
356,787
356,786
356,788
356,789
356,787
356,784
356,787
356,788
356,785
356,785
356,787
356,790
356,789
356,787
356,788
355,790
356,790
356,788
356,787
356,789
356,788
356,786
356,785
356,787
356,788
356,786
356,784
356,785
356,784
355,783
356,780
355,782
356,784
356,782
356,781
355,781
356,783
356,781
356,780
356,781
356,783
356,781
356,781
356,780
356,783
356,784
356,783
356,784
356,788
356,788
356,787
355,786
356,789
356,791
356,788
356,789
356,792
356,795
356,793
356,791
356,794
357,795
356,794
356,791
356,792
356,793
356,793
356,792
356,791
355,792
356,794
355,791
356,791
356,793
356,793
356,792
355,790
355,793
356,793
356,791
356,790
355,792
356,793
355,792
355,790
355,791
355,793
356,792
355,790
356,789
356,794
355,792
356,790
356,790
356,793
355,792
355,790
355,789
355,792
355,792
355,790
355,790
355,792
355,794
356,791
355,791
355,792
355,793
355,792
356,790
355,793
355,794
355,794
355,790
355,793
355,795
356,793
355,792
355,792
355,795
356,794
355,793
355,792
355,794
355,795
356,793
355,792
355,794
356,795
355,793
355,792
356,795
355,796
355,795
355,792
356,795
356,798
355,797
356,794
355,795
355,797
355,797
356,795
356,795
356,798
356,797
355,795
355,795
355,797
356,799
355,795
356,795
355,798
355,799
355,796
355,795
355,797
355,799
355,797
356,796
356,799
355,800
355,799
355,798
355,798
359,831
357,856
356,842
355,833
355,827
355,820
355,815
355,810
355,810
355,808
356,803
355,801
355,802
356,802
355,800
355,797
356,799
355,801
356,799
356,797
356,798
355,800
355,798
355,797
355,797
355,798
355,798
355,795
355,796
356,798
355,798
355,797
355,796
355,799
355,800
355,797
355,797
355,801
355,801
355,799
356,797
355,800
355,801
355,800
355,798
356,800
355,802
356,801
355,797
355,799
355,801
355,802
356,800
355,800
355,803
356,802
356,800
355,800
355,803
355,803
355,801
356,800
356,802
355,804
355,802
355,801
355,801
356,804
355,801
355,801
355,801
355,804
355,803
356,801
356,803
355,804
355,803
355,802
355,801
356,803
355,803
355,802
355,802
355,803
355,802
355,800
355,799
355,802
355,80