5,542
4,542
4,543
1,661
0,661
1,660
2,660
1,660
1,659
1,657
1,656
1,656
2,655
2,654
2,651
2,653
1,653
3,651
3,649
3,649
3,649
2,648
2,646
2,646
3,646
2,645
2,643
3,645
2,643
4,642
2,641
2,640
4,641
4,639
4,638
3,637
4,639
2,636
4,635
3,634
3,635
4,633
3,634
4,631
3,632
3,633
4,631
3,630
4,631
4,632
3,629
4,629
4,628
4,630
4,630
4,629
4,628
4,629
4,628
4,627
4,626
4,627
4,626
5,625
5,624
4,625
5,626
4,624
4,625
4,626
5,626
4,624
5,623
4,624
5,625
5,624
4,624
4,625
4,624
4,624
4,622
3,623
5,624
5,623
4,622
5,622
4,623
5,623
5,623
4,623
5,625
5,625
4,624
5,623
5,623
4,625
5,625
5,624
5,626
4,627
4,627
5,627
5,630
4,632
5,632
4,633
5,634
5,637
5,640
4,641
5,642
5,647
5,650
5,651
5,653
6,657
5,661
4,670
4,673
5,676
5,679
5,680
5,683
5,686
5,690
5,694
5,697
5,703
5,708
5,711
5,715
5,720
5,725
5,730
5,733
5,737
5,741
5,747
5,749
5,754
5,757
6,761
5,765
5,767
5,772
6,776
5,779
5,782
6,786
5,790
6,793
6,796
6,798
6,802
6,805
5,806
6,809
6,812
6,813
5,813
6,815
6,818
5,820
6,820
6,822
6,823
6,824
6,825
5,825
6,827
6,828
6,828
6,829
5,829
6,830
6,831
6,830
6,831
6,831
7,832
6,831
6,833
5,835
6,833
7,833
6,832
6,832
6,833
6,831
6,830
6,831
6,831
6,829
7,828
6,828
6,827
6,827
7,825
6,825
6,824
6,824
6,822
7,822
6,821
6,820
6,818
6,816
7,816
6,815
6,813
6,812
6,812
6,811
6,809
7,807
6,805
6,805
6,803
7,800
7,799
6,799
6,795
6,793
6,793
6,792
6,789
6,787
6,787
6,786
7,784
7,781
6,780
7,780
6,779
6,776
6,774
6,774
6,773
6,770
7,768
6,766
6,766
6,764
6,761
7,761
6,761
6,758
7,757
6,757
6,756
6,754
6,752
6,751
6,749
7,749
6,747
7,746
6,747
6,746
6,744
6,744
6,743
6,743
7,740
6,739
7,739
7,738
7,737
7,736
6,736
7,734
7,733
6,731
6,730
6,731
7,731
6,729
5,729
6,729
6,726
6,725
6,723
6,723
6,723
6,721
6,720
6,720
5,720
7,718
6,716
6,717
6,717
6,715
6,712
6,713
6,713
7,711
6,709
6,710
6,708
6,707
6,706
6,705
6,705
6,703
6,701
6,700
6,700
6,697
6,697
5,695
6,694
6,693
5,691
5,691
6,690
6,689
6,689
6,686
5,686
3,704
6,688
6,684
6,683
6,682
6,681
6,677
5,677
6,677
5,675
6,673
6,672
6,671
5,671
6,668
5,668
5,668
6,667
5,665
6,664
5,663
6,663
6,662
6,659
6,659
6,659
6,658
6,654
6,655
6,655
5,654
5,652
5,652
5,651
5,650
6,648
6,647
5,649
5,646
6,645
5,643
5,644
6,644
6,642
5,640
5,641
6,641
5,638
5,637
6,637
5,637
6,636
6,634
5,634
6,635
5,633
6,632
6,633
5,632
6,632
5,629
5,629
5,630
6,630
5,628
6,627
6,628
5,627
6,626
5,625
5,626
6,625
6,624
5,624
6,623
5,625
5,624
5,623
5,624
5,624
5,624
5,623
6,623
5,623
5,623
5,621
5,621
5,621
5,621
6,620
5,619
5,621
5,621
6,620
5,620
5,621
5,622
5,621
5,619
5,620
5,621
5,620
5,619
5,618
5,620
5,619
5,619
5,619
6,618
5,619
5,618
5,618
5,620
6,620
5,618
5,617
4,619
5,620
5,618
5,618
5,618
5,619
5,618
5,618
5,619
5,620
5,621
5,620
5,619
5,620
5,620
6,620
6,623
5,623
5,622
5,622
5,623
5,625
5,625
5,626
5,626
5,630
5,633
5,633
5,634
5,638
5,639
5,641
5,642
5,644
5,649
5,652
5,655
6,658
5,662
5,664
6,667
5,670
5,675
5,679
5,682
5,684
5,691
5,694
5,698
5,701
5,706
5,711
5,714
5,718
5,723
6,728
6,731
5,736
5,740
5,744
5,747
6,750
5,755
5,759
5,762
6,765
5,768
5,773
6,775
6,777
6,780
6,783
6,785
5,787
5,790
6,792
6,793
6,795
5,797
5,801
7,802
6,804
6,804
6,808
5,808
7,819
6,814
6,814
6,815
6,814
6,814
6,814
6,814
6,815
6,815
6,814
6,815
6,816
6,816
7,815
5,816
6,815
6,814
6,814
6,815
6,815
6,815
6,814
6,814
6,814
6,814
6,812
6,812
6,813
7,810
6,809
6,809
6,809
7,808
6,806
7,805
6,805
6,804
6,803
7,801
7,801
5,799
6,798
6,797
7,795
6,795
7,792
6,790
6,790
6,788
6,788
6,785
6,784
6,785
6,782
7,780
7,779
6,779
6,778
7,777
7,775
7,775
6,774
6,771
6,769
7,769
6,769
7,766
6,763
7,763
6,762
6,760
7,758
7,757
7,756
6,754
6,751
7,749
7,748
7,746
6,745
6,744
7,743
6,741
6,738
7,738
6,737
7,737
6,734
7,733
6,732
6,733
6,729
7,729
7,729
6,728
6,727
5,724
6,724
5,725
6,724
6,722
7,722
6,720
6,720
6,717
6,717
6,717
5,715
5,714
6,712
7,713
6,712
6,711
7,708
5,709
6,708
7,706
6,703
6,704
6,703
6,701
6,699
5,698
6,699
6,697
6,695
6,694
6,693
6,693
5,689
6,690
6,690
6,689
6,686
6,686
6,686
6,686
6,683
5,681
6,682
6,682
5,680
6,678
6,679
6,679
5,676
6,675
6,674
6,673
6,672
6,670
6,671
6,671
5,668
5,667
6,666
6,667
6,667
6,664
6,663
6,664
5,664
6,662
5,661
6,662
6,661
6,658
6,658
6,659
6,658
5,658
6,656
5,656
6,658
6,656
5,655
5,655
5,656
5,655
5,653
5,653
6,654
6,654
5,652
5,652
6,653
5,652
6,651
5,650
5,650
6,651
5,649
6,650
5,650
5,651
6,647
5,647
5,648
5,648
6,648
5,645
5,646
6,663
6,652
5,648
5,649
5,649
5,648
5,646
5,645
6,645
6,645
5,644
5,644
5,643
5,644
5,643
5,641
5,642
5,641
5,640
5,640
4,639
6,641
6,639
5,638
5,640
6,640
5,639
5,637
5,636
5,637
6,638
6,637
5,635
5,636
5,637
6,635
5,634
5,635
5,634
6,634
5,634
5,635
5,636
5,635
5,635
5,636
5,636
6,635
5,634
6,635
5,635
6,636
6,634
5,634
5,636
5,636
5,635
5,635
6,635
4,635
5,635
5,635
5,636
5,636
5,635
5,634
5,636
5,638
6,636
5,636
6,637
5,638
6,639
5,636
6,638
5,639
6,641
6,641
4,641
6,643
4,644
5,643
5,644
5,647
5,650
5,650
6,651
6,655
6,657
5,658
6,660
5,664
5,667
4,668
6,669
6,673
5,678
6,680
5,682
5,685
6,690
5,692
5,695
5,699
6,703
6,706
5,709
5,712
6,716
6,721
5,724
6,727
6,732
6,737
5,739
5,741
5,746
5,751
6,755
5,756
6,761
6,765
5,768
5,771
6,774
5,777
6,781
5,782
5,785
5,787
5,791
6,793
5,796
5,797
7,800
6,802
6,803
5,807
5,808
5,809
5,810
6,813
6,815
5,815
6,815
5,817
6,820
6,820
7,820
6,823
6,823
6,826
6,825
6,826
7,828
6,826
7,827
6,826
6,828
6,830
7,829
7,829
7,829
7,831
6,829
6,828
6,828
6,828
6,827
6,825
6,825
7,825
7,825
6,825
6,825
6,825
6,824
6,823
7,822
7,821
6,821
6,819
6,818
6,818
7,817
6,815
6,813
6,813
6,812
7,811
7,808
7,808
7,809
6,806
7,804
6,804
7,804
6,802
7,799
6,797
7,797
6,795
8,804
6,796
6,796
7,792
6,789
6,788
6,786
6,784
6,782
6,779
6,779
7,778
6,776
7,775
6,773
6,773
7,770
7,769
7,768
6,768
6,766
7,764
7,763
6,764
6,762
6,760
6,759
6,759
7,758
6,757
6,755
7,755
7,755
6,753
7,752
6,753
6,753
6,751
6,749
6,749
6,748
6,747
7,746
7,747
7,747
7,745
6,744
6,743
6,743
7,741
6,739
6,740
6,740
7,739
6,738
6,736
6,738
6,737
6,735
7,736
6,735
7,736
6,734
6,733
6,734
6,732
7,731
7,730
7,730
7,731
6,728
6,728
6,729
6,729
6,728
6,726
6,727
6,727
6,726
6,725
7,725
6,725
5,725
6,723
6,723
6,723
6,723
6,722
6,721
6,721
6,722
6,721
6,718
6,718
6,718
6,718
5,716
6,716
6,718
6,717
6,714
6,715
6,714
6,714
6,713
6,712
6,714
6,712
6,709
6,709
5,710
6,710
6,708
7,706
6,707
6,708
6,706
6,706
6,706
5,706
6,704
6,703
6,703
6,704
6,702
6,701
6,700
6,702
6,701
6,699
6,698
6,699
6,698
6,696
6,698
6,697
6,699
6,697
6,695
5,696
6,696
6,695
6,694
6,694
6,695
6,694
6,692
6,692
5,693
6,692
6,690
5,691
5,691
6,691
6,688
6,687
5,689
6,689
6,687
6,686
6,687
6,687
6,687
6,685
6,686
5,685
6,684
6,683
6,682
6,683
6,682
5,679
6,682
6,682
6,681
5,679
7,678
5,679
5,678
6,677
6,677
5,677
6,677
5,676
6,676
5,677
6,678
6,675
6,677
5,676
6,677
6,676
6,675
5,677
6,678
5,676
6,675
5,677
6,676
6,677
5,676
7,682
5,695
6,684
6,683
6,681
6,682
6,682
5,681
5,680
6,681
6,682
6,681
6,681
6,682
6,684
5,682
6,683
6,682
5,684
6,683
6,684
6,684
5,686
5,686
5,686
6,685
5,690
6,690
6,689
5,691
6,694
6,696
6,695
6,696
6,699
6,701
6,702
5,703
5,707
5,710
6,711
6,713
5,716
6,720
5,721
6,723
5,726
6,730
5,732
6,735
5,737
6,741
6,743
5,746
5,748
6,753
5,755
7,758
5,761
6,764
5,767
5,769
6,772
6,776
6,779
6,781
5,780
6,784
5,788
5,790
6,792
6,794
6,796
7,796
6,798
6,801
6,803
6,805
5,805
5,807
6,810
6,811
6,811
6,812
6,813
6,815
6,816
6,816
6,818
6,818
6,817
6,819
6,820
6,822
7,822
6,822
5,823
7,824
6,824
6,824
6,823
7,826
6,825
6,824
7,825
6,825
6,826
6,825
7,826
6,826
7,826
7,826
7,824
7,825
7,826
7,826
7,823
7,823
6,825
6,823
7,823
7,822
7,823
6,822
7,820
7,820
6,820
6,819
7,817
6,815
7,817
7,813
6,813
7,812
7,812
7,812
7,810
7,808
6,808
6,808
7,805
7,805
7,804
7,804
7,804
7,802
7,799
7,800
6,799
7,798
7,797
6,794
6,795
6,792
6,791
7,791
7,790
7,790
6,788
6,788
7,788
6,787
7,785
6,785
7,784
7,783
7,781
7,780
6,781
6,780
7,778
7,778
6,777
6,778
7,776
7,776
6,776
7,775
7,774
6,773
7,773
7,772
6,772
7,770
6,770
7,768
6,768
7,767
6,765
6,766
6,764
6,763
6,762
6,762
6,760
6,760
6,759
6,760
6,758
6,756
6,755
6,773
8,762
7,759
7,756
7,755
7,754
6,752
6,750
6,749
6,747
7,748
6,746
6,745
6,744
5,744
6,740
6,740
6,740
7,738
7,737
7,736
7,735
6,734
6,731
6,731
7,731
6,729
6,728
7,726
6,727
6,726
6,724
5,724
6,724
6,723
6,722
7,721
7,719
6,717
6,717
6,715
5,715
6,714
6,714
6,711
6,712
7,711
6,710
6,708
6,706
6,707
6,706
5,705
6,704
6,703
6,703
6,702
6,700
6,700
6,700
6,698
6,696
6,697
5,697
6,695
6,694
6,694
6,694
6,694
6,692
6,691
6,692
6,691
6,689
6,688
5,688
6,689
6,687
6,686
6,687
6,687
5,685
5,684
6,685
5,685
5,684
6,681
5,680
5,681
6,679
6,676
6,677
5,677
5,676
6,676
5,675
6,675
5,674
6,673
5,672
5,671
6,673
6,671
6,669
6,670
6,671
6,669
5,668
6,669
5,669
6,667
6,666
6,666
6,667
5,667
5,665
5,666
6,666
5,665
6,664
6,664
5,663
6,663
6,662
5,662
5,663
6,662
5,660
6,659
5,661
5,661
6,659
5,658
5,659
5,659
6,659
6,658
5,657
6,659
6,658
5,657
5,657
5,659
5,657
5,655
6,655
5,656
6,656
4,656
6,656
5,656
6,656
6,656
6,656
6,656
5,656
6,656
5,656
5,656
6,657
6,655
6,654
5,656
6,658
5,657
5,656
5,657
6,659
5,659
5,659
5,660
5,661
5,661
4,662
5,663
6,666
5,668
6,668
5,671
5,673
6,675
4,677
6,679
6,683
5,685
6,687
6,689
6,691
5,695
6,698
5,700
6,704
6,707
5,709
6,712
5,715
5,720
5,723
5,724
5,726
5,732
5,735
6,740
6,751
5,749
6,749
5,751
6,754
6,757
6,760
6,763
6,764
6,765
5,771
5,771
5,773
5,775
6,779
5,781
5,781
6,783
6,786
6,788
6,789
5,790
5,793
5,795
6,795
6,797
6,799
6,800
6,801
7,802
6,803
5,804
7,805
6,805
6,807
5,807
5,808
7,808
6,811
6,811
6,812
5,811
6,812
6,813
6,813
5,813
6,811
6,813
6,814
6,812
6,812
6,812
7,813
6,813
5,812
5,813
6,813
6,812
6,811
6,811
6,812
7,812
6,810
6,810
6,810
7,810
7,809
6,808
6,808
6,807
6,805
6,803
6,804
6,804
6,802
6,800
6,801
6,799
6,798
6,795
6,794
7,793
6,793
6,791
7,790
6,789
6,788
6,787
7,786
6,786
7,784
6,783
7,782
6,783
6,782
7,779
6,777
6,777
6,777
6,776
6,773
6,773
6,773
6,772
7,770
6,771
6,768
6,767
6,765
6,765
6,764
6,764
6,761
7,761
6,761
6,759
6,758
6,757
6,758
7,757
6,755
6,754
7,755
6,753
6,752
6,750
6,750
6,749
7,749
6,748
7,747
6,747
6,747
6,746
6,744
6,744
6,743
6,740
7,740
6,740
6,740
6,739
6,738
6,740
7,738
6,737
6,736
6,736
6,736
6,734
6,731
6,732
7,733
6,732
6,730
6,730
6,731
6,729
6,727
6,728
6,728
6,727
6,725
6,724
6,725
6,724
6,723
6,722
6,722
6,721
6,719
6,719
6,720
6,720
6,720
6,718
6,718
6,719
5,717
7,717
6,716
6,717
5,716
6,715
6,714
6,715
6,713
7,712
6,711
7,711
5,709
6,707
6,708
6,708
6,706
6,705
6,703
6,704
6,704
6,703
6,716
6,711
6,710
5,707
6,704
6,702
6,703
6,700
6,699
6,699
7,698
6,696
6,695
6,695
6,695
6,694
6,692
5,691
6,691
6,690
6,689
6,687
6,688
6,688
6,686
6,685
5,685
6,685
6,684
6,683
6,682
6,682
6,681
6,680
6,680
6,681
6,679
5,677
6,677
5,677
6,677
6,677
6,675
6,676
6,675
6,674
6,673
6,673
6,672
6,672
5,670
5,671
6,670
6,668
6,667
6,668
6,668
6,668
6,666
5,667
6,667
6,666
5,665
6,663
6,663
6,664
6,663
6,661
6,663
6,662
6,660
6,660
5,660
6,659
5,658
6,657
6,657
6,658
5,658
6,656
5,655
6,656
5,657
6,656
6,654
6,656
6,655
5,654
6,654
6,655
6,656
5,653
6,653
6,654
6,654
6,654
6,652
5,652
6,654
6,653
5,652
5,653
5,654
6,652
6,653
5,653
6,653
5,653
5,652
5,652
5,654
6,653
5,653
5,654
5,654
5,655
5,654
6,654
6,657
5,657
6,656
5,657
6,658
5,661
5,661
6,661
5,662
6,664
6,665
6,667
5,670
6,672
5,673
6,674
5,678
6,680
5,682
5,684
6,685
6,688
6,692
6,694
6,696
5,701
6,705
6,706
5,708
6,711
5,716
6,718
5,720
6,724
6,728
6,729
6,731
4,733
5,739
6,741
5,743
6,746
5,750
6,753
6,753
5,756
6,760
5,763
5,764
6,767
6,769
5,772
7,773
6,775
5,778
6,780
7,781
5,781
6,783
6,786
5,787
6,787
6,788
5,791
6,792
6,792
5,794
7,796
6,797
5,797
6,798
5,798
6,801
6,801
5,801
6,804
5,803
6,804
6,803
6,804
5,806
6,806
7,805
5,804
7,806
6,823
6,809
5,808
7,808
6,807
6,806
7,806
6,806
7,806
6,804
6,804
5,804
6,804
6,803
5,802
7,803
6,801
6,801
6,800
6,800
6,800
7,799
6,798
6,796
6,798
6,796
6,794
6,793
7,793
6,793
6,790
6,789
7,791
7,787
7,787
7,786
6,784
7,785
6,784
7,783
6,783
6,781
7,780
7,778
7,778
6,777
7,775
6,773
6,773
6,772
6,771
7,770
7,769
6,768
6,768
7,765
6,765
6,764
5,763
7,762
6,759
6,761
7,760
7,760
6,759
6,760
6,757
6,757
7,755
7,755
6,754
6,754
6,752
6,752
6,752
6,751
6,750
7,749
6,749
6,749
6,747
6,747
6,747
6,747
7,745
6,744
6,745
6,745
6,742
6,740
6,741
6,739
6,739
5,737
7,737
6,738
7,736
7,735
7,735
6,735
6,734
5,733
7,733
6,733
6,733
6,731
6,731
6,731
6,731
6,730
5,728
6,729
6,728
6,729
7,727
6,727
6,726
6,725
6,724
6,723
6,723
6,722
6,719
6,720
6,720
6,718
6,716
6,716
5,716
7,715
7,711
6,712
5,713
6,711
6,709
6,708
6,709
6,708
6,707
5,706
6,707
5,706
6,706
5,703
6,704
6,704
6,702
6,700
6,700
6,701
6,698
7,698
6,698
6,698
6,699
6,696
6,696
6,696
6,697
6,696
6,694
6,697
5,695
6,694
5,694
5,694
6,695
5,694
6,693
6,695
6,694
5,692
6,691
6,692
6,691
6,691
6,689
6,688
6,688
5,687
6,686
6,686
6,686
6,686
6,684
5,683
6,683
6,684
6,683
6,682
5,683
6,683
5,682
6,681
5,682
6,682
6,680
6,680
6,680
6,680
5,679
5,678
5,678
6,679
5,695
6,683
5,679
5,680
6,680
6,677
5,677
6,675
6,676
5,674
5,673
6,674
6,673
5,672
5,671
6,671
5,673
6,671
6,669
5,671
5,671
6,669
6,667
6,666
5,669
6,668
6,667
5,667
5,668
6,666
5,665
6,665
6,665
6,666
5,664
5,664
6,665
5,665
5,664
5,663
6,665
5,665
5,665
5,664
6,666
6,666
5,666
5,664
5,665
5,665
5,666
5,665
6,666
6,666
5,667
6,666
6,666
6,667
5,666
6,666
6,666
6,668
6,669
5,668
5,667
5,669
6,670
6,669
6,670
6,672
6,673
5,675
5,674
5,675
5,676
6,678
6,678
6,680
5,681
5,684
6,686
6,687
6,691
5,692
6,694
5,695
5,699
5,698
6,701
5,704
5,706
5,709
5,712
6,713
6,716
6,720
6,722
6,724
6,728
6,731
5,734
5,735
6,738
6,742
6,744
5,746
6,749
6,753
6,755
5,757
5,760
5,765
6,769
5,769
6,772
5,775
5,778
6,781
5,781
6,784
5,787
6,788
6,789
6,792
6,794
6,796
6,797
6,798
6,800
7,803
5,802
6,803
6,806
6,806
6,807
7,807
6,810
6,812
6,810
6,810
6,811
6,814
6,813
6,813
5,812
6,814
6,813
6,812
7,813
5,814
6,814
6,812
6,813
6,814
6,814
6,814
6,813
6,814
6,815
7,813
7,812
6,814
6,814
6,813
6,813
6,814
6,814
6,812
6,811
6,812
6,813
6,812
7,812
7,811
7,811
6,812
6,809
6,809
7,809
6,808
6,807
7,805
6,805
6,806
6,805
7,803
6,803
6,802
7,801
6,801
7,800
7,799
7,799
6,798
6,797
6,797
6,796
6,794
7,793
6,793
7,792
7,811
7,793
6,793
6,791
6,789
6,787
6,786
6,787
7,784
6,781
7,783
7,782
6,782
7,781
7,780
6,781
6,779
6,777
6,777
7,777
6,777
6,775
6,775
6,776
7,775
7,774
6,773
6,774
6,774
5,772
6,772
6,772
7,771
6,769
6,768
7,768
6,768
7,767
7,766
6,766
6,766
6,766
6,763
6,765
6,765
6,764
5,762
6,762
7,762
6,761
6,760
6,759
6,760
7,760
7,759
6,758
6,759
6,758
6,756
6,756
6,756
6,757
6,753
6,753
7,754
6,754
6,752
6,749
6,751
6,751
6,751
6,749
6,748
6,749
6,749
6,747
6,747
6,748
7,747
6,744
7,742
6,743
6,742
7,740
6,739
6,738
6,738
6,737
6,736
6,735
6,734
6,733
6,731
6,732
6,731
6,730
6,729
5,728
6,728
6,727
6,725
6,725
6,726
6,726
6,723
6,721
6,722
5,722
7,719
6,719
7,719
6,720
6,718
6,716
6,716
6,716
6,716
6,714
6,714
6,715
6,714
6,712
6,712
6,713
6,712
6,711
6,711
6,711
6,709
6,708
6,706
6,708
6,707
6,706
6,706
6,706
6,706
6,705
6,703
6,703
6,704
5,703
6,701
6,701
6,701
6,701
6,701
6,698
6,699
6,698
6,696
6,696
6,698
5,697
6,695
6,694
6,695
6,695
5,694
6,694
6,695
6,694
5,693
6,691
6,693
6,694
6,691
6,691
5,690
6,690
6,689
6,688
6,688
6,689
6,690
6,688
6,687
5,688
6,688
6,688
6,687
6,688
6,687
5,686
5,685
6,686
6,686
6,687
5,684
6,684
6,685
6,684
6,683
5,683
6,684
6,684
6,682
6,681
6,682
5,682
5,681
6,679
6,680
6,679
6,680
6,699
6,685
5,684
6,682
6,679
6,680
5,680
6,680
6,680
6,679
5,679
6,679
6,677
5,679
6,679
6,679
6,679
5,678
6,681
6,681
5,682
6,683
6,685
6,687
6,688
6,687
6,689
6,692
5,693
5,692
5,695
5,698
6,700
6,701
5,704
6,707
6,708
6,710
6,713
6,716
6,720
6,718
6,721
6,725
5,728
6,730
6,732
6,736
6,738
6,741
6,742
5,745
6,748
6,751
5,753
6,755
6,758
6,760
6,762
6,766
6,770
6,769
6,771
6,775
6,776
6,778
6,779
6,780
6,784
5,786
6,785
7,787
6,790
6,790
7,792
6,793
6,794
6,796
6,796
5,797
6,799
7,800
7,800
6,801
6,801
6,803
6,804
6,802
6,804
6,806
6,806
6,806
7,805
6,806
6,807
5,807
6,807
6,807
7,809
5,808
7,808
7,809
6,808
7,809
6,807
6,807
7,809
5,808
6,806
6,806
7,808
7,807
6,806
6,804
8,806
7,805
6,803
6,804
7,804
6,803
7,802
7,801
6,801
6,802
6,799
6,797
7,798
7,798
6,795
6,795
6,795
6,795
7,793
6,790
6,791
6,791
6,789
7,786
6,786
6,786
6,786
5,783
7,782
6,781
6,782
7,779
6,779
6,778
7,779
7,776
7,775
7,774
6,774
6,772
6,770
7,771
6,771
6,769
6,768
6,767
7,768
7,766
6,764
6,764
7,765
7,764
6,762
6,762
5,763
7,763
6,761
7,761
7,760
7,760
7,758
7,757
6,758
6,758
7,757
6,755
6,755
6,756
7,755
6,752
6,752
6,754
5,752
7,750
7,751
6,750
6,750
7,750
7,749
6,749
5,749
6,749
7,748
6,747
6,748
6,745
7,745
6,746
6,745
6,744
5,748
5,764
6,748
7,745
6,744
6,743
6,744
6,742
5,740
6,739
6,739
6,739
5,737
7,736
6,736
6,735
6,733
6,733
6,734
6,733
5,732
6,731
7,731
6,730
6,730
6,728
6,728
6,728
7,727
6,725
5,725
6,726
6,725
5,723
6,723
6,723
6,724
6,720
6,719
5,721
6,720
6,719
6,718
6,718
6,718
6,717
6,715
7,715
6,715
6,714
6,712
6,713
6,712
6,713
5,709
6,709
6,710
5,709
6,708
6,707
6,709
5,707
6,706
5,704
6,705
6,703
6,702
6,701
6,701
6,702
6,701
6,699
6,699
6,700
6,698
6,697
6,696
6,696
6,695
6,694
6,695
5,695
6,694
6,692
5,692
7,692
5,692
6,690
6,689
6,689
6,690
6,689
5,688
5,689
6,688
5,687
6,686
5,688
6,685
6,686
5,685
6,685
5,685
6,685
6,682
5,683
6,684
6,684
5,682
5,682
7,682
5,683
6,680
5,679
6,679
6,678
6,677
6,675
6,676
6,676
5,675
5,674
6,674
6,674
6,673
6,671
5,672
5,672
5,672
6,671
7,670
5,670
6,671
5,669
6,669
5,669
6,670
5,669
6,668
5,668
5,669
5,668
6,667
6,668
5,668
5,668
5,668
5,668
6,669
5,669
6,668
6,668
6,668
5,668
6,667
5,667
5,668
5,668
5,667
5,666
5,667
5,667
5,666
6,665
5,666
5,667
5,666
6,665
6,666
5,668
6,666
5,665
6,667
6,668
5,668
5,667
6,668
5,671
5,671
6,671
6,672
6,674
6,676
5,677
6,679
5,681
5,683
6,685
5,686
6,689
6,691
5,692
5,693
5,697
5,700
6,701
5,702
5,706
6,709
5,712
6,712
6,715
5,718
6,720
4,741
5,730
5,730
6,734
6,734
6,737
6,739
5,741
6,743
5,744
6,745
6,748
6,749
6,751
6,752
5,754
6,755
6,755
6,759
6,762
6,761
6,761
6,763
5,765
6,767
6,767
6,769
6,772
6,773
6,774
5,777
6,778
6,779
5,779
7,779
7,783
6,784
7,783
6,784
5,786
6,788
6,788
6,787
7,787
6,789
6,791
5,788
7,789
6,789
7,789
6,788
6,788
6,790
6,789
6,788
7,787
6,788
5,788
7,787
6,786
7,787
6,787
7,785
7,785
6,785
6,785
6,784
6,783
6,785
7,784
6,784
6,783
6,783
6,782
7,781
6,782
6,780
6,782
6,782
7,780
7,779
6,779
7,779
7,777
7,774
6,777
6,776
6,775
6,774
6,774
6,774
6,772
6,770
6,770
6,770
6,769
6,766
6,767
6,767
6,767
6,765
6,765
6,767
6,763
7,762
6,762
7,762
7,763
6,761
7,758
6,760
6,760
6,759
6,759
6,759
6,760
6,760
6,759
7,760
6,762
6,760
6,758
6,760
6,760
6,760
6,759
6,760
6,761
6,761
6,761
6,760
6,763
6,762
6,761
6,760
6,762
6,763
6,763
6,761
6,763
6,763
6,760
6,759
6,760
6,761
6,761
6,760
5,758
6,760
6,760
6,757
7,757
7,757
6,758
6,755
6,756
6,756
6,757
6,756
6,754
6,755
5,756
6,755
6,755
6,755
6,755
6,755
6,753
6,753
6,755
6,755
6,752
6,753
6,752
6,752
6,750
6,750
7,751
6,751
6,750
6,750
6,750
6,751
6,750
6,749
6,750
6,750
7,748
6,748
6,748
7,748
6,747
6,746
6,747
7,747
6,747
6,745
6,745
5,745
6,744
7,743
6,743
6,743
6,742
4,758
6,746
7,745
6,744
6,742
6,739
6,739
6,739
7,739
6,735
6,736
6,735
6,735
7,733
6,733
6,733
5,733
5,733
6,732
6,732
6,732
6,730
6,730
6,729
5,730
7,729
6,727
6,728
6,728
6,728
6,725
7,726
6,726
6,726
5,724
6,724
6,725
6,723
5,721
6,722
5,721
6,721
6,720
6,719
6,720
6,721
5,718
5,717
6,718
5,718
6,716
6,716
5,717
5,717
6,716
6,713
5,715
6,714
5,713
5,711
6,711
6,713
6,711
6,709
6,709
6,710
6,709
5,707
6,707
6,708
6,708
6,707
5,705
5,707
6,707
6,704
5,705
5,706
6,705
5,704
6,702
6,701
6,703
5,702
5,702
5,702
6,701
6,701
5,700
6,700
5,701
5,699
6,698
6,698
5,699
5,699
6,698
5,697
6,698
5,698
5,697
5,696
6,697
5,697
6,697
6,696
6,695
6,696
5,694
6,693
5,693
6,695
6,692
6,690
6,691
6,691
6,690
6,690
6,689
6,690
6,690
6,689
6,688
5,688
6,689
6,688
6,688
5,689
6,691
6,689
5,690
6,691
6,692
6,691
5,692
6,693
6,695
6,695
6,694
6,696
6,698
6,699
6,699
6,701
6,702
6,704
6,704
6,707
6,709
6,711
5,711
6,713
5,716
6,718
6,719
6,720
5,724
6,726
6,728
6,728
6,731
6,735
6,737
5,738
5,739
6,743
6,745
5,745
5,747
6,750
6,752
6,752
6,755
6,758
5,760
6,761
6,763
6,767
6,769
6,769
6,770
6,772
6,773
6,775
6,775
6,777
6,779
6,780
6,780
6,781
6,784
6,785
7,784
6,785
6,787
6,789
6,788
7,788
7,790
6,792
7,791
6,803
6,801
6,801
6,798
6,797
6,798
6,799
6,799
5,797
6,798
6,800
6,799
7,798
7,799
6,800
6,800
7,799
6,799
6,800
6,800
7,799
6,799
7,801
7,803
7,799
7,799
6,799
6,800
7,800
6,799
6,799
6,800
6,800
6,797
6,797
6,798
7,798
6,797
6,796
6,797
7,796
7,795
6,794
7,793
7,794
6,791
7,791
7,792
6,792
6,790
7,788
7,787
6,788
6,787
6,785
6,784
6,785
7,784
6,783
6,782
6,782
6,780
6,777
6,778
6,778
7,777
6,776
7,775
6,775
6,776
7,774
7,772
6,773
6,773
6,772
6,770
7,771
7,771
6,770
6,768
7,767
7,767
7,766
6,764
7,765
7,765
7,764
6,764
7,763
6,763
6,764
6,762
6,762
6,762
7,762
7,760
6,759
6,760
7,760
6,759
6,758
6,758
6,759
6,757
7,755
6,755
6,756
6,754
6,755
7,753
6,755
6,754
5,753
6,751
6,751
7,751
6,749
6,748
6,749
6,748
7,747
6,747
5,747
6,746
6,745
6,743
6,745
6,746
6,744
6,742
6,742
6,743
6,741
6,739
6,738
6,738
6,738
6,737
6,737
7,737
6,736
6,735
5,734
7,735
6,734
6,733
7,732
6,731
7,733
6,731
6,730
6,729
6,730
6,729
7,727
6,728
6,728
6,727
6,724
6,724
5,724
6,725
6,723
6,722
6,722
7,723
6,721
6,720
6,720
6,720
5,719
6,718
6,719
6,719
6,718
6,716
6,716
6,716
6,714
5,714
6,714
6,715
5,715
7,713
6,713
5,712
6,713
7,711
6,710
6,712
5,709
6,708
6,707
6,708
6,708
6,707
5,707
6,706
5,707
6,706
6,705
6,705
6,704
5,703
6,722
6,709
5,707
6,706
6,704
6,703
5,704
6,703
6,700
6,699
5,701
6,698
5,698
5,697
6,698
6,698
5,697
6,694
6,695
5,696
5,694
6,693
5,694
7,693
5,694
6,693
6,694
6,695
6,693
5,693
5,693
6,692
6,692
6,690
5,690
5,691
6,692
5,691
5,690
6,691
6,690
6,690
5,688
5,688
6,690
6,688
5,688
6,688
5,689
5,687
6,687
6,687
5,688
5,688
6,688
5,687
6,687
5,688
5,686
5,685
7,687
5,688
6,686
6,686
5,686
5,686
6,686
5,686
5,685
6,685
6,685
6,684
5,685
6,684
6,685
5,684
6,683
5,685
5,685
5,685
5,685
6,687
6,688
6,686
5,685
6,686
5,686
5,686
6,687
5,688
5,690
6,689
5,690
5,691
6,693
5,694
5,694
5,696
5,698
6,700
5,701
5,703
5,706
6,708
5,708
6,711
5,714
6,715
5,716
5,719
6,722
6,724
6,726
6,727
6,731
6,733
5,734
6,735
5,740
6,742
6,743
5,744
6,748
5,750
6,751
5,753
6,755
6,758
6,760
6,761
6,762
6,766
6,767
6,768
6,770
6,773
6,774
6,775
6,775
6,778
6,780
6,780
6,781
6,783
6,786
6,786
6,786
6,788
5,788
6,789
6,790
6,791
6,793
6,793
6,793
7,794
6,795
6,795
6,796
6,796
6,797
6,798
6,799
6,798
6,799
6,800
6,800
7,799
6,800
6,803
6,802
7,800
6,801
6,802
6,802
6,802
7,801
7,802
6,803
6,801
6,800
6,801
6,801
7,801
7,800
7,801
7,801
7,799
6,799
6,799
6,799
6,798
6,796
6,797
6,797
6,797
7,796
6,796
6,796
6,795
7,792
6,797
7,798
7,797
6,793
7,792
7,792
6,790
6,789
7,786
6,786
6,786
6,784
7,784
7,785
7,785
6,783
7,782
6,782
6,782
6,780
6,779
7,779
6,778
6,777
6,776
6,775
7,778
6,776
6,775
6,774
6,775
7,774
6,773
6,772
7,772
7,772
6,771
7,768
6,768
7,769
7,768
7,767
6,767
6,766
6,765
7,763
6,762
7,763
7,763
6,761
6,760
6,762
6,760
7,760
6,758
6,760
6,759
7,757
6,756
6,757
7,758
6,756
7,757
6,757
6,756
7,755
6,754
6,755
7,755
6,753
6,752
6,751
7,752
6,752
6,751
6,751
7,751
6,750
6,750
7,749
6,750
7,750
7,748
7,749
6,748
5,748
7,748
6,746
7,747
6,747
6,746
7,744
6,746
6,747
7,746
6,744
6,744
6,744
6,743
7,742
7,741
7,743
6,741
6,741
6,741
6,741
6,741
6,739
6,739
6,739
5,740
6,737
6,737
6,737
7,737
6,736
6,736
6,734
6,735
6,735
6,734
6,734
6,734
7,733
7,730
6,732
6,732
6,732
6,730
6,731
7,732
6,731
6,729
6,728
6,728
6,728
6,728
6,726
6,726
6,726
6,725
6,724
5,724
6,724
6,724
5,721
6,721
6,723
5,721
6,720
6,719
6,721
6,719
6,718
5,717
6,719
5,718
5,716
7,716
6,717
5,718
6,716
6,714
6,716
6,715
6,712
6,712
6,713
6,713
6,713
5,712
6,712
6,712
6,710
6,710
6,709
6,710
6,709
6,708
7,707
5,708
6,708
6,708
6,707
6,706
6,707
7,706
6,707
6,706
5,706
5,705
6,704
5,706
6,705
6,705
5,705
5,705
5,705
6,705
6,703
5,703
5,705
6,703
5,719
8,710
6,709
6,708
6,704
5,704
6,704
5,703
6,703
5,701
6,701
6,702
6,700
6,699
6,699
6,699
6,699
5,699
5,698
5,698
6,698
6,697
5,698
5,699
6,696
6,697
6,695
6,698
6,698
5,697
6,696
6,696
6,698
6,698
6,697
6,697
6,699
5,698
6,698
5,699
6,700
5,700
5,701
6,699
6,702
6,703
6,704
5,705
6,708
6,708
6,708
5,709
6,713
6,715
6,715
6,716
6,719
5,720
6,722
5,723
6,725
5,730
6,731
6,731
6,735
5,738
5,741
6,742
6,745
6,748
5,751
6,752
6,753
6,757
5,759
5,760
6,763
6,766
6,768
6,769
6,771
6,773
7,778
6,779
6,781
6,783
6,786
6,787
6,788
6,791
6,794
6,794
5,796
6,797
6,799
6,800
7,800
6,802
7,804
6,805
6,806
6,808
6,810
6,811
6,810
6,811
6,812
6,813
6,814
6,814
6,816
6,817
6,817
6,818
6,819
6,821
6,821
6,820
6,820
6,822
6,822
6,820
5,821
7,822
7,822
6,822
7,822
6,823
6,822
7,823
7,822
6,824
5,823
7,823
6,822
6,822
6,823
6,821
6,821
6,821
6,823
7,824
7,821
6,821
7,822
7,821
7,820
6,818
6,820
6,820
6,819
6,817
7,818
6,817
7,815
6,814
6,815
6,815
7,814
6,812
7,812
7,812
7,810
6,809
7,809
7,809
6,807
7,806
6,805
6,805
7,805
6,804
6,802
6,802
7,801
5,800
5,799
8,799
7,800
6,797
8,796
6,794
7,795
6,794
7,793
7,792
7,793
6,791
6,788
6,788
7,789
6,787
7,786
6,785
6,785
6,785
6,784
7,783
6,782
7,781
6,780
6,779
7,780
7,788
9,793
7,781
7,780
7,778
7,779
6,777
7,776
6,776
6,775
6,772
6,771
7,772
7,771
7,769
7,769
7,769
6,767
6,767
7,766
6,765
7,765
7,764
7,763
7,763
6,762
7,760
7,760
7,759
6,759
6,758
6,757
6,757
6,756
6,754
6,753
7,753
7,753
6,752
7,751
6,751
7,752
6,750
5,748
6,747
6,747
6,748
7,747
6,745
7,745
7,745
7,744
7,743
6,743
6,742
6,742
6,740
6,740
7,739
7,739
6,737
7,737
6,736
7,736
7,734
6,734
6,733
6,732
7,730
6,729
7,731
6,730
6,728
6,728
5,728
6,728
7,727
6,724
6,725
6,726
6,724
6,723
6,722
6,723
6,721
6,719
6,719
6,719
6,719
7,717
6,717
6,718
6,716
6,715
6,715
6,715
5,713
6,714
6,712
5,712
6,712
5,711
6,709
6,710
6,709
6,709
5,708
6,706
5,706
6,706
6,704
6,704
6,705
6,704
5,703
6,702
6,702
6,702
6,700
6,700
6,701
6,700
5,699
6,697
6,698
6,698
6,696
6,696
6,696
6,698
5,697
5,695
6,696
5,696
6,693
7,693
6,692
6,694
5,693
6,693
6,692
6,693
6,690
6,690
6,689
6,688
6,689
5,689
6,687
6,689
6,689
6,688
6,687
6,687
6,688
6,687
6,684
6,686
6,686
5,685
6,683
6,684
5,684
6,683
5,682
6,683
6,683
6,683
6,681
5,681
5,682
6,682
7,681
6,679
6,679
5,681
5,679
6,678
5,680
6,680
5,679
5,678
6,679
5,680
6,679
6,677
6,677
5,679
5,680
6,679
6,679
6,680
6,680
5,680
6,681
6,683
6,684
6,685
6,684
6,686
6,688
6,688
6,689
5,692
6,694
8,709
5,701
6,701
6,703
6,704
5,704
6,706
6,708
6,711
6,711
6,714
6,717
6,720
5,721
6,723
5,727
6,730
6,732
6,734
6,736
6,740
6,741
6,743
6,745
6,749
6,751
6,752
6,755
5,759
7,760
6,761
6,764
6,767
5,770
6,772
6,773
6,775
6,777
6,778
6,780
6,783
5,784
6,785
6,786
6,790
6,791
6,793
6,793
6,795
6,798
6,798
6,799
6,801
6,803
6,804
5,803
6,805
6,807
6,808
6,808
6,808
6,810
6,810
6,807
6,810
6,812
7,812
6,813
7,813
6,814
7,814
6,814
6,813
6,814
6,816
7,815
6,815
7,815
6,816
6,816
7,815
6,815
6,816
6,816
6,814
6,814
6,815
7,816
7,814
6,814
7,815
7,815
6,814
7,813
7,814
6,814
7,811
6,810
7,810
7,811
7,808
6,807
6,806
7,806
7,806
6,804
6,803
6,804
7,803
6,802
6,800
6,800
6,799
6,798
7,797
6,797
6,796
6,794
6,792
7,792
7,792
7,791
7,789
7,790
6,787
6,787
6,785
6,786
5,784
6,784
7,782
6,781
6,781
7,781
6,779
7,777
6,778
7,777
6,775
6,774
7,774
7,774
6,772
7,770
6,770
7,770
7,769
7,767
6,767
6,768
6,767
6,765
6,765
7,767
6,765
6,763
7,762
6,763
6,762
6,761
6,760
6,761
6,762
6,759
7,758
7,758
7,757
6,757
7,756
6,755
7,756
6,754
7,752
6,752
6,753
6,752
7,750
7,751
7,751
6,751
7,749
6,748
6,749
7,748
6,747
5,746
6,747
7,745
7,744
7,742
7,742
7,742
7,741
6,738
5,740
6,740
7,739
7,736
6,736
7,738
6,737
6,734
6,734
6,734
5,737
6,739
6,735
7,733
6,733
7,730
6,729
7,729
6,728
6,726
6,725
7,726
5,725
6,724
6,722
6,721
6,721
6,720
7,718
5,718
5,719
6,718
6,716
6,714
6,715
6,715
6,713
6,713
6,714
6,713
7,710
6,709
7,710
6,710
6,709
5,707
6,707
6,707
5,707
6,705
6,705
6,706
5,704
6,703
6,702
6,704
6,702
6,701
6,701
5,701
6,700
6,699
5,698
6,699
5,699
6,698
5,697
6,698
5,698
6,697
6,695
6,696
6,695
5,696
5,693
6,694
5,694
6,694
6,691
5,691
6,692
5,691
6,689
6,689
6,689
5,688
5,686
5,685
5,687
5,687
6,686
6,685
6,685
5,684
6,684
5,681
6,683
5,683
6,682
6,682
6,682
6,681
6,680
6,678
5,678
6,680
6,679
5,676
5,676
6,677
5,676
6,674
6,674
6,675
5,674
5,671
5,672
6,673
5,673
5,671
5,670
5,672
6,672
6,670
6,670
6,670
5,670
6,669
6,668
5,667
6,669
5,667
5,667
5,667
6,666
5,665
5,663
6,666
6,666
6,666
5,665
6,664
5,667
6,666
5,665
5,664
6,667
6,667
5,667
6,666
6,668
5,669
6,669
6,670
5,671
6,673
5,672
6,673
5,675
6,677
6,679
6,681
6,684
6,686
5,688
6,691
6,691
6,696
5,698
5,701
5,702
6,707
4,710
6,712
5,714
6,718
6,721
5,724
6,727
6,731
6,734
6,736
5,737
5,740
5,744
6,747
5,748
5,751
6,755
6,757
6,760
6,761
6,765
6,769
6,770
6,770
6,775
6,777
5,779
6,780
6,783
7,786
6,786
6,789
6,790
6,792
6,794
5,795
6,796
6,798
7,801
6,801
6,802
7,816
7,813
5,811
6,809
6,811
6,813
6,812
6,811
6,814
6,815
7,815
6,814
6,815
6,816
7,816
6,814
6,816
6,818
6,817
6,816
6,817
7,819
6,818
6,819
6,818
7,818
6,818
7,818
6,816
7,817
6,818
6,816
6,816
6,818
6,818
6,816
6,815
6,816
7,817
7,815
7,812
7,813
7,813
6,811
7,810
6,808
6,808
7,809
6,806
7,807
7,807
6,805
6,802
6,802
7,803
6,802
6,801
6,799
7,800
6,798
7,797
6,795
6,795
7,794
7,793
6,790
7,791
6,791
6,790
6,788
7,788
6,787
7,786
7,785
7,785
7,784
7,784
6,782
7,781
6,781
7,780
7,779
7,777
6,777
7,778
6,776
5,774
7,775
7,774
7,773
7,771
6,770
7,770
6,770
7,767
6,767
6,768
7,767
6,764
7,764
6,766
6,764
6,763
6,762
6,761
6,762
7,761
6,760
7,760
6,761
6,758
7,758
7,759
7,758
7,759
5,755
6,756
6,756
6,756
6,754
6,753
6,755
6,753
6,751
7,750
6,750
6,750
6,748
6,747
7,747
7,748
7,746
6,744
6,744
7,745
6,743
5,742
6,742
6,742
7,741
7,739
7,738
6,738
6,737
6,735
6,734
6,735
6,735
6,734
7,733
6,733
6,733
6,731
7,731
6,729
6,731
7,728
6,728
6,728
6,728
7,727
6,724
6,725
5,724
6,724
6,721
6,722
6,722
6,720
6,718
6,717
5,719
6,718
6,716
6,716
6,716
5,717
6,713
6,712
6,712
6,712
5,712
6,709
6,709
6,710
6,707
6,707
6,707
5,707
5,705
5,704
6,703
6,705
6,702
6,701
5,699
6,701
6,700
5,698
6,696
6,698
6,698
5,696
6,696
6,711
4,718
6,700
5,698
6,695
6,696
5,694
6,693
6,693
6,693
6,690
5,690
6,689
6,690
6,689
6,687
6,687
6,687
6,687
6,686
6,685
5,685
6,685
5,683
6,681
6,683
5,683
6,681
5,679
6,680
5,681
5,679
6,678
6,679
6,679
5,679
5,677
6,678
5,679
5,677
6,676
6,676
6,676
5,676
6,674
6,674
6,674
6,675
5,673
6,673
6,673
6,672
6,672
6,670
6,672
5,672
6,673
5,671
6,672
6,672
6,672
6,672
6,672
5,674
6,673
6,670
6,672
6,672
6,672
6,672
6,672
6,673
6,673
5,673
6,672
5,674
6,675
5,676
6,675
6,677
6,678
6,679
5,679
6,681
5,684
5,686
5,685
5,689
6,690
6,693
6,693
5,695
6,699
6,701
5,702
6,705
6,709
6,711
6,713
6,716
5,719
6,723
6,724
6,727
6,730
6,734
6,736
6,739
6,741
6,746
6,748
6,750
6,752
6,755
6,759
6,759
5,763
6,766
6,768
6,769
6,772
6,775
6,778
5,778
6,779
6,782
7,785
6,787
7,787
6,790
5,794
6,795
6,795
6,797
6,800
6,801
6,801
6,803
6,805
7,805
6,805
6,805
7,808
6,809
6,808
6,809
7,811
6,812
6,811
6,812
7,813
7,814
6,814
6,814
6,814
6,816
7,815
7,815
6,814
6,817
7,815
6,814
6,816
6,817
6,817
6,815
6,816
6,816
6,816
6,815
6,814
6,816
6,816
7,814
7,813
7,813
7,813
6,811
6,810
6,810
6,812
7,810
6,808
7,808
6,808
7,807
6,804
6,804
7,806
6,803
6,803
7,801
7,800
6,800
6,797
6,797
6,795
6,794
7,793
7,792
7,791
6,790
7,788
6,787
4,803
6,792
6,790
7,787
6,786
7,785
7,782
7,780
6,778
7,778
7,777
6,775
5,773
7,772
6,771
7,770
7,768
6,768
7,769
7,766
6,765
7,765
6,764
7,762
7,760
6,760
6,761
7,759
6,757
6,757
7,758
7,757
6,754
7,753
6,754
7,754
7,751
6,751
6,750
6,750
7,748
7,747
6,748
6,748
6,746
6,745
6,744
6,743
6,743
6,742
6,741
6,742
6,740
7,740
7,740
6,739
6,738
7,736
6,734
6,735
6,734
6,732
6,732
7,732
6,731
7,730
6,728
7,728
6,729
6,726
6,725
6,726
7,726
7,724
6,723
5,723
7,723
6,721
6,721
5,719
6,720
6,719
6,717
6,716
6,716
7,716
6,714
6,713
7,712
7,713
7,711
5,710
6,712
6,711
6,709
6,708
6,708
6,706
6,704
6,704
5,703
6,704
5,703
7,701
6,702
6,702
6,701
6,699
6,699
6,699
7,700
6,698
6,696
6,696
6,696
6,694
6,693
6,693
6,693
6,691
6,689
6,690
6,690
6,689
6,685
6,686
6,687
6,685
6,685
6,685
6,684
6,683
6,682
6,682
6,682
6,681
6,680
6,679
6,679
6,678
6,678
6,678
6,677
6,677
6,676
6,674
6,675
5,676
5,675
6,674
6,673
5,674
5,672
5,670
5,672
6,672
6,671
6,669
6,669
5,669
5,670
6,667
6,666
6,666
6,665
6,664
5,665
6,665
6,666
6,663
6,664
6,664
5,665
5,664
6,663
5,663
5,663
6,662
5,660
6,661
6,661
5,660
6,659
5,657
6,659
5,658
6,657
6,657
6,657
6,657
6,655
5,655
5,657
5,657
5,656
5,654
5,656
6,656
6,654
6,653
6,653
5,654
5,653
6,657
5,662
5,659
5,657
6,654
6,654
6,655
6,655
5,654
5,653
6,655
6,655
6,654
6,655
5,657
6,658
5,659
5,659
5,661
5,664
5,665
5,665
5,668
6,670
6,671
5,672
6,674
5,678
5,680
5,682
5,684
6,687
5,690
5,692
6,695
6,699
6,702
6,703
6,705
6,709
6,713
6,715
6,718
6,721
6,723
6,726
6,728
6,731
6,735
6,738
6,738
6,741
6,746
6,749
6,750
5,752
6,756
6,758
6,759
6,761
6,764
6,767
6,768
6,769
5,772
6,774
6,774
6,775
6,777
6,780
6,780
6,781
6,783
6,786
6,787
6,787
6,788
6,789
6,789
6,790
5,792
6,793
7,795
6,794
6,794
6,796
6,797
7,796
6,798
6,799
6,800
6,799
7,798
6,800
7,800
6,800
6,800
6,801
6,801
6,801
6,800
6,800
6,801
7,801
7,800
6,799
6,801
6,800
6,798
6,798
7,798
7,800
6,798
7,796
7,797
6,797
6,795
6,793
7,794
6,794
6,793
6,792
6,792
7,792
7,790
6,788
6,788
6,788
7,786
6,786
6,784
7,784
6,784
6,781
6,780
6,780
6,779
7,778
6,775
6,776
7,775
6,774
6,771
6,772
7,773
6,770
7,768
6,767
7,768
7,767
7,764
6,762
7,764
7,763
5,761
6,760
6,760
6,759
7,757
7,756
6,756
7,757
6,754
6,754
7,753
7,753
6,750
7,750
7,749
7,750
6,749
6,747
6,746
6,746
6,746
6,744
6,743
6,744
7,744
6,741
6,740
7,741
7,741
6,738
6,738
7,738
6,737
7,735
6,734
7,735
6,735
6,734
6,732
6,733
6,732
6,730
6,729
6,728
6,729
6,729
6,727
6,726
8,734
6,733
6,729
6,728
6,727
6,725
7,724
6,721
6,720
6,720
6,718
6,718
6,717
7,717
5,715
6,714
7,714
7,715
6,713
6,710
6,711
7,711
6,710
5,707
6,707
7,707
6,708
6,705
6,705
7,705
6,704
5,702
6,701
6,702
6,702
6,699
6,698
6,698
7,699
5,696
6,695
6,696
6,697
6,695
6,694
6,694
6,695
6,693
6,691
6,692
6,692
6,690
6,688
6,689
5,690
6,690
6,688
6,687
6,687
6,686
6,686
6,684
6,685
7,685
6,685
6,682
6,683
6,683
6,683
6,681
6,681
6,681
5,681
6,678
6,678
6,678
5,677
6,677
6,676
5,675
5,675
6,674
6,674
6,673
5,674
6,673
5,670
6,673
5,673
6,672
6,671
6,671
6,671
6,671
5,668
6,669
6,669
6,668
6,666
5,665
6,666
6,666
5,663
6,664
6,664
5,664
6,663
6,661
5,662
6,663
5,662
5,661
6,661
6,662
6,661
6,661
6,662
5,662
6,661
6,659
5,660
6,659
6,660
6,658
6,657
5,658
6,659
6,657
6,659
6,659
6,659
6,658
6,657
6,658
5,659
6,657
5,655
6,656
5,660
6,657
6,656
5,656
6,658
6,656
6,655
6,657
5,658
5,658
6,655
5,657
6,658
6,659
5,658
6,660
6,662
5,663
5,662
5,664
6,666
6,666
5,667
5,668
6,670
5,673
5,675
5,674
5,678
6,681
5,682
5,683
5,687
6,690
6,691
5,692
6,696
5,699
6,701
6,704
5,704
6,708
5,711
6,713
5,714
6,719
6,722
5,724
6,726
6,729
6,732
6,734
6,736
6,739
6,742
6,744
6,745
6,748
5,752
6,753
6,754
6,757
6,761
6,782
6,768
6,769
6,771
6,772
6,772
6,773
5,774
6,777
6,777
6,777
6,780
6,782
6,782
6,783
6,784
6,785
6,786
6,786
6,787
6,788
6,791
6,790
6,790
6,792
6,793
6,793
6,794
6,794
6,795
6,793
6,793
6,795
6,796
7,796
6,796
6,796
6,796
6,795
6,794
6,795
6,797
6,796
6,795
6,795
6,796
6,794
6,792
6,793
6,794
6,794
6,792
6,792
6,793
6,792
6,790
6,789
7,790
7,789
6,787
7,785
7,786
6,787
6,784
6,783
6,783
6,783
7,782
6,780
7,779
6,779
6,778
7,776
7,775
6,776
6,775
6,773
6,772
6,773
6,771
6,769
6,767
6,768
6,768
6,768
6,765
6,765
6,764
7,763
6,762
6,762
6,762
7,759
6,759
7,756
6,757
6,757
6,754
6,755
6,755
6,754
6,753
6,752
7,752
7,752
6,751
6,750
6,749
7,749
7,746
6,746
7,747
6,747
6,745
6,742
6,743
6,742
6,742
7,741
6,740
6,740
6,741
6,738
6,737
6,739
6,738
7,736
6,734
6,736
6,736
6,734
6,734
6,735
6,734
6,733
6,732
6,732
6,732
7,730
6,727
6,728
6,728
6,728
6,726
6,727
6,728
6,728
6,725
6,724
7,724
6,722
6,721
6,721
6,722
6,722
7,720
7,719
6,719
6,719
6,718
6,718
6,717
6,716
7,716
6,714
7,715
6,714
6,713
6,711
6,711
6,711
7,710
6,710
6,708
6,709
6,708
6,707
6,706
6,707
6,708
6,706
6,704
6,704
6,704
6,703
6,701
6,702
6,701
6,700
6,698
6,697
6,699
6,699
6,696
6,697
6,697
6,696
6,695
6,693
6,695
6,694
6,692
6,691
3,707
6,698
6,695
5,693
6,692
6,691
6,689
6,687
6,690
6,688
5,685
6,684
6,686
6,686
6,684
6,684
6,682
6,683
6,683
6,680
6,680
6,682
6,682
6,680
5,679
6,680
6,680
5,677
5,677
6,680
6,679
6,677
6,677
5,677
6,678
6,675
6,675
5,675
6,675
5,676
6,674
6,674
5,675
6,674
6,672
6,672
6,673
6,674
6,672
6,672
6,673
6,673
6,671
6,671
5,672
6,672
6,671
6,670
6,670
6,671
6,670
5,669
6,669
6,671
5,670
6,669
6,670
5,671
5,670
6,669
6,668
6,671
6,670
6,668
6,668
6,668
6,669
6,668
6,668
5,669
6,670
6,669
5,670
5,671
5,672
6,671
6,671
5,672
6,674
6,673
6,674
5,676
5,677
6,679
6,679
5,680
5,683
6,684
5,685
5,687
6,690
5,692
6,694
6,696
5,698
5,701
5,703
5,704
6,707
6,710
6,712
6,714
6,718
5,722
4,722
5,725
5,727
6,732
6,733
6,734
5,737
6,742
5,744
6,747
6,750
6,753
5,757
5,756
5,759
5,763
6,765
5,768
5,769
6,772
6,775
6,776
5,777
6,779
6,782
5,784
6,785
6,788
5,790
6,791
6,794
6,795
6,798
6,799
6,799
6,799
6,801
6,802
6,804
6,803
6,804
6,807
6,808
6,806
6,808
6,810
6,811
6,811
6,812
6,812
6,813
6,812
6,813
7,815
6,815
6,815
5,814
6,815
6,816
6,815
6,814
6,815
6,816
6,815
7,813
6,812
7,814
6,812
6,811
5,811
6,812
6,811
6,809
7,809
6,810
6,808
6,806
6,806
6,807
6,806
7,806
6,804
6,804
7,803
6,801
6,800
7,801
6,799
6,798
7,796
7,811
6,811
7,798
6,795
7,794
7,795
6,792
6,790
6,790
5,789
7,788
7,785
6,783
6,784
6,782
6,780
5,780
6,779
6,778
7,777
7,775
6,775
6,775
7,773
6,771
6,771
6,770
7,769
7,768
6,768
6,766
6,765
6,764
6,764
7,765
6,763
7,761
6,760
6,761
6,760
6,760
7,758
6,758
6,758
6,756
6,755
5,754
6,754
6,752
6,750
7,751
6,751
6,750
7,749
7,750
6,749
6,748
6,746
6,745
6,747
6,744
6,743
6,742
6,742
6,742
6,740
7,739
6,739
6,738
6,738
6,736
6,737
6,736
6,735
6,733
6,734
6,735
6,732
6,730
6,730
6,730
5,730
6,728
6,727
7,727
5,727
6,724
6,724
6,724
5,724
6,722
5,720
6,721
5,721
5,720
6,719
6,718
6,719
5,717
7,716
5,715
5,715
6,715
6,713
6,713
6,714
6,713
6,711
6,708
6,710
6,710
6,708
6,709
5,708
6,707
6,706
6,706
5,706
5,705
6,704
5,702
6,702
6,702
6,700
5,700
6,700
5,700
6,697
6,697
5,697
5,698
6,695
6,693
6,694
5,694
5,694
6,691
6,691
5,693
5,692
6,689
5,689
5,690
6,689
6,688
5,687
5,687
6,687
6,686
5,684
6,684
6,684
6,684
5,683
6,683
6,683
5,681
6,680
5,679
6,681
5,680
5,678
5,679
5,678
6,678
5,677
6,676
6,677
5,676
6,673
5,673
6,674
5,675
6,673
5,672
5,672
5,673
5,672
6,670
5,671
5,671
5,670
6,670
5,669
5,670
6,670
6,668
6,668
6,669
5,668
5,667
5,666
5,667
6,667
5,666
5,664
6,666
6,666
6,665
5,663
5,664
5,663
5,664
5,662
5,664
7,668
5,680
6,668
5,666
6,667
5,665
5,663
5,663
6,665
5,665
5,663
5,661
6,662
6,663
6,662
5,663
6,665
6,665
5,664
6,665
5,666
6,668
5,668
5,668
6,671
4,672
5,673
6,674
6,676
6,678
5,681
5,683
5,685
5,689
6,691
5,693
6,695
5,699
5,701
5,703
5,706
6,709
5,713
5,714
5,716
5,719
5,725
5,727
5,729
6,733
5,737
6,739
5,740
5,743
5,747
6,750
6,753
5,755
5,759
5,763
6,763
5,766
5,769
6,772
6,773
6,775
5,780
6,782
5,784
5,785
6,787
6,790
5,791
6,792
6,795
5,797
6,798
6,798
6,800
6,802
7,803
5,804
6,805
5,809
6,810
6,810
6,808
6,812
6,812
6,813
6,814
6,814
6,817
6,816
6,814
7,817
6,817
7,818
6,816
6,817
6,819
6,817
7,818
6,819
6,820
6,820
7,819
6,818
6,820
6,819
6,819
6,818
6,819
6,818
7,818
6,816
6,818
6,819
7,816
7,815
6,815
6,816
6,814
7,812
6,813
6,813
6,811
6,809
6,808
6,809
7,809
6,806
6,806
6,805
6,806
7,803
6,801
7,802
6,802
6,799
6,796
7,796
6,796
5,795
5,791
6,791
6,790
6,789
6,786
6,785
6,786
6,785
6,782
6,782
6,782
6,780
6,778
7,777
6,777
6,776
6,774
6,773
7,773
6,773
6,772
6,771
6,770
6,769
7,767
6,765
6,765
6,764
6,763
6,761
6,760
7,759
6,759
6,757
6,757
6,756
6,755
7,753
6,753
6,752
6,753
6,750
7,750
6,749
6,747
6,746
6,745
7,745
6,746
6,744
6,742
7,743
6,742
6,741
6,738
6,739
6,739
6,739
6,737
7,737
5,747
6,741
5,738
6,737
6,736
6,733
6,731
6,730
6,730
6,729
6,727
5,726
6,726
6,726
6,723
6,721
6,722
6,722
6,721
6,718
6,718
6,719
5,717
6,715
6,715
5,713
6,714
6,713
6,712
6,711
6,711
5,709
6,707
6,708
5,707
6,706
6,705
6,704
6,704
6,703
6,701
5,700
6,700
6,698
6,697
6,695
6,696
6,695
6,691
6,691
6,690
6,691
6,689
6,688
5,688
5,687
5,686
6,685
5,685
5,684
5,683
5,681
6,682
5,682
5,681
5,678
5,677
6,678
6,677
5,675
5,675
5,675
5,674
6,673
6,672
6,673
6,672
6,671
6,670
6,671
6,670
6,668
5,667
5,668
6,666
5,666
6,664
5,663
6,665
5,663
6,661
5,661
5,662
5,661
6,659
5,659
5,659
5,660
6,658
5,657
6,658
6,658
5,656
6,656
6,656
6,655
6,654
6,653
6,654
5,654
5,653
6,652
5,652
6,653
6,651
5,649
5,649
5,650
6,650
6,649
5,647
6,649
6,649
5,647
6,648
6,648
5,648
6,646
5,645
6,646
5,646
5,644
6,645
5,645
5,644
5,643
6,643
5,643
5,645
5,643
5,642
5,642
5,644
5,643
6,642
5,642
5,643
5,643
5,641
6,642
5,644
5,645
6,644
5,644
6,644
5,645
5,646
5,646
6,649
6,651
5,651
5,652
5,654
5,658
5,658
6,657
5,659
5,663
5,665
5,666
6,671
5,673
5,676
6,676
6,681
4,685
5,688
6,689
5,693
6,697
6,700
5,703
6,705
6,708
5,712
6,715
5,717
5,720
5,725
5,727
6,729
5,733
6,737
5,739
5,741
5,746
6,749
5,751
6,752
6,755
5,759
6,762
6,764
5,764
5,768
8,784
6,778
6,777
6,779
6,781
6,782
6,783
6,785
5,788
6,788
5,788
6,790
5,793
5,793
6,792
6,795
5,796
6,797
6,796
6,798
5,799
6,800
6,800
6,799
6,801
6,802
6,801
6,801
6,803
7,804
6,803
6,803
6,804
5,806
6,806
6,805
6,805
6,806
7,806
6,804
6,803
6,806
6,805
6,803
6,803
6,805
7,804
6,802
7,801
6,802
7,802
6,799
7,798
6,799
6,798
6,797
6,795
6,795
6,796
6,794
6,793
6,793
7,793
7,792
7,789
7,789
6,787
6,786
6,783
6,783
6,783
6,782
6,779
7,779
6,779
7,778
7,775
7,774
6,773
6,772
6,771
6,768
6,768
6,767
6,764
6,764
6,764
7,763
6,760
5,759
6,758
5,759
7,757
5,755
6,754
6,753
6,753
6,751
6,749
6,750
6,749
6,747
6,746
6,746
6,746
6,742
5,742
6,741
5,741
6,740
6,737
7,738
6,739
7,737
5,735
6,734
6,734
6,733
5,731
6,731
6,730
6,730
6,728
6,727
6,726
6,725
7,724
6,723
5,723
6,722
6,723
6,721
7,721
6,721
6,718
6,717
7,718
6,716
6,715
5,713
7,714
7,715
6,713
6,711
6,711
6,710
6,710
6,707
6,706
6,706
6,706
6,704
6,703
6,704
6,703
6,701
5,700
5,700
5,700
6,699
5,695
5,696
5,696
6,694
6,692
6,692
6,691
6,691
6,690
6,689
6,690
6,689
6,688
6,686
6,688
5,687
6,685
6,683
6,682
5,684
6,681
5,680
6,680
5,679
6,678
5,676
6,676
6,677
5,675
6,673
6,673
6,672
5,672
5,670
5,669
6,670
6,670
5,667
6,666
5,666
5,666
5,664
5,663
5,664
6,673
6,667
6,665
5,664
5,664
5,661
5,660
6,660
6,659
6,659
6,657
5,657
5,658
5,656
5,654
6,653
5,653
6,653
5,652
5,650
5,651
5,651
5,650
5,647
5,650
5,648
5,648
6,646
6,647
5,650
5,647
5,645
5,646
5,646
5,645
5,643
5,643
5,644
5,644
6,642
5,640
5,642
5,641
5,641
5,640
5,641
5,640
6,640
5,639
5,640
5,639
5,638
5,637
5,638
5,639
6,638
5,636
5,637
5,637
6,637
6,635
5,635
5,636
5,635
5,635
5,635
6,636
5,636
5,636
5,635
5,636
5,636
6,634
5,633
5,634
5,636
5,635
5,634
5,634
4,635
5,635
6,634
5,635
5,636
5,636
5,634
5,635
5,636
5,635
5,636
5,636
6,638
5,639
5,638
5,638
5,641
5,642
6,643
5,643
6,645
6,648
5,648
5,651
5,653
5,656
5,658
5,658
5,661
5,664
5,666
5,668
5,671
5,676
5,680
5,681
5,684
5,689
6,694
5,696
5,698
5,703
5,706
6,709
5,713
6,717
5,720
6,724
6,726
6,730
5,734
5,737
6,738
5,743
6,747
5,749
6,751
6,755
6,758
5,762
5,763
5,765
6,769
6,772
6,774
6,775
6,778
6,780
6,782
6,783
6,785
6,788
6,789
6,790
6,792
6,794
6,795
6,796
6,797
6,799
6,800
6,800
6,800
6,802
6,803
5,803
6,804
5,806
6,805
6,806
6,806
6,807
6,807
6,807
5,808
6,807
6,808
6,809
6,807
6,808
6,809
6,809
6,807
6,807
6,808
7,807
7,807
6,805
6,807
7,806
6,804
6,803
6,805
6,804
7,803
6,801
6,802
6,803
6,801
6,799
7,799
6,798
7,796
7,802
7,798
6,798
6,796
7,792
6,790
6,791
6,789
7,786
7,787
6,785
6,784
7,782
7,781
6,780
6,779
6,778
6,774
7,775
6,774
7,772
6,771
7,772
7,770
7,768
6,765
7,765
6,764
6,763
7,759
6,759
6,759
6,758
6,755
7,754
6,755
6,754
6,753
7,752
6,750
6,750
6,747
7,747
6,747
6,746
6,743
6,742
6,743
7,743
6,742
6,740
6,740
6,740
6,738
7,736
6,736
6,735
6,735
6,733
6,732
6,733
6,732
6,730
5,728
6,730
6,729
6,728
6,726
6,726
7,727
6,725
5,724
6,724
5,722
6,721
6,720
6,719
6,719
6,719
6,716
6,716
6,717
6,715
6,713
5,713
6,713
6,712
6,709
5,709
6,709
5,708
6,706
7,706
6,706
6,705
5,703
6,701
6,702
5,702
6,700
6,699
6,698
6,700
5,696
5,695
6,695
6,696
6,695
6,692
6,692
7,693
6,692
6,691
6,689
6,689
6,689
6,689
6,686
6,686
6,687
6,684
6,682
5,683
6,683
6,682
6,679
6,678
5,680
7,679
5,677
6,676
6,677
6,675
5,674
6,673
5,674
6,673
5,671
6,669
6,670
6,670
6,669
6,667
6,667
6,668
6,665
6,665
6,664
6,664
6,663
5,661
5,661
6,663
6,661
6,660
6,658
5,659
5,658
6,658
5,657
5,657
6,657
5,654
6,654
5,655
5,653
5,652
5,652
5,653
5,653
5,652
5,650
5,651
5,650
6,650
5,648
5,648
5,649
6,648
6,646
5,646
5,647
6,646
6,646
6,644
6,645
5,647
5,645
6,643
5,644
6,644
5,643
6,642
5,643
5,643
5,641
6,640
6,639
5,641
6,640
5,638
5,639
5,641
6,659
5,641
6,642
5,641
5,642
7,641
5,640
4,640
6,641
5,639
5,638
6,639
5,638
5,637
6,636
5,637
6,637
5,636
5,635
5,635
5,635
5,635
5,633
5,633
5,636
5,636
5,634
6,635
6,637
5,638
6,637
6,637
5,639
5,639
6,640
6,640
6,642
5,643
5,642
6,644
5,646
5,649
5,648
5,649
5,651
6,654
5,655
5,658
6,660
5,663
5,666
6,667
6,670
6,674
6,676
5,679
5,681
6,686
5,688
5,691
6,693
6,698
6,701
5,703
5,706
5,711
5,713
6,716
5,719
5,722
6,727
5,729
5,732
5,736
5,740
6,744
5,744
6,748
6,753
5,755
6,756
6,759
6,761
6,765
5,765
5,768
6,771
5,774
5,774
6,776
6,779
6,782
6,783
6,784
5,786
5,788
6,789
5,788
6,790
6,793
6,793
6,793
5,795
5,794
5,797
5,796
6,797
6,798
6,800
6,800
7,799
6,801
6,802
6,802
6,800
6,802
6,801
6,801
6,800
6,800
6,800
6,801
6,800
6,799
6,801
6,800
6,798
7,799
6,798
6,799
6,797
6,795
7,797
6,795
6,794
6,794
7,793
6,794
6,792
6,789
6,789
6,791
6,789
7,787
6,787
6,787
6,786
6,783
6,782
6,782
6,781
6,779
6,778
6,778
7,778
6,776
7,774
6,774
6,774
6,771
6,770
6,768
6,769
6,767
6,766
6,767
6,767
6,764
6,761
7,761
7,761
6,758
6,758
5,756
6,756
7,756
6,754
6,752
7,753
6,753
7,751
7,748
7,750
7,749
6,745
6,745
7,745
6,745
6,743
7,742
6,742
6,742
6,741
6,738
7,740
6,740
6,739
6,737
6,737
6,738
6,736
6,735
6,733
6,735
7,745
7,737
6,734
6,733
6,731
6,730
6,729
7,729
6,729
6,727
6,725
7,727
6,726
6,725
6,723
6,722
6,723
6,722
6,720
6,720
6,721
5,720
6,718
6,717
5,718
6,718
6,716
6,714
6,716
6,715
5,714
6,713
5,713
5,712
6,709
6,708
6,710
6,708
6,708
6,706
5,705
6,706
5,705
5,703
5,700
6,701
7,701
6,698
5,697
6,699
6,698
5,695
5,695
6,695
6,695
6,692
6,691
6,692
6,691
6,689
5,689
6,688
5,687
6,685
5,684
6,684
6,685
5,684
6,682
6,683
6,680
5,681
6,680
6,679
6,678
5,677
6,677
6,674
6,675
6,673
6,673
6,671
6,672
6,673
6,671
5,669
6,670
5,669
5,668
5,666
6,667
6,667
6,666
6,664
5,663
6,663
6,665
6,663
6,662
6,663
6,663
6,661
6,660
6,660
6,660
6,659
6,656
6,658
5,657
6,656
5,654
6,655
6,655
6,654
5,652
6,652
5,653
5,652
5,650
6,650
6,651
6,650
5,649
6,648
5,648
5,649
5,647
5,647
5,648
5,648
5,648
6,646
4,647
5,648
6,646
6,645
5,645
6,645
5,645
5,643
5,645
5,646
5,645
5,644
5,643
5,644
5,644
5,642
5,642
5,643
5,645
5,643
5,643
5,643
5,644
5,644
5,642
5,643
6,643
5,642
5,641
5,643
5,644
5,642
5,642
5,641
5,642
6,642
5,641
5,641
5,643
5,644
5,642
5,642
5,643
5,644
5,644
5,644
5,645
6,646
6,646
5,646
6,648
5,650
6,650
6,652
5,654
5,657
5,659
5,660
5,662
5,665
5,667
5,668
6,670
6,673
6,677
6,678
5,680
5,686
5,689
6,695
6,698
5,701
5,703
5,703
5,706
5,710
6,713
5,715
5,719
6,723
5,725
5,729
6,730
6,736
5,740
6,742
6,743
5,747
5,751
5,752
5,756
5,758
6,762
5,764
6,766
6,768
6,772
5,776
6,777
6,777
6,781
6,785
6,785
5,786
6,788
6,790
6,791
6,791
6,793
6,796
6,797
6,798
6,800
6,801
6,803
5,803
6,804
6,804
6,806
6,806
6,807
7,808
6,810
6,808
6,808
6,811
6,810
6,811
6,810
6,810
6,812
6,813
6,811
6,811
6,810
7,811
6,810
7,810
6,810
6,810
6,808
6,808
6,809
6,809
6,809
6,807
6,809
6,808
6,807
6,806
6,806
6,807
7,804
6,803
6,802
6,803
6,802
7,800
6,799
6,799
6,798
6,796
7,795
6,795
6,795
6,791
6,790
7,790
6,790
6,788
6,786
6,786
6,785
6,783
6,781
7,780
6,781
6,779
6,778
6,777
6,777
7,775
6,772
7,772
7,772
6,771
6,769
6,767
7,767
6,765
6,765
6,762
6,762
6,761
6,760
6,757
7,757
6,757
6,755
6,754
6,754
7,753
6,752
6,749
6,749
6,750
6,749
6,746
6,746
7,745
7,745
6,744
6,743
6,744
7,743
7,741
7,739
6,741
6,740
6,738
7,736
6,736
6,736
6,734
6,733
6,734
6,734
6,733
7,731
6,730
6,730
6,730
7,728
6,729
6,728
6,727
6,725
6,725
6,726
7,724
6,722
6,721
6,721
6,722
6,720
6,719
6,719
6,718
6,716
6,715
6,716
6,716
6,714
6,711
6,711
6,712
6,712
6,709
6,711
6,709
6,709
6,706
6,706
6,705
6,705
6,703
6,701
6,702
6,702
6,699
6,699
6,715
7,707
6,702
6,697
6,697
5,696
6,695
6,693
5,692
6,693
5,690
6,689
5,687
6,689
6,688
6,686
6,684
6,687
6,685
6,682
6,681
6,683
6,682
6,680
6,678
6,678
6,678
6,675
6,674
6,675
5,675
6,674
6,672
6,673
6,673
5,671
6,670
6,669
5,670
6,671
6,668
6,667
6,667
6,666
6,665
6,663
6,665
6,664
6,663
6,663
6,662
5,663
6,661
6,660
5,661
6,660
6,660
5,658
6,659
6,659
5,660
5,659
6,658
6,660
6,658
6,658
5,657
6,657
6,657
6,654
5,654
5,655
5,654
6,654
6,652
6,655
5,654
6,653
6,652
6,652
5,653
5,652
6,650
6,651
6,651
6,651
5,649
5,649
5,650
6,651
6,649
5,649
6,651
6,651
5,649
6,648
5,647
6,648
6,648
6,647
6,649
6,648
5,647
5,646
5,649
6,648
6,647
6,646
5,646
5,648
4,647
6,647
5,647
5,646
5,649
5,646
6,645
5,646
5,647
5,646
5,646
6,647
5,647
5,646
5,647
5,646
5,650
6,648
5,649
5,648
5,650
5,650
5,650
5,653
6,654
5,654
6,654
6,656
5,658
5,661
6,661
5,662
5,664
5,667
5,668
5,670
6,674
5,677
6,678
6,680
6,684
5,688
6,690
6,690
5,695
6,699
6,703
5,705
5,708
6,712
5,715
6,717
6,720
5,725
5,729
6,730
6,734
6,738
5,741
5,743
6,746
5,749
5,753
5,755
5,757
5,762
6,764
6,767
6,768
6,773
5,775
6,778
5,778
6,781
6,784
5,785
6,785
6,789
6,791
6,793
6,792
6,793
6,797
6,798
6,799
6,800
6,803
6,803
5,802
6,803
6,821
6,811
5,811
6,810
5,812
6,811
7,811
6,809
6,811
6,811
6,811
6,811
6,811
6,813
6,811
6,811
6,811
6,812
6,811
6,811
6,811
7,812
6,812
6,810
7,809
6,811
7,812
7,810
6,808
6,808
6,809
6,807
6,806
6,807
6,807
6,807
7,804
7,804
7,805
7,803
7,801
6,800
7,801
6,800
6,800
7,798
6,798
6,796
6,794
7,793
7,793
7,792
5,790
7,788
6,788
6,787
6,787
7,785
6,783
6,783
6,780
6,779
6,779
6,778
6,776
6,775
6,774
6,774
7,771
7,770
6,768
6,769
7,768
6,766
6,763
7,764
7,765
6,763
6,761
6,759
6,760
6,759
7,758
6,756
6,757
7,756
6,753
7,751
6,753
6,751
6,749
7,748
7,749
7,749
7,747
7,746
6,745
6,745
6,744
7,742
6,742
6,742
6,739
6,738
6,737
7,739
7,737
6,735
6,735
6,734
6,734
6,732
6,730
6,732
6,731
6,729
6,728
6,729
7,728
7,727
6,724
7,725
6,724
6,723
6,721
6,722
6,722
6,719
7,719
6,718
7,720
6,719
6,716
7,717
6,717
6,716
6,714
6,714
6,714
6,712
5,711
6,709
6,709
6,709
6,708
5,707
6,706
6,706
6,704
5,702
5,701
6,703
6,701
6,700
5,700
5,701
6,699
6,697
6,695
6,696
7,695
5,694
6,693
6,693
6,693
6,692
5,690
6,691
5,690
5,689
6,687
5,688
5,687
6,686
6,684
6,684
6,684
6,683
5,681
5,681
5,680
5,680
6,678
6,676
6,677
5,677
6,674
6,674
6,675
6,674
6,673
6,671
6,672
5,671
5,669
6,668
6,669
6,669
6,667
6,666
6,666
6,667
5,668
8,678
6,668
6,668
6,667
6,664
5,664
6,664
5,663
6,662
6,662
6,663
6,661
6,660
5,659
6,660
5,662
5,659
6,658
5,659
5,659
5,660
6,657
6,658
6,659
6,657
6,656
5,656
5,656
5,657
5,655
6,655
6,656
6,655
6,654
5,654
6,654
6,653
5,653
5,653
6,653
6,653
6,652
5,651
6,651
6,653
5,650
5,649
6,649
6,650
6,651
5,650
6,650
6,651
6,651
6,649
5,649
5,651
6,651
5,649
5,649
6,650
5,651
5,650
6,649
6,650
6,651
5,650
5,649
5,649
5,650
5,649
5,648
5,649
5,651
6,652
5,649
5,650
5,651
6,651
5,650
5,650
5,651
5,652
5,651
5,650
6,654
6,653
5,654
5,654
6,655
5,658
5,658
6,659
5,660
5,664
5,665
5,666
6,669
5,671
5,674
5,674
5,677
5,680
6,683
5,684
5,687
5,689
5,693
5,696
5,698
5,703
5,706
6,709
5,710
6,715
5,718
6,722
6,723
5,729
5,732
5,735
5,736
6,741
6,745
6,747
5,750
6,754
6,757
6,760
6,763
6,765
6,768
6,771
6,772
6,775
5,778
6,781
6,781
6,783
5,786
6,788
6,788
6,791
6,792
6,795
6,795
6,795
6,797
7,799
6,800
6,801
7,804
6,806
6,807
6,806
6,807
7,808
6,809
6,809
6,810
6,811
6,813
5,812
6,812
6,813
6,814
6,813
6,813
7,814
6,815
7,815
6,812
6,813
6,814
6,814
6,812
6,812
6,813
6,812
7,811
6,811
7,812
6,812
6,809
6,809
7,809
6,808
6,807
6,806
6,807
7,808
6,806
6,805
7,805
6,804
6,802
7,801
6,800
7,800
6,799
4,814
6,802
6,799
6,798
6,795
6,793
6,794
6,793
6,790
6,789
6,788
6,788
7,786
6,784
7,784
6,783
6,781
7,780
6,779
6,780
6,779
6,777
7,776
6,776
7,775
6,772
6,771
6,771
6,769
7,768
6,769
6,768
7,768
7,765
6,764
7,764
6,763
6,761
7,760
6,761
6,760
7,759
6,758
6,757
6,757
6,755
7,753
6,753
7,753
6,751
6,751
6,750
6,752
7,751
6,749
7,748
6,749
7,748
6,746
7,746
6,745
6,745
6,743
6,743
6,742
6,742
7,741
6,739
6,740
6,741
7,739
7,738
6,738
6,738
6,737
6,735
6,733
6,735
7,734
7,733
6,732
6,732
6,732
6,729
6,728
6,728
6,728
6,727
6,725
6,724
5,725
6,722
7,721
5,723
6,722
6,721
6,719
6,719
6,721
6,719
6,717
7,716
6,717
7,716
6,713
5,714
6,713
6,712
6,710
6,709
6,710
6,710
5,709
7,708
6,708
6,707
6,706
5,705
6,705
6,705
5,703
6,702
5,701
6,702
5,700
6,697
7,697
6,698
5,695
6,695
5,694
6,694
6,693
5,692
6,689
6,692
6,690
6,688
6,687
6,687
5,687
6,686
6,686
5,684
5,685
6,683
6,682
6,683
6,682
5,682
6,682
6,681
5,682
5,680
6,679
5,677
5,679
5,678
6,678
5,676
6,676
5,676
6,675
6,673
6,674
6,674
5,674
5,672
5,672
5,674
6,673
5,672
5,672
5,672
6,671
5,670
6,669
6,670
6,670
5,668
6,669
6,669
6,669
6,668
6,667
6,667
6,668
6,667
6,666
5,665
6,667
6,666
6,664
5,664
6,665
5,664
6,663
6,664
5,666
6,665
5,664
5,663
6,664
5,665
6,662
5,677
6,669
5,668
5,664
6,662
5,664
5,664
5,663
6,662
5,662
5,663
5,662
5,662
6,662
5,664
6,663
5,661
5,661
5,663
5,662
6,662
5,662
5,664
6,663
5,662
6,663
6,663
6,664
5,663
6,663
5,664
5,667
6,666
5,666
5,669
6,671
6,671
5,670
6,672
5,675
6,675
6,676
5,678
5,680
6,683
6,685
5,686
5,689
6,692
6,693
6,696
5,700
5,702
5,704
5,707
6,712
6,715
6,717
5,719
5,723
5,727
5,730
5,734
6,738
5,742
6,744
6,747
5,750
5,755
6,758
6,761
5,764
6,768
6,773
6,773
7,777
5,780
6,783
6,785
6,787
5,790
6,793
6,795
5,797
6,800
6,803
6,804
6,806
6,809
6,811
6,813
6,814
5,817
6,818
6,820
6,820
6,822
6,824
6,825
6,825
5,826
7,828
6,830
6,829
6,830
6,832
6,832
6,831
7,832
6,834
5,834
7,835
7,834
6,836
6,836
6,835
7,834
7,835
6,835
7,836
6,834
7,834
7,837
7,836
6,834
6,834
7,836
7,835
7,833
6,831
6,831
6,831
7,830
6,829
7,830
7,831
7,829
7,827
6,826
5,826
7,827
6,823
7,823
7,823
7,821
7,820
6,818
7,819
6,817
7,813
6,812
6,812
7,812
7,809
6,807
7,809
7,806
7,804
6,802
6,801
6,801
6,799
6,796
6,797
6,797
6,796
7,793
7,791
6,791
6,791
7,787
6,786
7,787
6,785
7,783
6,782
7,782
6,782
6,780
7,778
6,778
6,777
6,776
6,774
6,773
6,772
7,771
6,768
7,770
6,769
6,768
6,767
7,767
6,764
7,765
7,764
6,764
7,764
6,762
7,761
6,760
6,759
6,759
6,757
6,772
5,771
5,762
7,758
6,756
7,755
6,753
6,752
7,751
6,750
7,749
6,748
7,746
6,746
6,746
7,745
6,742
7,741
6,742
6,741
7,739
7,738
6,738
6,738
6,735
7,735
6,734
6,734
6,733
6,732
6,732
6,732
6,730
6,728
5,729
6,728
6,728
7,726
7,726
6,725
6,725
7,722
6,721
6,721
7,721
6,717
6,717
6,717
6,717
6,716
5,714
6,714
5,714
5,712
6,709
6,711
6,710
6,708
7,706
6,705
6,706
7,704
6,702
6,703
6,701
6,702
6,699
6,698
6,698
6,698
6,698
6,696
6,696
6,696
6,693
6,691
6,692
6,694
6,691
6,689
6,689
6,689
6,689
6,688
6,686
6,687
6,685
6,683
7,684
5,684
6,683
6,682
6,681
6,680
6,681
6,678
6,678
6,678
5,677
5,677
5,676
5,676
6,676
5,675
6,674
5,675
6,675
5,674
6,673
6,673
6,673
5,672
5,671
6,670
5,670
5,670
6,668
6,668
5,669
6,668
6,667
5,665
6,667
5,667
6,666
5,664
5,665
6,666
6,664
5,663
6,662
6,664
5,663
5,661
6,662
6,662
6,662
5,661
6,660
5,662
5,660
6,659
5,659
6,660
6,660
6,658
6,657
5,657
6,657
5,656
5,656
5,656
5,656
6,654
5,653
5,652
6,652
6,652
6,651
5,651
6,651
5,650
6,649
5,648
6,649
6,650
6,647
6,647
5,648
5,648
5,647
6,647
5,647
5,649
6,648
5,647
6,647
5,650
6,648
5,647
5,648
6,651
5,651
6,652
5,652
6,654
5,656
6,655
5,657
5,660
5,661
5,663
5,663
5,666
5,669
5,670
6,671
5,674
5,677
5,678
6,682
6,685
5,688
5,691
4,696
7,710
5,705
5,707
5,709
5,712
5,716
6,718
5,721
5,723
6,728
5,731
5,735
5,738
7,743
6,747
6,750
6,753
5,758
6,761
5,764
6,767
6,770
6,776
6,777
6,780
6,783
5,786
6,790
6,792
6,795
6,800
6,802
6,804
6,807
6,810
6,813
6,813
5,815
7,817
6,819
6,821
6,823
6,824
6,826
6,828
6,827
5,829
6,831
6,832
6,832
6,835
6,836
6,836
6,836
6,837
7,839
7,838
7,838
6,838
6,840
6,839
6,839
6,839
6,841
6,842
6,842
7,841
6,842
7,842
6,841
6,841
7,841
6,842
6,840
6,839
7,839
7,840
6,839
6,837
7,838
6,838
7,838
7,836
6,835
7,836
6,834
6,833
6,832
7,831
7,830
6,828
6,828
6,828
6,827
6,826
7,823
7,824
7,822
7,820
7,818
7,818
6,816
7,815
6,813
7,812
6,812
7,810
7,808
6,806
7,806
7,805
6,803
7,800
7,800
7,800
6,798
6,796
6,794
6,794
7,791
7,790
6,789
7,790
6,788
7,786
7,786
7,785
6,784
7,781
6,780
7,781
6,779
6,777
6,776
6,775
6,776
6,772
6,772
6,773
7,773
6,770
6,768
7,768
7,768
6,766
7,764
7,764
6,764
6,761
6,761
7,761
7,761
7,759
6,759
6,758
6,756
7,757
7,755
6,754
6,754
6,752
6,751
6,750
6,750
7,750
7,748
6,745
7,746
6,745
6,744
6,741
6,741
6,740
6,738
6,737
6,736
6,735
7,735
6,734
7,732
6,733
6,731
6,729
7,728
6,727
6,728
6,725
6,723
6,725
6,724
7,721
6,720
6,720
7,719
6,719
6,716
6,717
7,716
6,715
7,713
6,711
6,711
6,709
6,722
7,713
6,711
7,708
5,707
6,704
5,703
6,702
6,700
7,698
6,698
6,698
6,695
6,693
6,693
5,693
5,692
6,689
6,689
7,688
6,688
6,686
6,685
6,684
5,682
6,681
6,681
6,680
6,678
6,676
6,675
6,676
6,674
6,672
6,672
6,671
6,671
5,667
6,667
6,667
5,667
6,666
5,662
7,663
6,663
6,662
6,661
5,660
6,660
5,658
6,656
6,656
6,655
5,655
5,652
6,653
5,651
6,652
6,651
6,649
5,650
5,650
6,648
4,647
5,647
6,648
5,648
6,645
5,645
5,646
6,646
6,643
5,644
5,644
6,642
5,641
5,639
6,641
5,640
5,638
6,638
5,637
5,638
5,636
5,633
6,635
5,636
6,634
6,633
5,634
6,635
6,633
5,632
4,633
5,634
5,633
5,632
5,631
5,630
5,631
5,629
5,628
5,629
5,628
6,627
6,626
5,627
6,628
6,627
5,626
6,626
5,627
5,627
6,626
5,625
5,626
5,626
6,627
5,625
5,627
6,627
5,627
5,625
6,628
5,627
4,625
5,627
5,628
6,629
6,629
6,630
5,631
5,633
5,634
5,633
6,636
5,638
5,639
5,640
6,644
6,646
5,649
5,649
5,652
5,656
6,660
6,661
5,664
6,668
5,672
5,674
6,678
6,681
5,684
6,688
5,691
5,695
6,701
6,703
5,706
5,712
5,714
5,719
5,722
5,726
6,730
5,732
6,736
5,740
6,744
5,747
5,750
6,753
6,757
5,759
5,760
6,763
5,766
6,770
5,770
5,772
6,775
5,777
6,780
6,782
5,784
6,786
5,788
6,789
6,790
6,793
7,793
5,795
5,795
6,798
5,800
6,799
7,800
5,803
6,803
6,802
6,803
6,804
6,804
6,804
5,824
6,813
6,812
5,810
7,808
7,809
6,808
6,808
6,806
6,807
6,807
6,807
5,804
7,804
6,804
6,803
6,802
7,802
6,803
6,802
6,800
7,799
6,799
6,799
6,798
6,795
5,796
6,796
6,795
6,792
6,792
6,792
7,791
7,790
6,789
6,788
7,787
7,784
7,782
6,782
7,782
7,779
6,776
6,777
6,778
6,775
6,773
7,772
6,772
6,770
6,767
6,766
6,766
6,764
7,763
7,762
7,761
6,759
7,757
6,754
6,755
7,754
6,752
6,751
6,751
6,749
7,747
6,745
7,745
6,745
6,741
6,740
6,741
6,739
6,737
6,735
6,736
6,736
7,735
7,733
6,733
6,732
6,730
7,728
7,728
7,727
6,728
6,726
6,725
5,726
6,724
6,723
6,721
6,722
6,721
6,719
6,718
7,718
6,717
6,716
6,716
6,715
6,715
6,715
6,712
5,713
6,714
6,712
6,710
6,709
6,710
6,710
6,706
6,707
6,708
6,706
6,706
6,703
6,704
5,704
5,702
6,702
6,701
6,700
6,699
6,698
6,697
6,698
6,696
6,694
6,694
5,694
6,693
6,692
6,690
7,691
6,690
6,688
6,688
5,689
6,686
6,686
5,684
6,685
6,684
6,683
6,681
6,681
6,682
6,681
5,679
6,680
6,680
6,678
6,678
6,676
6,677
6,676
6,674
6,673
6,675
5,674
6,672
5,671
5,672
6,672
6,669
6,669
6,670
6,668
6,666
6,664
6,665
6,666
6,664
6,662
5,662
6,661
5,661
6,659
6,659
5,659
6,659
6,657
6,657
5,658
6,657
5,656
6,656
6,656
6,654
6,653
6,652
5,652
6,652
5,650
6,648
6,650
6,649
6,647
6,647
5,647
5,663
7,652
5,648
5,646
5,646
5,644
5,642
5,641
6,641
6,641
5,639
6,638
5,639
5,639
6,637
6,636
5,636
5,636
5,635
6,634
5,636
5,636
5,634
5,633
5,633
5,634
5,633
6,633
5,633
5,634
5,633
5,631
5,631
5,633
5,633
6,630
5,630
5,631
5,631
5,630
5,629
5,631
5,630
5,629
5,628
5,630
5,632
5,629
5,629
6,629
5,631
5,630
5,627
6,629
5,631
5,630
6,628
5,629
5,630
5,631
5,628
6,629
5,630
5,630
5,628
4,629
5,630
5,631
5,630
6,630
6,632
5,632
5,632
5,632
5,634
5,635
6,635
5,635
5,636
5,640
5,639
4,640
5,643
5,646
5,646
5,648
6,651
6,655
5,657
6,659
6,662
6,665
5,669
5,671
5,674
5,678
5,682
5,685
6,687
5,691
6,696
5,699
6,702
6,706
5,709
5,713
5,716
5,720
5,724
6,727
6,729
6,733
5,737
5,742
5,744
6,747
5,752
5,756
6,758
6,762
6,766
6,770
5,771
5,773
6,777
5,778
6,781
6,782
5,786
6,788
5,792
6,793
6,796
6,798
6,800
6,801
6,803
6,806
6,806
6,806
6,807
5,810
6,811
6,811
6,812
6,812
6,814
5,814
6,814
6,815
6,816
6,816
6,816
6,817
6,818
5,818
6,816
6,818
6,819
6,819
6,817
7,817
7,819
6,819
5,818
6,818
6,818
6,818
6,818
6,817
6,818
6,818
6,816
7,815
7,815
7,816
7,814
6,813
6,812
6,813
6,813
7,810
7,808
6,809
6,808
6,806
7,805
6,806
7,805
6,803
6,801
7,803
7,802
6,800
7,797
6,797
6,797
6,796
7,793
6,793
6,791
6,809
7,793
6,792
6,790
6,788
7,784
7,783
6,783
7,783
7,780
6,779
7,779
6,777
6,777
6,775
6,777
6,775
7,775
7,775
6,774
6,776
6,774
6,773
6,772
7,774
7,773
7,771
7,770
6,772
7,772
7,770
7,770
7,770
6,769
6,768
7,767
6,767
6,768
7,767
6,766
7,766
6,767
6,765
7,764
7,766
6,765
7,764
6,762
6,762
6,762
6,762
7,759
7,759
7,758
6,759
6,758
7,757
6,757
7,756
7,753
6,750
6,751
6,751
6,749
6,748
6,748
6,749
6,747
6,745
7,745
6,744
6,742
6,741
6,740
7,740
6,739
6,738
6,737
6,738
7,737
6,734
6,734
6,734
6,733
6,730
6,730
6,728
6,730
6,729
6,726
6,727
6,727
6,723
6,722
6,723
6,722
6,720
6,718
6,718
6,717
6,716
6,714
6,713
6,714
6,711
6,709
6,709
6,709
6,708
5,706
6,705
6,704
6,704
5,703
6,700
6,700
6,701
6,699
6,696
6,695
6,696
5,693
6,691
6,690
5,691
6,689
7,687
6,686
6,687
6,685
5,684
6,682
6,683
6,683
6,681
6,681
6,680
6,680
6,678
5,677
6,677
6,677
6,677
5,675
6,674
5,673
6,673
5,670
6,670
6,670
6,672
6,668
7,668
6,668
6,667
6,665
6,666
6,666
5,664
6,664
5,661
5,662
5,663
6,663
6,661
5,661
5,659
5,658
5,658
6,656
5,656
6,655
6,654
6,654
5,655
6,655
5,653
5,651
6,653
6,653
5,651
5,650
6,652
5,652
6,650
5,649
6,651
6,649
5,649
6,648
6,649
5,649
6,648
5,647
6,648
5,647
4,646
5,645
5,645
6,646
6,645
5,643
5,644
6,644
5,645
6,661
5,648
5,648
5,647
5,646
5,646
6,647
5,646
5,645
4,644
5,644
5,646
6,646
5,645
6,646
5,648
5,647
6,647
5,649
6,651
4,652
5,652
5,653
5,657
6,659
6,659
6,661
6,665
5,667
5,667
5,669
5,673
6,676
6,680
6,681
5,684
6,687
6,690
6,694
6,699
6,703
5,706
5,709
4,713
5,716
6,721
5,724
5,728
6,733
6,738
5,740
5,744
6,749
6,753
6,755
6,759
6,763
6,768
6,770
6,772
5,774
6,779
6,783
6,784
6,786
6,790
6,792
5,795
6,797
6,801
6,802
6,804
6,806
6,809
7,812
6,811
6,811
5,815
6,815
6,817
6,817
6,820
6,820
6,822
6,823
5,823
5,825
6,824
6,824
8,827
7,828
6,827
7,828
7,828
6,828
6,827
5,827
6,828
7,829
7,829
6,828
6,828
7,829
6,828
6,827
6,825
7,826
7,827
7,827
6,825
6,826
5,826
7,825
7,823
7,824
6,825
7,824
6,822
7,821
7,822
7,821
6,818
6,819
7,820
7,818
7,817
6,815
6,814
6,814
6,812
7,810
7,811
7,810
7,807
6,805
7,804
7,802
7,801
7,799
7,798
6,797
6,796
6,794
6,792
7,790
7,790
6,787
6,785
6,785
6,785
7,782
6,780
6,780
5,779
7,778
6,776
6,776
7,774
7,773
6,770
7,770
6,769
6,768
6,765
6,765
6,765
6,764
6,761
6,761
7,760
6,760
6,757
6,756
6,757
6,756
6,755
6,753
6,754
6,753
6,750
6,749
6,748
7,747
6,745
6,744
6,744
6,744
6,742
6,740
6,740
6,739
6,739
6,737
6,736
6,737
6,736
6,735
6,733
6,734
6,733
6,731
6,729
7,742
8,744
6,734
6,730
6,729
7,728
6,726
6,723
6,723
6,723
6,722
6,719
6,718
6,718
6,717
7,715
7,714
6,714
6,713
6,711
6,709
6,709
6,710
6,708
6,706
6,707
6,707
6,705
6,703
6,704
6,703
6,702
6,701
6,700
6,701
6,700
6,699
6,699
6,698
6,698
6,697
6,696
6,696
6,695
6,693
6,693
5,693
6,692
6,690
6,689
6,690
6,690
6,687
6,686
6,686
5,686
6,686
6,684
6,683
6,683
6,682
6,679
6,679
6,678
6,678
6,675
6,676
6,675
6,674
6,672
6,672
6,672
6,672
6,670
6,670
6,668
6,670
6,669
6,668
6,669
6,669
6,668
6,667
5,667
6,667
6,667
6,666
5,666
6,666
5,667
6,665
6,665
5,663
5,662
5,662
6,661
6,660
5,662
5,660
6,659
5,659
6,659
6,659
6,656
6,657
6,656
6,656
6,655
5,655
6,655
5,655
6,653
6,654
5,655
6,654
6,653
5,652
7,653
5,652
6,650
6,650
6,650
6,650
6,649
5,648
5,649
5,649
5,649
6,646
6,647
5,647
5,647
5,645
6,646
4,648
6,645
5,644
5,646
5,645
4,644
5,644
5,643
5,644
5,643
6,643
5,642
5,643
5,643
5,643
6,642
5,643
5,643
5,642
5,642
6,643
5,643
6,644
6,643
6,643
5,645
6,645
5,645
5,645
5,647
5,648
5,648
6,648
5,650
5,652
5,655
6,654
5,657
5,660
5,661
5,664
4,668
5,672
5,673
5,676
6,678
6,683
5,685
6,689
5,693
5,695
5,701
6,702
6,706
5,710
5,714
6,716
6,720
6,725
5,727
6,731
5,734
5,738
5,742
6,746
5,748
5,751
6,756
6,761
6,763
5,766
6,785
5,787
6,778
6,779
6,782
5,785
6,785
5,786
6,790
5,792
6,793
5,794
5,797
5,799
6,799
6,800
6,802
6,805
6,803
6,805
6,807
5,808
6,809
5,808
6,809
6,812
6,811
7,811
5,812
6,814
6,813
6,812
5,812
6,814
6,814
6,813
6,813
7,813
7,815
6,814
6,812
7,812
7,813
6,811
6,810
6,811
7,811
6,809
7,808
6,809
6,809
6,809
6,808
7,806
6,806
6,806
7,805
6,803
7,804
6,804
7,803
6,800
6,800
7,800
6,798
6,797
8,796
6,796
6,794
6,794
6,792
7,793
6,790
7,789
7,788
6,787
7,786
6,783
6,783
6,781
6,780
6,778
5,777
6,777
6,775
7,771
7,772
6,770
6,770
7,767
6,766
6,766
7,766
6,764
6,761
7,761
6,761
6,759
7,758
6,756
6,755
6,754
6,753
6,753
6,752
7,751
7,750
6,750
6,749
7,748
6,748
6,745
6,744
7,744
6,742
7,740
7,741
7,741
6,739
7,738
6,738
6,739
6,738
6,736
7,736
6,736
7,734
6,731
6,731
5,732
6,730
6,728
7,728
7,728
7,728
6,725
6,724
6,724
6,724
6,720
6,719
6,719
6,719
6,717
7,713
6,714
5,712
5,710
6,708
6,708
6,707
6,706
6,703
7,704
6,704
6,702
6,701
5,697
5,698
5,697
6,696
7,693
6,692
6,693
6,691
6,690
5,690
6,689
5,689
6,686
6,687
6,687
5,684
6,683
6,682
5,682
6,680
5,679
6,677
6,676
6,675
6,673
6,670
6,670
6,669
5,666
5,665
5,665
5,664
6,662
6,661
6,660
5,660
6,658
6,657
6,657
6,657
5,657
6,654
5,655
6,655
6,654
6,651
5,652
6,672
6,656
5,652
5,648
6,650
5,648
6,647
5,645
5,646
6,646
6,645
6,643
6,643
6,644
5,643
5,642
6,642
5,644
5,643
5,641
6,642
6,644
5,644
6,643
5,643
5,643
5,643
5,642
5,642
5,642
5,643
6,642
6,641
5,642
6,643
5,642
5,642
5,642
5,644
5,644
5,642
5,644
6,644
6,644
6,641
6,644
5,644
6,645
6,642
5,642
5,643
5,643
5,643
5,642
5,643
5,643
6,643
5,643
6,644
5,645
6,645
5,644
6,644
5,646
6,647
6,646
6,647
6,649
6,648
5,646
4,646
5,648
6,649
6,647
5,647
5,649
5,649
5,648
6,649
4,649
5,650
6,648
5,648
5,650
5,651
4,649
5,649
6,651
5,651
5,652
5,653
5,653
6,656
5,656
5,655
5,656
5,659
6,660
5,659
5,659
5,661
5,662
6,663
6,664
6,666
6,667
6,668
5,669
5,671
5,675
5,676
6,678
6,681
6,684
5,687
5,688
6,691
6,696
5,699
6,700
5,704
5,708
5,711
4,713
5,717
5,721
5,725
6,728
6,733
5,737
5,742
6,745
5,749
6,755
5,759
5,761
5,763
5,768
6,772
6,775
6,776
6,782
5,786
6,788
6,790
6,794
6,798
6,801
6,803
5,804
6,808
6,811
5,813
6,815
6,818
6,820
6,822
6,821
6,824
7,827
6,827
6,828
7,830
7,832
5,832
6,831
6,833
6,834
6,836
6,835
5,836
7,837
6,838
6,836
6,837
6,838
6,839
6,838
7,837
6,838
6,838
6,838
6,836
7,837
6,836
6,838
6,835
6,836
6,838
7,838
6,835
6,836
7,837
6,836
7,834
7,834
7,834
7,835
6,831
7,830
7,829
4,845
9,836
7,831
6,830
8,830
7,828
6,824
7,824
7,823
7,821
7,819
7,818
7,817
6,814
6,813
6,812
7,811
7,811
7,809
6,806
7,805
7,805
6,802
6,800
7,800
7,800
6,796
7,795
7,794
7,794
7,791
7,788
6,788
7,789
6,787
7,784
7,783
6,782
7,782
6,778
6,777
6,777
6,776
6,772
6,772
7,771
7,770
6,767
6,766
6,766
6,764
6,762
6,760
6,759
7,762
6,758
7,757
6,756
6,757
6,754
6,752
6,753
7,753
7,752
6,749
6,749
7,748
6,747
6,744
6,742
6,743
6,742
6,740
6,739
7,740
6,739
6,737
6,735
7,736
6,736
6,734
6,732
6,732
6,732
6,730
6,728
6,728
6,729
6,727
6,725
6,724
6,725
7,723
6,720
5,721
6,721
7,720
6,717
6,716
6,716
6,715
6,713
6,710
6,711
6,711
7,708
6,706
6,706
7,706
7,705
6,702
6,702
6,702
6,700
6,698
6,698
6,700
6,698
6,696
6,695
6,695
6,695
6,693
6,691
6,690
6,691
6,689
6,686
6,686
5,686
6,684
6,683
6,682
6,682
6,681
6,678
6,678
6,680
6,678
6,675
6,674
6,675
6,674
6,673
6,672
6,672
6,672
6,670
6,668
6,668
6,668
5,667
6,666
6,665
6,665
6,664
6,662
6,662
5,662
5,661
5,659
5,660
6,660
6,659
6,656
6,657
6,657
6,658
6,655
6,654
6,655
6,656
5,654
6,653
6,653
6,654
6,653
5,652
5,650
5,652
5,650
6,649
5,648
6,650
6,648
5,646
5,647
4,648
6,648
5,646
5,646
6,647
6,645
6,644
6,643
5,644
5,645
6,643
5,642
6,643
5,644
6,643
5,642
6,661
5,648
5,645
6,643
5,643
5,643
5,640
6,640
6,640
5,640
5,641
6,639
6,638
5,639
6,640
6,637
6,637
5,638
5,637
5,636
6,636
5,637
6,638
6,636
6,636
6,637
6,639
6,637
5,637
6,637
6,638
5,637
5,637
5,636
6,637
5,638
5,636
5,637
6,638
5,638
6,637
6,636
5,639
5,640
6,639
5,639
6,640
5,642
5,643
5,642
5,644
5,647
5,648
4,647
5,651
5,654
5,655
5,655
5,658
6,662
6,664
5,665
5,668
5,672
5,675
5,678
5,681
4,684
5,688
5,691
5,692
5,698
5,702
5,703
5,706
5,711
6,715
5,719
6,721
5,724
6,731
6,733
6,735
6,740
5,744
6,747
5,749
6,752
5,757
5,759
5,761
6,764
5,767
6,770
6,770
5,771
6,776
6,778
5,779
6,780
6,783
6,786
6,786
6,787
5,788
5,791
7,793
6,792
6,793
6,795
6,795
5,795
6,794
5,797
5,798
6,797
6,798
5,800
6,800
6,800
6,799
6,800
7,801
6,799
7,799
7,798
5,801
6,798
6,798
6,800
6,800
6,800
6,796
7,798
7,798
6,798
7,797
6,796
6,796
6,797
7,795
7,794
6,793
7,794
6,792
7,790
6,792
5,791
6,789
6,787
6,787
8,788
6,786
6,783
6,783
6,783
7,783
7,781
7,779
6,780
6,779
6,776
6,775
7,775
7,774
6,770
6,770
7,771
7,770
6,767
6,764
6,765
6,765
6,764
6,763
7,762
6,762
6,761
7,760
6,758
7,758
7,757
5,754
6,753
6,754
6,753
7,750
6,749
6,750
6,748
7,747
6,746
6,746
7,746
6,744
6,742
6,743
6,743
6,742
6,740
6,739
6,742
6,740
6,738
6,757
7,741
6,738
7,735
6,735
6,735
5,735
6,732
6,731
6,731
6,731
5,730
6,728
7,729
7,730
7,727
6,726
8,727
6,727
5,726
7,725
6,725
6,724
6,724
6,722
6,722
6,722
6,723
7,721
6,719
6,720
6,719
5,718
6,717
6,717
6,715
6,715
6,713
6,714
6,714
6,712
6,711
6,711
6,711
6,709
6,707
6,707
5,708
6,706
5,704
6,704
5,705
6,705
5,702
5,702
6,703
6,702
6,700
6,698
5,701
6,700
6,696
7,696
6,696
5,696
5,695
6,693
6,694
6,692
7,691
5,690
5,688
6,690
6,689
5,686
5,687
6,687
6,685
6,685
5,683
6,683
6,682
5,680
5,679
5,679
6,679
5,677
5,675
6,675
5,676
6,674
6,673
6,673
6,673
5,673
6,671
5,671
5,672
6,671
6,668
6,667
5,668
6,668
6,667
6,667
5,665
6,666
5,664
5,663
6,664
5,663
5,662
6,661
5,661
6,662
6,661
5,658
5,659
5,660
5,659
5,657
6,658
5,659
6,656
5,655
5,655
6,657
6,656
6,655
5,654
5,655
5,655
5,653
6,652
5,654
5,652
6,652
5,650
6,652
5,652
6,649
5,649
6,649
5,650
5,649
5,647
6,647
5,649
6,648
5,646
5,647
5,647
5,649
6,646
5,645
6,647
5,647
6,645
6,645
6,646
5,646
6,646
5,644
5,646
5,646
5,645
6,644
6,645
5,645
5,644
6,643
5,643
6,645
5,645
6,644
6,642
5,643
6,644
5,642
5,642
5,644
5,643
5,641
5,640
6,641
6,642
5,641
5,640
6,644
6,643
6,645
5,644
6,645
6,646
6,646
5,645
5,646
6,649
5,649
5,650
5,669
5,659
5,658
5,658
6,660
5,662
5,664
6,664
6,666
5,668
5,672
6,674
6,676
6,679
5,682
6,685
5,687
4,691
5,696
6,697
5,699
5,703
6,709
5,711
6,714
5,717
5,721
5,724
5,725
6,728
5,733
6,738
5,739
6,741
5,745
6,748
5,749
6,751
5,753
5,757
5,760
6,759
6,763
5,766
6,767
6,767
5,769
6,771
5,774
6,774
5,775
5,778
6,780
6,780
6,778
6,781
6,782
6,781
5,781
6,782
6,783
6,783
6,783
5,783
5,785
5,784
6,783
6,785
6,786
6,786
5,784
6,782
6,785
6,784
6,782
6,781
6,782
6,783
6,780
6,781
7,781
6,780
6,779
6,778
6,779
6,778
6,776
6,774
6,775
6,776
7,775
6,770
6,772
6,771
6,770
6,769
6,767
7,768
6,766
6,763
6,762
6,763
6,762
6,760
6,759
6,760
6,759
7,755
6,755
7,755
7,754
6,752
6,750
6,750
6,750
7,747
6,746
6,745
7,747
7,745
5,743
7,741
6,744
6,742
6,740
6,737
6,738
5,737
5,736
7,736
5,735
6,734
6,734
6,732
5,734
7,734
6,732
6,730
5,731
6,732
6,731
6,728
6,728
7,728
7,727
6,726
6,724
6,726
6,725
6,724
7,724
6,725
5,726
7,724
6,723
5,724
6,724
6,724
6,722
6,722
6,723
6,722
6,720
6,720
6,721
6,720
6,719
6,718
6,719
6,719
6,716
6,718
6,719
6,717
6,717
6,716
6,718
6,718
6,716
6,715
6,715
5,716
6,715
6,712
6,713
6,714
6,713
6,712
6,713
6,713
5,713
6,712
6,711
6,712
6,712
6,709
6,709
6,710
6,710
6,708
6,707
6,708
6,709
6,706
4,725
6,710
6,710
6,706
5,705
6,703
6,705
6,703
6,701
6,702
6,701
6,700
6,697
6,698
6,698
6,698
6,696
5,695
6,697
5,698
5,696
6,695
6,696
6,695
6,694
5,692
5,693
6,693
6,692
6,689
6,690
5,691
6,690
5,688
6,688
6,689
6,688
6,686
6,686
6,686
5,686
6,685
6,683
6,685
5,685
5,683
6,682
6,683
6,683
6,681
6,681
5,681
6,681
6,680
6,678
6,678
6,679
6,678
6,676
5,676
5,677
5,676
6,675
6,674
6,676
6,674
6,672
6,671
6,671
6,673
5,671
6,671
5,671
6,671
6,669
5,668
6,669
6,669
5,667
5,666
6,666
6,667
6,667
6,665
6,664
6,667
6,666
5,662
6,664
5,664
6,665
5,663
6,662
5,664
6,663
6,661
6,660
5,661
6,661
5,660
6,659
5,660
5,660
5,660
4,657
5,659
5,657
6,658
6,656
5,656
5,656
6,657
6,654
5,655
6,657
6,656
5,655
6,654
5,655
5,655
6,654
5,653
6,655
5,655
6,655
5,653
5,655
6,655
6,653
5,652
6,653
5,655
5,655
5,654
5,655
5,655
5,655
6,655
5,654
5,656
5,656
5,656
6,656
5,658
6,660
5,660
6,661
5,662
5,665
6,665
5,666
6,669
5,672
6,672
6,673
5,675
5,679
5,682
6,682
6,685
5,689
5,691
6,692
6,695
6,699
6,703
5,704
6,706
6,710
6,713
5,716
5,717
6,721
5,723
5,725
5,727
6,730
5,732
6,735
6,736
6,740
6,743
6,744
6,746
6,748
5,751
6,752
7,754
5,756
6,757
5,759
6,760
5,761
5,764
6,765
5,764
6,765
6,767
6,767
6,768
6,768
5,769
5,778
8,784
6,774
6,772
6,774
5,773
6,771
6,770
5,771
6,771
6,769
6,768
6,770
5,770
6,769
5,769
6,769
6,769
6,768
6,767
6,767
6,767
5,765
6,764
6,765
6,763
6,763
6,760
5,761
6,761
5,759
6,757
6,757
6,756
6,756
6,754
6,753
6,754
5,751
7,749
6,747
6,747
6,747
7,745
6,743
6,744
5,742
5,741
5,737
6,739
6,738
6,736
7,735
6,733
6,733
6,732
6,729
6,729
6,729
6,727
6,725
6,724
6,725
6,724
7,722
6,720
6,721
6,721
6,718
6,716
7,716
6,717
6,714
6,712
6,712
6,712
7,710
5,709
7,708
7,709
5,709
7,706
5,706
6,706
6,706
6,704
6,702
6,704
6,702
7,701
6,700
6,699
5,700
6,698
6,697
6,697
6,697
5,695
6,694
6,693
7,692
6,691
6,690
6,691
6,690
7,688
6,687
6,686
6,687
7,685
5,685
6,683
6,684
6,683
6,683
6,682
6,682
6,682
6,683
6,681
6,682
6,682
6,682
6,680
6,682
5,682
5,681
6,680
5,679
5,681
6,680
5,679
5,680
6,681
5,680
5,680
5,678
6,679
5,680
6,678
6,678
6,678
5,678
6,678
6,679
6,678
6,679
6,677
5,677
6,676
6,677
6,677
6,677
5,677
6,677
5,676
5,675
5,675
6,676
5,674
5,675
6,674
5,674
6,674
5,674
6,673
6,673
6,674
6,673
5,671
6,673
6,673
6,673
6,671
5,671
6,672
5,671
5,669
6,670
5,671
6,673
5,671
6,670
5,671
6,671
6,670
6,670
6,671
5,671
6,671
6,671
5,672
6,671
5,671
6,670
6,671
5,671
5,671
5,669
5,670
6,671
6,669
6,669
5,670
5,671
8,684
5,674
6,673
6,673
5,671
6,670
6,668
5,669
5,669
6,668
5,668
5,668
5,670
5,669
6,669
5,668
5,668
6,668
5,666
6,666
6,667
5,667
5,665
5,666
6,665
6,667
5,665
5,665
6,666
5,665
5,664
6,664
5,665
6,665
5,664
6,663
6,665
6,666
5,665
5,664
6,666
5,667
6,666
5,665
5,666
5,665
5,665
5,666
5,665
5,667
6,667
5,665
5,665
5,666
5,667
6,666
5,666
6,667
6,667
5,666
5,665
6,667
6,668
5,667
5,666
6,667
6,668
6,667
5,666
5,667
5,668
6,668
5,668
5,667
5,669
5,670
5,667
5,669
6,670
6,671
6,670
5,669
6,671
6,672
5,672
5,672
5,674
6,676
6,676
5,677
5,678
6,681
5,682
5,681
5,685
4,686
6,687
5,689
5,690
5,690
6,694
5,694
6,697
5,700
5,700
5,703
6,706
5,707
6,710
6,713
6,714
6,717
5,720
5,722
6,723
5,726
6,730
6,732
6,733
6,735
6,738
5,741
6,743
6,744
6,748
6,750
5,752
5,753
5,756
5,757
5,758
5,761
6,763
6,764
6,764
5,765
6,768
6,769
6,770
6,772
6,773
6,776
6,776
6,777
5,780
6,780
6,780
6,780
6,781
6,783
6,784
6,783
6,784
6,785
6,786
6,786
6,785
6,786
6,787
6,786
7,786
6,786
6,787
6,787
6,786
6,786
6,787
6,786
6,785
6,785
6,786
6,787
7,786
6,786
7,785
6,785
6,785
6,785
6,784
6,784
6,784
6,783
6,783
6,783
6,782
7,782
6,782
6,781
7,779
6,779
6,779
6,779
6,778
7,777
6,776
6,776
6,775
7,774
6,772
6,772
6,773
6,770
6,770
6,770
7,775
6,773
6,770
6,770
6,768
6,766
6,765
6,764
7,763
6,763
7,761
6,761
6,760
7,760
6,758
7,757
6,757
6,756
6,755
7,756
6,754
6,754
6,753
6,752
6,753
6,752
6,752
6,750
6,752
6,753
6,752
6,749
6,751
6,751
6,750
6,750
6,749
6,749
6,748
6,748
6,749
7,749
6,749
6,748
6,747
6,748
7,746
6,746
6,747
7,747
7,747
6,747
6,746
6,746
6,747
6,747
6,746
7,746
6,745
6,745
7,744
6,745
6,745
6,743
6,743
6,742
6,742
6,742
7,740
6,740
6,741
6,743
6,741
6,740
6,740
6,739
6,738
6,737
6,739
6,739
6,738
6,737
6,737
6,737
6,737
6,735
6,736
6,736
6,735
6,735
6,734
6,735
6,735
6,734
6,734
6,734
6,734
6,734
6,733
7,732
6,734
6,733
6,733
6,732
6,733
6,732
6,731
6,732
6,731
6,731
6,731
6,731
6,731
6,731
6,731
7,730
6,731
6,730
5,730
6,730
5,730
6,730
5,729
6,729
6,729
6,728
6,727
6,727
6,726
6,725
7,725
6,723
6,724
6,725
6,723
6,723
6,722
6,722
5,722
6,721
6,721
6,720
7,720
5,721
6,718
5,719
6,718
6,718
6,716
6,717
6,717
6,716
6,716
6,716
6,716
7,716
6,715
6,716
5,715
7,716
5,715
5,714
5,716
6,716
6,715
6,715
6,716
6,716
6,716
6,715
6,716
6,716
6,714
6,714
6,715
6,715
6,714
6,712
6,713
6,712
6,712
6,711
5,711
6,711
5,712
6,712
5,709
6,710
6,710
5,709
5,709
6,709
5,709
5,709
6,708
6,708
5,708
5,708
6,707
5,708
5,708
6,708
7,716
6,714
6,714
5,711
6,709
5,709
5,709
6,709
6,708
6,707
6,708
6,707
5,707
5,707
6,708
5,709
5,707
6,708
5,708
6,709
6,710
6,710
6,711
5,713
5,712
5,714
5,715
5,717
6,718
5,718
6,720
6,723
5,723
6,725
5,725
5,727
6,730
6,732
5,733
6,735
5,737
5,738
5,741
6,743
6,745
6,747
6,749
6,751
6,753
6,754
6,757
6,759
6,761
6,762
6,764
6,766
6,769
6,769
6,772
6,773
6,775
6,777
5,777
6,779
6,781
6,782
6,784
6,784
6,786
6,787
6,788
6,790
6,791
6,793
7,795
6,794
6,795
6,795
6,796
6,797
7,799
6,800
6,801
6,800
6,800
6,801
6,802
7,803
6,803
6,804
7,804
6,803
7,802
6,803
7,805
6,804
6,803
6,805
7,805
6,805
6,804
7,805
7,805
6,803
6,805
6,804
6,805
6,806
6,805
7,804
6,803
7,804
6,803
6,802
6,801
6,802
7,801
7,800
6,800
6,800
6,800
6,798
6,799
6,797
6,797
6,797
6,796
7,796
7,797
6,794
7,793
6,794
6,792
6,791
5,791
7,790
6,790
7,789
5,788
6,788
7,788
6,786
6,785
7,785
7,786
7,785
6,782
6,782
6,782
6,781
6,780
6,780
6,779
7,778
6,778
6,777
8,777
7,776
6,775
6,774
6,776
6,775
7,775
6,773
7,774
6,774
6,772
6,772
7,772
7,772
7,770
6,768
6,769
6,770
6,769
7,767
6,767
6,768
6,768
7,767
7,767
7,768
6,767
7,764
7,766
6,766
6,765
7,764
6,762
6,763
7,764
6,762
6,760
6,761
7,761
6,760
6,761
6,761
6,760
8,760
6,759
6,757
6,758
7,759
7,757
7,773
6,764
7,761
7,760
6,758
7,756
7,755
6,754
6,754
6,754
6,754
7,753
6,751
6,752
7,751
7,750
6,750
6,750
6,749
7,750
7,748
6,748
6,748
6,747
6,746
6,745
6,744
6,744
6,742
6,742
6,741
6,742
7,742
6,742
6,741
7,740
6,740
7,738
6,738
7,738
6,738
6,738
6,738
6,739
6,737
6,737
5,736
6,735
7,735
6,734
7,733
6,733
6,734
6,733
6,732
6,733
6,733
6,731
6,731
6,730
6,730
6,729
6,729
6,729
6,729
6,728
6,727
6,726
7,727
6,727
6,726
6,725
6,726
6,725
7,725
6,724
6,724
6,723
6,723
6,722
5,722
6,723
6,722
6,722
6,722
6,723
6,722
6,720
6,720
5,720
6,719
6,719
6,720
6,719
6,719
6,716
6,716
6,717
6,717
6,716
6,716
6,716
6,716
6,714
6,714
6,714
6,714
6,713
5,712
6,713
6,714
6,714
6,712
6,713
5,714
6,713
6,711
6,712
6,713
6,712
6,711
5,711
6,711
6,712
7,712
6,711
6,710
6,709
6,708
6,708
5,708
6,709
6,709
6,709
6,709
7,711
6,709
6,710
5,710
6,712
6,712
6,711
6,711
6,712
5,713
6,714
6,715
6,715
6,716
5,716
6,717
6,718
6,719
6,721
6,721
6,724
6,725
6,727
6,728
6,729
6,731
6,733
6,734
6,737
6,739
7,741
6,742
5,745
6,746
6,749
6,750
6,751
6,754
6,757
6,759
6,759
5,762
6,764
6,765
6,767
5,769
6,771
6,772
6,773
6,775
6,777
6,778
6,780
6,781
6,784
6,787
6,786
6,788
5,791
6,791
6,790
6,793
6,794
6,795
6,797
6,796
6,799
7,799
8,813
6,805
6,805
6,805
6,804
6,804
6,804
6,805
6,805
6,804
6,807
6,806
6,807
6,806
6,807
6,807
6,806
6,806
6,804
7,807
6,806
6,806
6,805
7,805
6,804
6,803
6,802
7,804
7,804
6,805
6,804
6,804
7,804
7,805
6,803
7,804
6,803
7,803
7,802
7,802
6,801
6,800
6,799
7,799
6,798
6,797
6,796
7,797
6,796
6,795
7,795
7,794
7,794
6,794
7,793
6,790
7,790
6,791
5,789
6,789
6,787
7,788
6,787
6,785
7,784
7,783
6,782
7,782
7,781
7,780
6,781
7,780
7,777
7,779
6,777
6,774
6,774
6,774
6,773
7,773
6,771
6,771
6,770
6,768
6,768
6,766
6,766
6,764
6,763
7,763
6,762
7,762
6,761
6,758
6,759
6,758
6,756
6,756
6,756
6,755
6,754
6,754
7,752
6,753
7,751
7,751
6,748
6,750
7,748
6,747
6,746
6,747
6,746
6,746
7,745
6,745
6,745
6,742
7,742
6,742
6,740
6,740
6,741
6,740
6,739
6,737
6,737
6,737
6,736
7,735
7,734
6,733
7,733
6,732
6,731
6,731
6,730
7,729
6,729
6,728
6,727
7,726
6,725
6,724
6,724
6,722
7,721
6,722
6,722
6,721
6,720
6,718
6,719
5,718
5,719
6,719
6,718
6,717
6,718
6,717
6,716
6,716
6,717
6,716
6,715
6,715
7,715
6,716
6,714
6,713
6,713
6,713
5,712
7,712
6,710
6,710
6,711
6,711
6,710
6,710
6,708
6,709
7,709
6,710
6,707
6,706
6,707
6,705
6,705
6,703
6,704
6,703
6,702
6,701
6,701
6,701
6,701
7,701
5,700
6,700
6,698
7,699
6,699
6,699
6,718
6,701
6,701
6,699
5,698
7,697
6,697
6,697
5,697
6,696
5,696
6,697
5,696
6,696
6,696
5,696
6,695
6,695
7,694
6,695
6,695
6,695
6,694
6,694
6,694
5,694
6,694
6,694
5,694
7,693
6,693
6,693
6,693
6,694
5,694
6,693
5,692
6,693
6,692
6,691
6,692
6,691
6,692
5,690
6,690
6,690
6,690
6,690
6,690
6,691
6,689
6,688
6,688
6,689
6,688
6,688
6,687
6,688
5,689
6,689
6,688
6,689
5,689
6,688
5,688
6,689
6,689
6,688
5,688
6,689
5,691
6,690
6,691
6,691
5,692
6,693
6,693
5,695
5,697
6,699
6,698
6,701
6,703
6,705
6,706
6,708
6,709
5,710
5,713
6,715
6,716
5,718
6,719
6,721
6,724
6,726
6,727
6,730
6,732
6,736
6,737
6,739
5,741
6,744
6,746
5,746
5,750
6,751
5,753
6,754
5,757
6,759
5,760
5,761
6,762
6,765
5,766
6,768
5,770
6,770
6,772
6,774
6,774
6,777
5,776
6,778
6,779
6,779
6,780
6,782
6,783
6,784
6,786
6,786
6,786
6,787
6,788
6,789
6,789
6,789
6,790
5,791
5,791
6,793
6,792
6,794
6,793
6,794
6,795
6,794
6,795
5,795
6,794
6,795
6,796
6,795
7,796
6,796
7,796
6,795
6,795
6,796
6,795
6,795
6,795
6,796
6,795
6,794
6,795
6,793
6,794
6,794
6,793
6,793
7,792
6,792
7,792
6,791
6,791
7,790
6,788
6,788
6,788
7,789
6,786
7,787
6,784
7,785
6,784
6,784
6,782
6,782
6,782
6,781
6,779
6,778
6,776
7,778
7,775
6,775
7,775
4,789
5,786
7,776
6,774
6,771
6,768
6,766
6,766
6,764
7,764
6,763
6,762
7,760
7,761
6,758
6,759
6,758
6,757
7,758
7,757
6,756
6,755
6,754
7,756
6,755
6,754
6,754
6,753
7,755
6,754
7,754
5,753
6,753
7,753
6,753
7,752
6,753
6,753
7,753
6,754
6,754
7,754
6,754
6,754
6,756
6,755
6,755
6,754
6,755
6,754
6,755
6,754
6,755
7,756
6,755
6,755
7,756
6,755
6,754
6,753
6,753
7,754
7,753
6,752
6,751
6,750
6,750
7,749
6,749
6,749
6,748
6,747
7,746
6,746
6,744
6,744
5,743
6,742
5,741
6,738
6,736
6,737
6,737
6,737
6,737
6,739
5,739
6,741
6,741
6,741
6,742
5,741
6,741
6,739
5,737
6,736
7,735
6,735
6,734
6,734
6,733
6,731
6,732
5,732
6,732
6,729
6,731
6,731
6,729
7,730
6,730
6,728
6,727
6,727
6,728
7,729
6,729
6,729
6,728
6,728
6,729
6,726
7,727
6,726
6,724
6,723
6,723
6,723
6,724
6,724
5,723
6,725
5,726
7,725
6,726
6,725
6,727
7,727
6,726
6,727
6,727
6,727
6,726
6,725
6,726
7,725
6,725
6,724
6,725
6,725
6,724
6,724
6,723
7,723
5,722
6,721
6,721
6,720
5,721
6,719
5,720
6,720
6,720
6,718
7,718
5,719
6,717
6,716
6,716
6,716
6,716
6,715
6,717
7,717
6,717
6,716
5,715
6,715
5,715
6,714
5,715
6,713
7,716
6,714
6,712
6,714
6,712
6,712
5,712
6,712
6,713
6,713
6,712
6,712
5,713
6,712
6,712
5,711
6,711
5,711
6,711
6,727
7,719
5,720
5,717
6,716
6,717
6,718
6,717
5,718
5,718
6,721
6,720
6,720
5,721
7,724
5,725
5,726
6,727
6,730
5,731
6,732
6,733
5,737
6,739
6,740
6,742
6,745
6,747
5,749
6,751
6,754
6,757
5,759
6,760
6,762
6,765
6,767
5,770
6,773
6,774
6,777
5,777
7,779
6,781
6,783
6,785
6,787
7,789
6,792
5,792
7,793
7,796
7,798
6,797
7,799
5,800
7,804
6,802
6,803
6,805
6,807
8,808
6,808
7,809
6,812
6,811
6,810
6,812
6,813
7,815
6,815
6,814
6,816
7,817
6,816
6,817
6,819
7,820
7,820
7,820
7,820
7,821
6,822
7,822
7,821
6,824
6,822
7,821
7,821
6,821
7,822
6,822
7,821
6,822
7,822
7,819
7,820
7,821
7,821
7,819
7,818
6,819
6,820
6,817
6,817
7,817
6,817
6,816
7,814
7,814
6,814
6,813
6,812
7,812
6,813
6,812
6,810
7,809
7,810
7,809
6,807
7,806
7,806
7,804
6,803
7,801
7,803
6,799
7,799
7,796
7,797
6,797
6,795
7,794
7,793
6,791
7,791
6,788
7,788
6,788
6,787
6,785
7,785
6,783
7,782
6,780
6,779
6,778
6,779
6,776
6,774
7,776
7,775
6,773
6,771
7,771
6,771
6,769
7,765
7,765
7,764
6,762
6,761
6,760
6,761
7,760
6,759
6,758
6,758
7,758
6,755
6,755
6,755
6,755
7,753
6,752
6,753
6,753
6,751
6,750
6,749
6,750
6,748
6,748
6,748
6,749
6,748
7,746
6,746
7,747
6,747
7,745
6,745
7,745
6,745
6,744
6,744
6,744
6,745
6,743
6,743
6,742
7,754
6,747
6,744
7,743
6,743
7,742
6,739
6,739
6,740
7,739
6,736
5,737
6,737
7,738
5,735
6,734
6,734
6,733
6,732
6,731
6,733
6,731
6,730
6,728
6,730
6,729
6,728
6,727
6,729
6,729
6,727
6,725
6,725
6,726
7,724
6,724
6,723
6,724
6,724
6,723
6,721
6,721
6,721
6,720
6,719
6,719
6,720
6,718
6,716
6,720
6,718
6,716
6,715
6,716
6,715
6,715
6,712
6,712
6,712
6,712
6,710
5,710
6,711
6,711
6,709
6,709
6,708
6,709
6,707
6,707
6,707
6,706
6,707
6,705
6,706
6,706
6,705
6,703
6,704
6,704
6,704
6,701
6,702
6,702
6,702
7,700
6,701
6,702
5,701
6,699
6,700
6,699
6,699
6,698
6,696
6,697
6,698
6,697
6,696
6,697
6,697
6,697
6,694
6,695
6,696
6,695
6,694
6,694
6,694
6,693
6,692
5,692
6,691
7,692
6,693
6,692
6,692
6,693
6,691
6,691
6,692
6,692
6,691
6,690
6,691
5,692
6,690
6,690
6,691
6,692
5,691
6,690
5,691
6,693
5,693
6,692
6,693
6,693
6,696
6,694
6,696
6,699
6,700
6,700
6,701
6,704
5,706
5,707
5,708
5,710
6,714
5,715
6,716
6,720
6,722
6,724
6,725
5,728
5,732
6,735
5,735
6,738
6,740
6,743
6,744
6,747
6,751
5,752
6,754
6,757
6,760
6,763
5,765
6,765
6,769
6,772
6,774
6,774
6,777
6,781
6,782
6,783
6,785
5,789
6,789
6,791
6,793
5,794
5,797
6,796
6,797
6,799
6,802
6,802
6,803
6,805
6,806
6,806
6,807
7,808
6,818
7,816
7,814
6,815
7,817
6,816
6,815
6,815
6,816
6,816
7,816
7,818
6,818
6,819
6,816
6,816
6,819
6,819
6,818
7,818
6,818
6,819
7,819
6,817
6,819
6,821
7,820
6,819
6,817
6,820
6,821
6,818
7,817
7,819
7,819
6,817
6,815
6,817
6,817
7,815
7,814
6,814
7,814
7,813
6,812
7,812
6,811
7,809
7,808
7,808
7,808
6,806
6,804
6,806
6,806
7,804
7,803
6,802
7,802
7,801
6,797
6,797
6,798
6,797
7,795
6,794
6,794
7,793
6,791
7,790
6,790
6,791
6,790
6,786
7,787
6,786
7,784
7,783
7,782
7,782
6,781
7,780
7,780
7,780
6,779
6,776
7,777
6,777
7,775
6,774
7,773
7,773
6,772
6,771
7,769
7,770
6,769
7,769
6,768
7,768
6,767
6,765
7,764
7,763
7,765
6,763
6,760
6,759
7,761
6,759
6,758
7,758
6,757
6,757
6,756
6,754
6,755
7,755
6,753
6,752
6,753
6,752
6,750
6,749
7,750
6,750
7,749
6,746
7,747
6,747
6,746
6,744
6,743
6,744
6,742
6,740
6,739
6,741
6,740
6,738
7,736
6,737
6,736
7,735
7,734
7,735
6,735
6,734
7,731
7,731
6,732
7,731
6,729
6,729
7,729
6,727
6,726
6,725
6,724
6,724
6,722
6,722
6,722
6,722
7,721
6,720
7,720
7,720
6,719
6,717
6,716
6,717
6,716
6,713
6,714
7,713
6,713
6,712
6,710
6,711
6,710
6,708
6,709
6,707
6,706
6,705
5,704
6,706
6,705
7,702
6,702
7,702
6,701
5,699
6,698
6,700
6,699
7,698
6,697
6,697
5,697
6,696
5,694
6,695
6,713
6,700
6,697
6,695
7,696
6,694
5,691
6,690
6,690
5,691
6,690
6,688
5,689
6,689
5,688
5,686
7,686
6,687
6,686
6,685
5,685
6,684
5,684
6,683
6,682
6,683
5,682
5,682
6,681
6,682
6,682
5,680
6,679
6,679
5,680
6,680
5,677
6,677
6,678
5,677
6,677
5,676
6,679
5,677
6,676
6,676
5,677
5,678
5,674
6,675
7,676
6,675
6,673
5,672
6,674
6,674
5,672
5,672
6,672
6,673
5,671
6,671
6,672
5,672
6,672
5,670
6,671
6,672
5,671
5,670
5,671
6,673
6,673
6,672
5,673
5,675
6,674
5,675
5,674
6,678
6,678
6,678
5,680
6,682
6,685
6,686
6,687
6,691
5,692
6,695
5,694
5,698
6,702
6,704
6,704
5,709
6,712
6,714
6,716
6,719
6,722
6,724
6,726
6,729
6,731
5,734
6,737
6,738
6,743
6,745
5,746
5,748
6,751
6,755
6,756
6,758
6,761
5,763
6,765
6,766
6,769
5,773
5,775
6,774
6,776
5,779
5,781
6,782
6,783
5,785
6,788
5,788
6,789
6,791
6,794
6,795
6,794
6,796
6,798
6,799
6,800
6,801
6,804
5,804
7,804
6,804
6,806
6,807
6,806
6,807
7,809
5,809
7,809
7,810
7,811
7,811
6,811
7,809
6,813
7,813
7,812
6,811
6,812
6,812
5,812
7,810
6,812
6,813
7,812
6,811
7,811
7,811
6,810
7,810
6,810
7,810
7,809
7,809
6,807
6,808
7,808
7,806
7,805
6,806
7,806
6,803
6,802
7,802
6,802
7,800
7,798
7,798
6,798
7,797
6,794
7,794
6,794
7,794
6,792
7,790
6,791
7,790
8,793
6,792
6,790
7,789
6,786
7,784
6,783
6,782
6,780
6,780
6,780
6,778
7,775
6,774
6,774
7,773
7,773
6,769
6,770
6,770
7,769
7,768
7,767
7,766
6,767
7,764
7,762
6,762
6,761
6,760
6,759
6,758
6,759
6,757
7,754
6,755
6,756
6,754
6,752
7,752
6,752
6,751
6,750
6,749
6,750
6,749
6,747
6,747
6,748
6,748
6,745
6,745
6,745
6,744
6,742
6,740
6,741
6,741
6,741
6,738
6,738
6,739
6,738
6,736
6,735
6,736
6,735
6,732
6,731
6,733
6,732
6,730
6,729
6,730
6,729
6,727
7,725
6,726
6,726
6,723
6,723
6,723
6,723
6,722
6,721
6,720
6,720
6,718
6,716
6,716
6,717
6,716
6,715
6,714
6,713
6,713
6,711
6,710
6,711
6,711
7,709
7,706
6,709
6,708
6,706
6,705
6,705
6,705
6,703
6,702
6,702
6,703
6,701
6,700
6,700
6,700
6,700
6,697
6,697
6,698
6,697
6,694
6,694
6,695
6,696
5,693
6,692
6,693
6,693
5,692
6,690
6,690
5,690
6,690
6,688
6,687
6,688
6,687
6,685
6,685
6,685
6,684
6,683
6,683
7,684
6,683
6,682
6,682
5,682
6,682
6,680
6,679
6,680
6,679
6,677
6,677
6,676
6,678
6,676
6,675
6,676
6,676
6,674
6,672
6,672
6,672
6,671
6,669
5,670
6,669
6,670
6,668
6,667
6,668
6,668
6,665
6,664
5,666
5,665
6,664
6,663
6,664
6,664
6,664
6,662
6,662
5,663
6,661
5,659
6,660
6,661
6,661
5,659
6,659
6,660
6,659
6,659
5,657
6,658
6,659
6,656
3,674
6,663
5,662
6,661
5,659
6,658
6,659
5,658
5,657
5,656
6,657
5,656
5,655
6,655
6,658
6,657
6,655
6,656
6,657
6,657
6,656
5,656
6,656
6,657
6,657
5,656
6,659
6,661
5,660
6,660
6,663
6,663
5,665
6,665
6,669
6,671
6,672
6,673
6,676
5,679
5,681
6,683
6,685
6,689
6,692
6,694
6,697
5,700
6,703
5,706
5,708
5,710
5,715
6,716
5,718
6,722
5,725
5,726
5,729
5,732
6,737
5,740
5,741
5,743
5,747
6,750
6,751
6,753
5,759
6,759
6,762
6,763
6,768
6,770
6,772
6,774
5,776
5,778
5,780
5,781
6,784
5,787
6,788
6,789
6,791
5,793
7,795
5,795
5,796
6,799
5,800
5,799
6,800
6,803
6,804
6,802
7,804
5,807
6,809
5,807
6,807
6,808
6,810
6,810
6,810
6,812
6,812
7,812
6,810
6,811
6,811
6,813
5,813
6,813
6,814
6,813
6,813
6,812
7,815
7,815
6,813
6,813
7,813
6,814
6,811
6,811
6,813
6,812
6,810
7,810
7,810
6,810
6,809
7,806
6,806
6,806
7,806
6,804
6,803
7,803
6,803
6,800
6,800
6,799
7,799
6,797
6,796
6,796
6,795
6,794
6,791
7,791
7,792
6,789
7,787
7,789
6,788
6,788
6,784
6,784
6,785
7,784
6,782
6,780
7,782
6,780
6,780
7,780
6,780
7,780
6,778
6,776
6,778
7,778
7,777
6,776
6,776
6,777
7,776
7,774
6,774
7,774
6,773
6,772
7,773
7,773
5,772
7,771
7,771
6,770
7,770
6,769
7,768
6,769
6,768
6,767
6,765
7,766
6,766
6,764
6,782
6,770
6,768
7,766
6,764
6,764
7,764
6,762
6,760
6,759
6,759
6,758
7,756
6,755
5,756
6,755
6,752
6,750
6,751
7,751
6,749
6,747
7,748
7,747
6,745
6,744
6,745
6,744
6,742
6,740
6,739
6,739
7,738
6,735
6,735
6,733
6,732
6,729
6,729
6,727
5,726
6,724
6,722
6,721
7,721
6,719
6,717
6,717
6,716
6,713
6,711
6,712
6,710
6,709
6,707
6,706
6,705
6,703
7,701
5,701
6,702
6,700
6,698
6,698
6,699
6,697
6,693
6,693
6,693
6,691
7,688
6,688
6,688
6,688
6,685
6,683
6,684
6,684
6,683
6,680
5,679
6,679
6,679
6,676
6,675
6,676
5,675
6,674
6,674
6,673
6,672
6,670
6,671
6,669
7,669
5,668
6,667
6,667
5,666
5,665
5,663
6,664
6,664
6,660
6,659
5,660
5,660
6,660
6,656
6,655
5,656
6,654
6,652
5,652
6,653
5,652
6,651
6,650
5,650
6,649
6,649
6,647
5,647
6,648
6,645
6,645
6,645
4,645
5,643
6,643
6,642
6,641
6,641
5,641
5,640
6,640
5,638
6,637
6,637
6,637
6,636
5,635
5,635
5,633
5,634
5,633
5,632
5,632
6,632
6,632
5,631
5,632
4,632
6,631
5,631
5,630
6,631
5,632
5,631
5,631
5,632
5,632
5,631
5,631
6,633
5,633
6,631
6,633
5,633
4,634
5,633
5,632
5,633
6,636
4,636
5,634
6,636
4,636
5,637
5,636
4,636
5,638
5,640
5,639
5,642
4,642
5,644
5,645
6,646
6,651
4,650
5,651
6,654
6,657
5,659
5,662
6,663
5,665
5,671
5,671
5,674
6,699
5,688
5,689
6,689
5,691
6,696
6,698
6,699
5,703
6,708
6,710
5,712
6,716
5,721
5,723
6,726
6,729
6,733
6,735
5,737
6,741
6,745
5,750
5,751
5,752
7,756
6,761
5,762
6,765
5,767
6,772
6,773
6,774
6,778
5,780
5,782
5,783
6,784
6,786
6,788
5,790
6,791
6,793
6,795
6,796
6,796
5,799
6,801
5,800
6,801
6,802
6,804
6,805
6,806
6,806
6,809
5,808
6,808
5,809
6,810
6,810
6,810
6,810
6,812
6,812
6,812
6,811
6,813
7,812
5,811
7,811
6,812
6,812
5,811
6,809
6,810
6,810
6,809
7,809
5,809
7,809
6,809
6,807
7,806
6,805
6,805
7,804
7,802
6,802
7,803
7,800
6,800
7,799
6,799
7,797
7,796
6,796
6,796
6,794
6,792
6,791
6,791
6,789
7,787
7,786
6,786
7,785
6,784
6,781
6,781
6,780
7,777
6,776
6,776
6,775
6,773
6,772
6,772
6,771
6,770
6,769
6,768
6,767
7,765
6,763
6,764
6,763
6,762
6,760
6,759
6,759
6,757
7,756
6,755
6,756
6,755
6,752
6,751
7,750
6,750
6,748
6,747
6,749
6,747
6,745
6,744
6,743
7,744
7,741
7,742
6,741
6,741
6,739
6,738
7,738
6,738
6,739
7,737
7,737
6,736
6,737
6,735
7,733
6,734
6,734
6,732
6,731
6,731
6,729
6,728
6,728
6,730
6,729
6,727
6,726
6,726
6,727
6,725
6,723
6,724
6,724
6,723
6,720
6,720
6,720
6,720
6,717
6,716
6,718
6,718
6,716
6,716
6,714
6,715
6,714
6,713
6,712
6,712
6,710
6,709
6,709
6,709
7,713
6,713
6,711
6,709
6,709
6,706
6,706
6,705
6,706
6,703
6,701
6,702
5,701
6,700
6,697
6,698
6,698
6,696
6,694
6,693
6,693
7,693
6,691
6,693
6,691
6,690
6,689
6,689
6,689
6,687
6,687
5,685
6,686
6,685
6,683
6,682
6,683
6,683
6,682
5,680
6,681
6,680
6,679
7,679
6,678
6,680
6,678
6,677
6,678
6,679
6,677
6,674
6,676
6,676
6,677
6,674
6,674
6,674
6,675
6,672
6,672
6,673
6,673
6,671
6,670
6,670
6,671
6,669
6,668
6,668
6,668
6,667
6,667
5,668
6,667
6,666
5,665
6,665
6,667
6,666
6,665
6,666
5,665
6,667
6,664
5,664
6,665
5,665
6,663
6,662
5,664
5,664
6,662
6,662
6,662
5,663
6,662
6,660
5,660
5,662
5,661
5,660
6,661
6,661
6,661
6,659
6,659
6,659
6,659
5,658
5,658
5,659
6,658
6,657
5,656
6,658
6,657
6,657
6,657
5,659
6,658
6,657
5,658
5,658
6,658
6,657
6,655
6,656
5,657
5,657
6,656
5,655
5,657
6,657
5,655
5,655
5,657
5,658
6,656
6,657
6,659
5,660
5,660
6,659
6,661
5,664
6,663
5,665
6,666
6,668
6,670
6,671
5,673
5,676
5,679
5,678
5,681
6,684
6,688
6,689
5,693
6,696
6,698
6,700
6,702
6,706
5,708
6,710
6,712
5,715
6,719
5,722
5,723
5,727
6,730
6,734
6,736
6,739
6,743
5,745
5,747
5,749
6,752
6,755
6,757
6,758
7,762
6,765
6,766
5,768
6,769
6,774
6,774
6,776
6,779
6,780
6,782
6,783
6,784
6,788
7,800
6,795
6,795
6,797
6,796
6,796
6,796
6,798
6,799
7,798
6,797
6,800
6,800
6,801
5,801
6,803
6,804
6,803
5,804
5,805
7,805
6,805
7,805
7,807
5,807
6,807
6,807
6,807
6,809
6,809
7,806
7,806
7,807
6,807
7,806
7,806
6,808
6,809
6,808
6,807
7,807
6,808
6,807
6,807
7,807
6,807
7,807
5,806
6,806
7,807
6,807
6,805
6,806
6,806
7,806
6,803
7,803
6,804
7,803
7,802
6,800
6,802
7,802
7,800
6,800
7,800
6,798
6,798
6,796
6,796
6,797
7,795
7,793
7,793
6,794
6,791
7,791
7,791
6,790
6,789
6,787
6,786
6,786
6,785
7,783
7,782
6,782
7,781
7,779
6,778
7,778
7,779
6,777
7,774
7,777
7,775
6,775
6,773
6,774
6,773
6,772
7,771
6,771
6,770
7,769
6,767
7,767
6,768
7,767
6,767
6,765
7,765
6,765
6,765
7,763
6,764
6,764
6,762
7,761
7,761
7,761
6,759
6,758
6,757
6,758
7,757
7,755
6,754
6,756
7,754
7,753
6,753
6,752
6,752
6,750
6,749
6,751
6,750
6,747
5,746
5,746
6,746
6,745
6,743
6,742
6,742
6,741
6,739
6,738
6,739
6,737
6,736
6,734
6,735
6,733
6,731
7,731
6,731
6,730
6,728
6,727
6,727
7,728
6,726
7,724
6,723
6,724
6,722
6,722
6,721
6,722
6,720
6,718
6,717
6,716
6,716
6,715
6,714
6,715
6,712
7,711
6,710
6,710
6,710
6,707
6,705
5,706
5,705
6,704
6,701
5,701
6,702
6,700
5,699
7,698
7,699
6,695
6,693
7,693
6,693
6,693
4,709
6,695
6,694
5,692
6,688
5,686
5,686
6,685
6,682
5,681
5,682
6,681
5,680
5,677
6,677
6,678
6,677
5,675
6,676
6,676
6,677
6,674
6,673
5,674
5,673
6,670
6,670
5,671
6,671
5,669
5,668
6,668
5,668
5,666
6,665
6,666
6,667
5,663
6,662
5,662
6,663
5,662
5,661
6,661
6,663
6,661
6,659
6,660
6,660
6,658
5,658
5,658
6,659
5,658
5,656
5,656
6,656
5,656
5,654
5,654
5,653
5,655
5,655
6,653
5,651
5,654
5,652
6,650
5,653
5,653
5,652
5,652
5,652
5,652
5,650
6,650
6,650
5,651
5,651
6,649
5,648
5,649
6,651
6,649
5,648
5,649
6,649
4,648
6,647
5,648
5,650
5,649
5,648
6,649
5,651
6,651
6,650
6,650
6,651
5,650
6,650
5,649
6,652
5,652
5,652
6,652
5,653
6,654
6,654
5,653
5,656
6,657
6,656
5,656
5,658
5,659
5,660
6,660
5,662
6,665
5,667
5,666
6,669
6,671
6,673
5,675
5,677
5,681
6,683
6,685
5,686
6,690
6,694
6,697
6,699
5,703
5,706
5,708
6,712
5,716
6,719
5,723
6,725
6,729
6,733
5,735
5,739
5,742
5,746
6,749
6,751
5,753
6,758
5,761
6,760
4,764
5,769
6,772
5,774
6,777
6,779
6,783
5,785
6,786
6,789
6,792
6,794
5,795
6,796
5,800
6,801
6,802
6,804
6,807
6,809
6,808
6,810
6,812
5,813
8,813
6,814
6,816
6,818
6,817
7,819
6,821
6,822
6,821
6,820
7,822
6,822
6,823
6,823
6,824
6,825
6,824
7,825
6,825
6,826
7,825
6,824
6,825
6,825
5,839
6,829
6,828
6,826
6,826
6,824
7,822
7,821
6,822
7,820
6,818
6,818
6,815
7,814
6,813
6,813
6,813
7,812
6,809
6,809
6,810
6,808
7,807
6,806
7,807
7,807
7,804
6